Determining if compiler supports needed C++17 constructs failed with the following output:
Change Dir: /home/ewjung/space/cmake/cmake-3.18.4/CMakeFiles/CMakeTmp

Run Build Command(s):/usr/bin/make cmTC_e7bf6/fast && make  -f CMakeFiles/cmTC_e7bf6.dir/build.make CMakeFiles/cmTC_e7bf6.dir/build
make[1]: 디렉터리 '/media/ewjung/f6813a7e-ee48-4924-8e7d-d3641b6cc72d/ew_space/cmake/cmake-3.18.4/CMakeFiles/CMakeTmp' 들어감
Building CXX object CMakeFiles/cmTC_e7bf6.dir/cm_cxx17_check.cpp.o
/usr/bin/g++   -std=gnu++1z -o CMakeFiles/cmTC_e7bf6.dir/cm_cxx17_check.cpp.o -c /home/ewjung/space/cmake/cmake-3.18.4/Source/Checks/cm_cxx17_check.cpp
/home/ewjung/space/cmake/cmake-3.18.4/Source/Checks/cm_cxx17_check.cpp:4:20: fatal error: optional: 그런 파일이나 디렉터리가 없습니다
compilation terminated.
CMakeFiles/cmTC_e7bf6.dir/build.make:84: 'CMakeFiles/cmTC_e7bf6.dir/cm_cxx17_check.cpp.o' 타겟에 대한 명령이 실패했습니다
make[1]: *** [CMakeFiles/cmTC_e7bf6.dir/cm_cxx17_check.cpp.o] 오류 1
make[1]: 디렉터리 '/media/ewjung/f6813a7e-ee48-4924-8e7d-d3641b6cc72d/ew_space/cmake/cmake-3.18.4/CMakeFiles/CMakeTmp' 나감
Makefile:140: 'cmTC_e7bf6/fast' 타겟에 대한 명령이 실패했습니다
make: *** [cmTC_e7bf6/fast] 오류 2



Determining if the environ exist failed with the following output:
Change Dir: /home/ewjung/space/cmake/cmake-3.18.4/CMakeFiles/CMakeTmp

Run Build Command(s):/usr/bin/make cmTC_0c382/fast && make  -f CMakeFiles/cmTC_0c382.dir/build.make CMakeFiles/cmTC_0c382.dir/build
make[1]: 디렉터리 '/media/ewjung/f6813a7e-ee48-4924-8e7d-d3641b6cc72d/ew_space/cmake/cmake-3.18.4/CMakeFiles/CMakeTmp' 들어감
Building C object CMakeFiles/cmTC_0c382.dir/CheckSymbolExists.c.o
/usr/bin/gcc   -std=gnu11 -o CMakeFiles/cmTC_0c382.dir/CheckSymbolExists.c.o -c /home/ewjung/space/cmake/cmake-3.18.4/CMakeFiles/CMakeTmp/CheckSymbolExists.c
/home/ewjung/space/cmake/cmake-3.18.4/CMakeFiles/CMakeTmp/CheckSymbolExists.c: In function ‘main’:
/home/ewjung/space/cmake/cmake-3.18.4/CMakeFiles/CMakeTmp/CheckSymbolExists.c:8:19: error: ‘environ’ undeclared (first use in this function)
   return ((int*)(&environ))[argc];
                   ^
/home/ewjung/space/cmake/cmake-3.18.4/CMakeFiles/CMakeTmp/CheckSymbolExists.c:8:19: note: each undeclared identifier is reported only once for each function it appears in
CMakeFiles/cmTC_0c382.dir/build.make:84: 'CMakeFiles/cmTC_0c382.dir/CheckSymbolExists.c.o' 타겟에 대한 명령이 실패했습니다
make[1]: *** [CMakeFiles/cmTC_0c382.dir/CheckSymbolExists.c.o] 오류 1
make[1]: 디렉터리 '/media/ewjung/f6813a7e-ee48-4924-8e7d-d3641b6cc72d/ew_space/cmake/cmake-3.18.4/CMakeFiles/CMakeTmp' 나감
Makefile:140: 'cmTC_0c382/fast' 타겟에 대한 명령이 실패했습니다
make: *** [cmTC_0c382/fast] 오류 2


File /home/ewjung/space/cmake/cmake-3.18.4/CMakeFiles/CMakeTmp/CheckSymbolExists.c:
/* */
#include <stdlib.h>

int main(int argc, char** argv)
{
  (void)argv;
#ifndef environ
  return ((int*)(&environ))[argc];
#else
  (void)argc;
  return 0;
#endif
}
Performing C SOURCE FILE Test CMAKE_HAVE_LIBC_PTHREAD failed with the following output:
Change Dir: /home/ewjung/space/cmake/cmake-3.18.4/CMakeFiles/CMakeTmp

Run Build Command(s):/usr/bin/make cmTC_fa42b/fast && make  -f CMakeFiles/cmTC_fa42b.dir/build.make CMakeFiles/cmTC_fa42b.dir/build
make[1]: 디렉터리 '/media/ewjung/f6813a7e-ee48-4924-8e7d-d3641b6cc72d/ew_space/cmake/cmake-3.18.4/CMakeFiles/CMakeTmp' 들어감
Building C object CMakeFiles/cmTC_fa42b.dir/src.c.o
/usr/bin/gcc   -DCMAKE_HAVE_LIBC_PTHREAD -std=gnu11 -o CMakeFiles/cmTC_fa42b.dir/src.c.o -c /home/ewjung/space/cmake/cmake-3.18.4/CMakeFiles/CMakeTmp/src.c
Linking C executable cmTC_fa42b
/media/ewjung/f6813a7e-ee48-4924-8e7d-d3641b6cc72d/ew_space/cmake/cmake-3.18.4/Bootstrap.cmk/cmake -E cmake_link_script CMakeFiles/cmTC_fa42b.dir/link.txt --verbose=1
/usr/bin/gcc  -DCMAKE_HAVE_LIBC_PTHREAD CMakeFiles/cmTC_fa42b.dir/src.c.o -o cmTC_fa42b 
CMakeFiles/cmTC_fa42b.dir/src.c.o: In function `main':
src.c:(.text+0x3c): undefined reference to `pthread_create'
src.c:(.text+0x48): undefined reference to `pthread_detach'
src.c:(.text+0x54): undefined reference to `pthread_cancel'
src.c:(.text+0x65): undefined reference to `pthread_join'
src.c:(.text+0x79): undefined reference to `pthread_atfork'
collect2: error: ld returned 1 exit status
CMakeFiles/cmTC_fa42b.dir/build.make:105: 'cmTC_fa42b' 타겟에 대한 명령이 실패했습니다
make[1]: *** [cmTC_fa42b] 오류 1
make[1]: 디렉터리 '/media/ewjung/f6813a7e-ee48-4924-8e7d-d3641b6cc72d/ew_space/cmake/cmake-3.18.4/CMakeFiles/CMakeTmp' 나감
Makefile:140: 'cmTC_fa42b/fast' 타겟에 대한 명령이 실패했습니다
make: *** [cmTC_fa42b/fast] 오류 2


Source file was:
#include <pthread.h>

void* test_func(void* data)
{
  return data;
}

int main(void)
{
  pthread_t thread;
  pthread_create(&thread, NULL, test_func, NULL);
  pthread_detach(thread);
  pthread_cancel(thread);
  pthread_join(thread, NULL);
  pthread_atfork(NULL, NULL, NULL);
  pthread_exit(NULL);

  return 0;
}

Determining if the function pthread_create exists in the pthreads failed with the following output:
Change Dir: /home/ewjung/space/cmake/cmake-3.18.4/CMakeFiles/CMakeTmp

Run Build Command(s):/usr/bin/make cmTC_5636d/fast && make  -f CMakeFiles/cmTC_5636d.dir/build.make CMakeFiles/cmTC_5636d.dir/build
make[1]: 디렉터리 '/media/ewjung/f6813a7e-ee48-4924-8e7d-d3641b6cc72d/ew_space/cmake/cmake-3.18.4/CMakeFiles/CMakeTmp' 들어감
Building C object CMakeFiles/cmTC_5636d.dir/CheckFunctionExists.c.o
/usr/bin/gcc   -DCHECK_FUNCTION_EXISTS=pthread_create -std=gnu11 -o CMakeFiles/cmTC_5636d.dir/CheckFunctionExists.c.o -c /home/ewjung/space/cmake/cmake-3.18.4/Modules/CheckFunctionExists.c
Linking C executable cmTC_5636d
/media/ewjung/f6813a7e-ee48-4924-8e7d-d3641b6cc72d/ew_space/cmake/cmake-3.18.4/Bootstrap.cmk/cmake -E cmake_link_script CMakeFiles/cmTC_5636d.dir/link.txt --verbose=1
/usr/bin/gcc  -DCHECK_FUNCTION_EXISTS=pthread_create CMakeFiles/cmTC_5636d.dir/CheckFunctionExists.c.o -o cmTC_5636d  -lpthreads 
/usr/bin/ld: cannot find -lpthreads
collect2: error: ld returned 1 exit status
CMakeFiles/cmTC_5636d.dir/build.make:105: 'cmTC_5636d' 타겟에 대한 명령이 실패했습니다
make[1]: *** [cmTC_5636d] 오류 1
make[1]: 디렉터리 '/media/ewjung/f6813a7e-ee48-4924-8e7d-d3641b6cc72d/ew_space/cmake/cmake-3.18.4/CMakeFiles/CMakeTmp' 나감
Makefile:140: 'cmTC_5636d/fast' 타겟에 대한 명령이 실패했습니다
make: *** [cmTC_5636d/fast] 오류 2



Checking whether CXX compiler has environ in stdlib.h failed to compile with the following output:
Change Dir: /home/ewjung/space/cmake/cmake-3.18.4/Source/kwsys/CMakeFiles/CMakeTmp

Run Build Command(s):/usr/bin/make cmTC_4321e/fast && make  -f CMakeFiles/cmTC_4321e.dir/build.make CMakeFiles/cmTC_4321e.dir/build
make[1]: 디렉터리 '/media/ewjung/f6813a7e-ee48-4924-8e7d-d3641b6cc72d/ew_space/cmake/cmake-3.18.4/Source/kwsys/CMakeFiles/CMakeTmp' 들어감
Building CXX object CMakeFiles/cmTC_4321e.dir/kwsysPlatformTestsCXX.cxx.o
/usr/bin/g++ -DTEST_KWSYS_CXX_HAS_ENVIRON_IN_STDLIB_H  -std=gnu++14 -o CMakeFiles/cmTC_4321e.dir/kwsysPlatformTestsCXX.cxx.o -c /home/ewjung/space/cmake/cmake-3.18.4/Source/kwsys/kwsysPlatformTestsCXX.cxx
/home/ewjung/space/cmake/cmake-3.18.4/Source/kwsys/kwsysPlatformTestsCXX.cxx: In function ‘int main()’:
/home/ewjung/space/cmake/cmake-3.18.4/Source/kwsys/kwsysPlatformTestsCXX.cxx:53:13: error: ‘environ’ was not declared in this scope
   char* e = environ[0];
             ^
CMakeFiles/cmTC_4321e.dir/build.make:84: 'CMakeFiles/cmTC_4321e.dir/kwsysPlatformTestsCXX.cxx.o' 타겟에 대한 명령이 실패했습니다
make[1]: *** [CMakeFiles/cmTC_4321e.dir/kwsysPlatformTestsCXX.cxx.o] 오류 1
make[1]: 디렉터리 '/media/ewjung/f6813a7e-ee48-4924-8e7d-d3641b6cc72d/ew_space/cmake/cmake-3.18.4/Source/kwsys/CMakeFiles/CMakeTmp' 나감
Makefile:140: 'cmTC_4321e/fast' 타겟에 대한 명령이 실패했습니다
make: *** [cmTC_4321e/fast] 오류 2



Checking whether CXX compiler struct stat has st_mtimespec member failed to compile with the following output:
Change Dir: /home/ewjung/space/cmake/cmake-3.18.4/Source/kwsys/CMakeFiles/CMakeTmp

Run Build Command(s):/usr/bin/make cmTC_7ecce/fast && make  -f CMakeFiles/cmTC_7ecce.dir/build.make CMakeFiles/cmTC_7ecce.dir/build
make[1]: 디렉터리 '/media/ewjung/f6813a7e-ee48-4924-8e7d-d3641b6cc72d/ew_space/cmake/cmake-3.18.4/Source/kwsys/CMakeFiles/CMakeTmp' 들어감
Building CXX object CMakeFiles/cmTC_7ecce.dir/kwsysPlatformTestsCXX.cxx.o
/usr/bin/g++ -DTEST_KWSYS_CXX_STAT_HAS_ST_MTIMESPEC  -std=gnu++14 -o CMakeFiles/cmTC_7ecce.dir/kwsysPlatformTestsCXX.cxx.o -c /home/ewjung/space/cmake/cmake-3.18.4/Source/kwsys/kwsysPlatformTestsCXX.cxx
/home/ewjung/space/cmake/cmake-3.18.4/Source/kwsys/kwsysPlatformTestsCXX.cxx: In function ‘int main()’:
/home/ewjung/space/cmake/cmake-3.18.4/Source/kwsys/kwsysPlatformTestsCXX.cxx:26:15: error: ‘struct stat’ has no member named ‘st_mtimespec’
   (void)stat1.st_mtimespec.tv_sec;
               ^
/home/ewjung/space/cmake/cmake-3.18.4/Source/kwsys/kwsysPlatformTestsCXX.cxx:27:15: error: ‘struct stat’ has no member named ‘st_mtimespec’
   (void)stat1.st_mtimespec.tv_nsec;
               ^
CMakeFiles/cmTC_7ecce.dir/build.make:84: 'CMakeFiles/cmTC_7ecce.dir/kwsysPlatformTestsCXX.cxx.o' 타겟에 대한 명령이 실패했습니다
make[1]: *** [CMakeFiles/cmTC_7ecce.dir/kwsysPlatformTestsCXX.cxx.o] 오류 1
make[1]: 디렉터리 '/media/ewjung/f6813a7e-ee48-4924-8e7d-d3641b6cc72d/ew_space/cmake/cmake-3.18.4/Source/kwsys/CMakeFiles/CMakeTmp' 나감
Makefile:140: 'cmTC_7ecce/fast' 타겟에 대한 명령이 실패했습니다
make: *** [cmTC_7ecce/fast] 오류 2



Determining if the function connect exists in the socket;dl failed with the following output:
Change Dir: /home/ewjung/space/cmake/cmake-3.18.4/CMakeFiles/CMakeTmp

Run Build Command(s):/usr/bin/make cmTC_19ccd/fast && make  -f CMakeFiles/cmTC_19ccd.dir/build.make CMakeFiles/cmTC_19ccd.dir/build
make[1]: 디렉터리 '/media/ewjung/f6813a7e-ee48-4924-8e7d-d3641b6cc72d/ew_space/cmake/cmake-3.18.4/CMakeFiles/CMakeTmp' 들어감
Building C object CMakeFiles/cmTC_19ccd.dir/CheckFunctionExists.c.o
/usr/bin/gcc   -w -DCHECK_FUNCTION_EXISTS=connect -std=gnu11 -o CMakeFiles/cmTC_19ccd.dir/CheckFunctionExists.c.o -c /home/ewjung/space/cmake/cmake-3.18.4/Modules/CheckFunctionExists.c
Linking C executable cmTC_19ccd
/media/ewjung/f6813a7e-ee48-4924-8e7d-d3641b6cc72d/ew_space/cmake/cmake-3.18.4/Bootstrap.cmk/cmake -E cmake_link_script CMakeFiles/cmTC_19ccd.dir/link.txt --verbose=1
/usr/bin/gcc   -w -DCHECK_FUNCTION_EXISTS=connect CMakeFiles/cmTC_19ccd.dir/CheckFunctionExists.c.o -o cmTC_19ccd  -lsocket -ldl 
/usr/bin/ld: cannot find -lsocket
collect2: error: ld returned 1 exit status
CMakeFiles/cmTC_19ccd.dir/build.make:105: 'cmTC_19ccd' 타겟에 대한 명령이 실패했습니다
make[1]: *** [cmTC_19ccd] 오류 1
make[1]: 디렉터리 '/media/ewjung/f6813a7e-ee48-4924-8e7d-d3641b6cc72d/ew_space/cmake/cmake-3.18.4/CMakeFiles/CMakeTmp' 나감
Makefile:140: 'cmTC_19ccd/fast' 타겟에 대한 명령이 실패했습니다
make: *** [cmTC_19ccd/fast] 오류 2



Determining if the function recv exists in the network;dl failed with the following output:
Change Dir: /home/ewjung/space/cmake/cmake-3.18.4/CMakeFiles/CMakeTmp

Run Build Command(s):/usr/bin/make cmTC_8f56d/fast && make  -f CMakeFiles/cmTC_8f56d.dir/build.make CMakeFiles/cmTC_8f56d.dir/build
make[1]: 디렉터리 '/media/ewjung/f6813a7e-ee48-4924-8e7d-d3641b6cc72d/ew_space/cmake/cmake-3.18.4/CMakeFiles/CMakeTmp' 들어감
Building C object CMakeFiles/cmTC_8f56d.dir/CheckFunctionExists.c.o
/usr/bin/gcc   -w -DCHECK_FUNCTION_EXISTS=recv -std=gnu11 -o CMakeFiles/cmTC_8f56d.dir/CheckFunctionExists.c.o -c /home/ewjung/space/cmake/cmake-3.18.4/Modules/CheckFunctionExists.c
Linking C executable cmTC_8f56d
/media/ewjung/f6813a7e-ee48-4924-8e7d-d3641b6cc72d/ew_space/cmake/cmake-3.18.4/Bootstrap.cmk/cmake -E cmake_link_script CMakeFiles/cmTC_8f56d.dir/link.txt --verbose=1
/usr/bin/gcc   -w -DCHECK_FUNCTION_EXISTS=recv CMakeFiles/cmTC_8f56d.dir/CheckFunctionExists.c.o -o cmTC_8f56d  -lnetwork -ldl 
/usr/bin/ld: cannot find -lnetwork
collect2: error: ld returned 1 exit status
CMakeFiles/cmTC_8f56d.dir/build.make:105: 'cmTC_8f56d' 타겟에 대한 명령이 실패했습니다
make[1]: *** [cmTC_8f56d] 오류 1
make[1]: 디렉터리 '/media/ewjung/f6813a7e-ee48-4924-8e7d-d3641b6cc72d/ew_space/cmake/cmake-3.18.4/CMakeFiles/CMakeTmp' 나감
Makefile:140: 'cmTC_8f56d/fast' 타겟에 대한 명령이 실패했습니다
make: *** [cmTC_8f56d/fast] 오류 2



Determining if the RAND_status exist failed with the following output:
Change Dir: /home/ewjung/space/cmake/cmake-3.18.4/CMakeFiles/CMakeTmp

Run Build Command(s):/usr/bin/make cmTC_63d9d/fast && make  -f CMakeFiles/cmTC_63d9d.dir/build.make CMakeFiles/cmTC_63d9d.dir/build
make[1]: 디렉터리 '/media/ewjung/f6813a7e-ee48-4924-8e7d-d3641b6cc72d/ew_space/cmake/cmake-3.18.4/CMakeFiles/CMakeTmp' 들어감
Building C object CMakeFiles/cmTC_63d9d.dir/CheckSymbolExists.c.o
/usr/bin/gcc   -w  -std=gnu11 -o CMakeFiles/cmTC_63d9d.dir/CheckSymbolExists.c.o -c /home/ewjung/space/cmake/cmake-3.18.4/CMakeFiles/CMakeTmp/CheckSymbolExists.c
/home/ewjung/space/cmake/cmake-3.18.4/CMakeFiles/CMakeTmp/CheckSymbolExists.c: In function ‘main’:
/home/ewjung/space/cmake/cmake-3.18.4/CMakeFiles/CMakeTmp/CheckSymbolExists.c:7:19: error: ‘RAND_status’ undeclared (first use in this function)
   return ((int*)(&RAND_status))[argc];
                   ^
/home/ewjung/space/cmake/cmake-3.18.4/CMakeFiles/CMakeTmp/CheckSymbolExists.c:7:19: note: each undeclared identifier is reported only once for each function it appears in
CMakeFiles/cmTC_63d9d.dir/build.make:84: 'CMakeFiles/cmTC_63d9d.dir/CheckSymbolExists.c.o' 타겟에 대한 명령이 실패했습니다
make[1]: *** [CMakeFiles/cmTC_63d9d.dir/CheckSymbolExists.c.o] 오류 1
make[1]: 디렉터리 '/media/ewjung/f6813a7e-ee48-4924-8e7d-d3641b6cc72d/ew_space/cmake/cmake-3.18.4/CMakeFiles/CMakeTmp' 나감
Makefile:140: 'cmTC_63d9d/fast' 타겟에 대한 명령이 실패했습니다
make: *** [cmTC_63d9d/fast] 오류 2


File /home/ewjung/space/cmake/cmake-3.18.4/CMakeFiles/CMakeTmp/CheckSymbolExists.c:
/* */

int main(int argc, char** argv)
{
  (void)argv;
#ifndef RAND_status
  return ((int*)(&RAND_status))[argc];
#else
  (void)argc;
  return 0;
#endif
}
Determining if the RAND_screen exist failed with the following output:
Change Dir: /home/ewjung/space/cmake/cmake-3.18.4/CMakeFiles/CMakeTmp

Run Build Command(s):/usr/bin/make cmTC_fe8a8/fast && make  -f CMakeFiles/cmTC_fe8a8.dir/build.make CMakeFiles/cmTC_fe8a8.dir/build
make[1]: 디렉터리 '/media/ewjung/f6813a7e-ee48-4924-8e7d-d3641b6cc72d/ew_space/cmake/cmake-3.18.4/CMakeFiles/CMakeTmp' 들어감
Building C object CMakeFiles/cmTC_fe8a8.dir/CheckSymbolExists.c.o
/usr/bin/gcc   -w  -std=gnu11 -o CMakeFiles/cmTC_fe8a8.dir/CheckSymbolExists.c.o -c /home/ewjung/space/cmake/cmake-3.18.4/CMakeFiles/CMakeTmp/CheckSymbolExists.c
/home/ewjung/space/cmake/cmake-3.18.4/CMakeFiles/CMakeTmp/CheckSymbolExists.c: In function ‘main’:
/home/ewjung/space/cmake/cmake-3.18.4/CMakeFiles/CMakeTmp/CheckSymbolExists.c:7:19: error: ‘RAND_screen’ undeclared (first use in this function)
   return ((int*)(&RAND_screen))[argc];
                   ^
/home/ewjung/space/cmake/cmake-3.18.4/CMakeFiles/CMakeTmp/CheckSymbolExists.c:7:19: note: each undeclared identifier is reported only once for each function it appears in
CMakeFiles/cmTC_fe8a8.dir/build.make:84: 'CMakeFiles/cmTC_fe8a8.dir/CheckSymbolExists.c.o' 타겟에 대한 명령이 실패했습니다
make[1]: *** [CMakeFiles/cmTC_fe8a8.dir/CheckSymbolExists.c.o] 오류 1
make[1]: 디렉터리 '/media/ewjung/f6813a7e-ee48-4924-8e7d-d3641b6cc72d/ew_space/cmake/cmake-3.18.4/CMakeFiles/CMakeTmp' 나감
Makefile:140: 'cmTC_fe8a8/fast' 타겟에 대한 명령이 실패했습니다
make: *** [cmTC_fe8a8/fast] 오류 2


File /home/ewjung/space/cmake/cmake-3.18.4/CMakeFiles/CMakeTmp/CheckSymbolExists.c:
/* */

int main(int argc, char** argv)
{
  (void)argv;
#ifndef RAND_screen
  return ((int*)(&RAND_screen))[argc];
#else
  (void)argc;
  return 0;
#endif
}
Determining if the RAND_egd exist failed with the following output:
Change Dir: /home/ewjung/space/cmake/cmake-3.18.4/CMakeFiles/CMakeTmp

Run Build Command(s):/usr/bin/make cmTC_55c78/fast && make  -f CMakeFiles/cmTC_55c78.dir/build.make CMakeFiles/cmTC_55c78.dir/build
make[1]: 디렉터리 '/media/ewjung/f6813a7e-ee48-4924-8e7d-d3641b6cc72d/ew_space/cmake/cmake-3.18.4/CMakeFiles/CMakeTmp' 들어감
Building C object CMakeFiles/cmTC_55c78.dir/CheckSymbolExists.c.o
/usr/bin/gcc   -w  -std=gnu11 -o CMakeFiles/cmTC_55c78.dir/CheckSymbolExists.c.o -c /home/ewjung/space/cmake/cmake-3.18.4/CMakeFiles/CMakeTmp/CheckSymbolExists.c
/home/ewjung/space/cmake/cmake-3.18.4/CMakeFiles/CMakeTmp/CheckSymbolExists.c: In function ‘main’:
/home/ewjung/space/cmake/cmake-3.18.4/CMakeFiles/CMakeTmp/CheckSymbolExists.c:7:19: error: ‘RAND_egd’ undeclared (first use in this function)
   return ((int*)(&RAND_egd))[argc];
                   ^
/home/ewjung/space/cmake/cmake-3.18.4/CMakeFiles/CMakeTmp/CheckSymbolExists.c:7:19: note: each undeclared identifier is reported only once for each function it appears in
CMakeFiles/cmTC_55c78.dir/build.make:84: 'CMakeFiles/cmTC_55c78.dir/CheckSymbolExists.c.o' 타겟에 대한 명령이 실패했습니다
make[1]: *** [CMakeFiles/cmTC_55c78.dir/CheckSymbolExists.c.o] 오류 1
make[1]: 디렉터리 '/media/ewjung/f6813a7e-ee48-4924-8e7d-d3641b6cc72d/ew_space/cmake/cmake-3.18.4/CMakeFiles/CMakeTmp' 나감
Makefile:140: 'cmTC_55c78/fast' 타겟에 대한 명령이 실패했습니다
make: *** [cmTC_55c78/fast] 오류 2


File /home/ewjung/space/cmake/cmake-3.18.4/CMakeFiles/CMakeTmp/CheckSymbolExists.c:
/* */

int main(int argc, char** argv)
{
  (void)argv;
#ifndef RAND_egd
  return ((int*)(&RAND_egd))[argc];
#else
  (void)argc;
  return 0;
#endif
}
Determining if the function idn2_lookup_ul exists in the idn2;dl;/usr/lib/x86_64-linux-gnu/libssl.so;/usr/lib/x86_64-linux-gnu/libcrypto.so;cmnghttp2 failed with the following output:
Change Dir: /home/ewjung/space/cmake/cmake-3.18.4/CMakeFiles/CMakeTmp

Run Build Command(s):/usr/bin/make cmTC_01c60/fast && make  -f CMakeFiles/cmTC_01c60.dir/build.make CMakeFiles/cmTC_01c60.dir/build
make[1]: 디렉터리 '/media/ewjung/f6813a7e-ee48-4924-8e7d-d3641b6cc72d/ew_space/cmake/cmake-3.18.4/CMakeFiles/CMakeTmp' 들어감
Building C object CMakeFiles/cmTC_01c60.dir/CheckFunctionExists.c.o
/usr/bin/gcc   -w -DCHECK_FUNCTION_EXISTS=idn2_lookup_ul -std=gnu11 -o CMakeFiles/cmTC_01c60.dir/CheckFunctionExists.c.o -c /home/ewjung/space/cmake/cmake-3.18.4/Modules/CheckFunctionExists.c
Linking C executable cmTC_01c60
/media/ewjung/f6813a7e-ee48-4924-8e7d-d3641b6cc72d/ew_space/cmake/cmake-3.18.4/Bootstrap.cmk/cmake -E cmake_link_script CMakeFiles/cmTC_01c60.dir/link.txt --verbose=1
/usr/bin/gcc   -w -DCHECK_FUNCTION_EXISTS=idn2_lookup_ul CMakeFiles/cmTC_01c60.dir/CheckFunctionExists.c.o -o cmTC_01c60  -lidn2 -ldl -lssl -lcrypto -lcmnghttp2 
/usr/bin/ld: cannot find -lidn2
/usr/bin/ld: cannot find -lcmnghttp2
collect2: error: ld returned 1 exit status
CMakeFiles/cmTC_01c60.dir/build.make:107: 'cmTC_01c60' 타겟에 대한 명령이 실패했습니다
make[1]: *** [cmTC_01c60] 오류 1
make[1]: 디렉터리 '/media/ewjung/f6813a7e-ee48-4924-8e7d-d3641b6cc72d/ew_space/cmake/cmake-3.18.4/CMakeFiles/CMakeTmp' 나감
Makefile:140: 'cmTC_01c60/fast' 타겟에 대한 명령이 실패했습니다
make: *** [cmTC_01c60/fast] 오류 2



Determining if the function dlopen exists in the dl;/usr/lib/x86_64-linux-gnu/libssl.so;/usr/lib/x86_64-linux-gnu/libcrypto.so;cmnghttp2 failed with the following output:
Change Dir: /home/ewjung/space/cmake/cmake-3.18.4/CMakeFiles/CMakeTmp

Run Build Command(s):/usr/bin/make cmTC_c2998/fast && make  -f CMakeFiles/cmTC_c2998.dir/build.make CMakeFiles/cmTC_c2998.dir/build
make[1]: 디렉터리 '/media/ewjung/f6813a7e-ee48-4924-8e7d-d3641b6cc72d/ew_space/cmake/cmake-3.18.4/CMakeFiles/CMakeTmp' 들어감
Building C object CMakeFiles/cmTC_c2998.dir/CheckFunctionExists.c.o
/usr/bin/gcc   -w -DCHECK_FUNCTION_EXISTS=dlopen -std=gnu11 -o CMakeFiles/cmTC_c2998.dir/CheckFunctionExists.c.o -c /home/ewjung/space/cmake/cmake-3.18.4/Modules/CheckFunctionExists.c
Linking C executable cmTC_c2998
/media/ewjung/f6813a7e-ee48-4924-8e7d-d3641b6cc72d/ew_space/cmake/cmake-3.18.4/Bootstrap.cmk/cmake -E cmake_link_script CMakeFiles/cmTC_c2998.dir/link.txt --verbose=1
/usr/bin/gcc   -w -DCHECK_FUNCTION_EXISTS=dlopen CMakeFiles/cmTC_c2998.dir/CheckFunctionExists.c.o -o cmTC_c2998  -ldl -lssl -lcrypto -lcmnghttp2 
/usr/bin/ld: cannot find -lcmnghttp2
collect2: error: ld returned 1 exit status
CMakeFiles/cmTC_c2998.dir/build.make:107: 'cmTC_c2998' 타겟에 대한 명령이 실패했습니다
make[1]: *** [cmTC_c2998] 오류 1
make[1]: 디렉터리 '/media/ewjung/f6813a7e-ee48-4924-8e7d-d3641b6cc72d/ew_space/cmake/cmake-3.18.4/CMakeFiles/CMakeTmp' 나감
Makefile:140: 'cmTC_c2998/fast' 타겟에 대한 명령이 실패했습니다
make: *** [cmTC_c2998/fast] 오류 2



Determining if files stdio.h;inttypes.h;sys/filio.h exist failed with the following output:
Change Dir: /home/ewjung/space/cmake/cmake-3.18.4/CMakeFiles/CMakeTmp

Run Build Command(s):/usr/bin/make cmTC_9287b/fast && make  -f CMakeFiles/cmTC_9287b.dir/build.make CMakeFiles/cmTC_9287b.dir/build
make[1]: 디렉터리 '/media/ewjung/f6813a7e-ee48-4924-8e7d-d3641b6cc72d/ew_space/cmake/cmake-3.18.4/CMakeFiles/CMakeTmp' 들어감
Building C object CMakeFiles/cmTC_9287b.dir/HAVE_SYS_FILIO_H.c.o
/usr/bin/gcc   -w  -std=gnu11 -o CMakeFiles/cmTC_9287b.dir/HAVE_SYS_FILIO_H.c.o -c /home/ewjung/space/cmake/cmake-3.18.4/CMakeFiles/CheckIncludeFiles/HAVE_SYS_FILIO_H.c
/home/ewjung/space/cmake/cmake-3.18.4/CMakeFiles/CheckIncludeFiles/HAVE_SYS_FILIO_H.c:4:23: fatal error: sys/filio.h: 그런 파일이나 디렉터리가 없습니다
compilation terminated.
CMakeFiles/cmTC_9287b.dir/build.make:84: 'CMakeFiles/cmTC_9287b.dir/HAVE_SYS_FILIO_H.c.o' 타겟에 대한 명령이 실패했습니다
make[1]: *** [CMakeFiles/cmTC_9287b.dir/HAVE_SYS_FILIO_H.c.o] 오류 1
make[1]: 디렉터리 '/media/ewjung/f6813a7e-ee48-4924-8e7d-d3641b6cc72d/ew_space/cmake/cmake-3.18.4/CMakeFiles/CMakeTmp' 나감
Makefile:140: 'cmTC_9287b/fast' 타겟에 대한 명령이 실패했습니다
make: *** [cmTC_9287b/fast] 오류 2


Source:
/* */
#include <stdio.h>
#include <inttypes.h>
#include <sys/filio.h>


int main(void){return 0;}

Determining if files stdio.h;inttypes.h;sys/ioctl.h;sys/param.h;sys/poll.h;sys/resource.h;sys/select.h;sys/socket.h;sys/sockio.h exist failed with the following output:
Change Dir: /home/ewjung/space/cmake/cmake-3.18.4/CMakeFiles/CMakeTmp

Run Build Command(s):/usr/bin/make cmTC_30989/fast && make  -f CMakeFiles/cmTC_30989.dir/build.make CMakeFiles/cmTC_30989.dir/build
make[1]: 디렉터리 '/media/ewjung/f6813a7e-ee48-4924-8e7d-d3641b6cc72d/ew_space/cmake/cmake-3.18.4/CMakeFiles/CMakeTmp' 들어감
Building C object CMakeFiles/cmTC_30989.dir/HAVE_SYS_SOCKIO_H.c.o
/usr/bin/gcc   -w  -std=gnu11 -o CMakeFiles/cmTC_30989.dir/HAVE_SYS_SOCKIO_H.c.o -c /home/ewjung/space/cmake/cmake-3.18.4/CMakeFiles/CheckIncludeFiles/HAVE_SYS_SOCKIO_H.c
/home/ewjung/space/cmake/cmake-3.18.4/CMakeFiles/CheckIncludeFiles/HAVE_SYS_SOCKIO_H.c:10:24: fatal error: sys/sockio.h: 그런 파일이나 디렉터리가 없습니다
compilation terminated.
CMakeFiles/cmTC_30989.dir/build.make:84: 'CMakeFiles/cmTC_30989.dir/HAVE_SYS_SOCKIO_H.c.o' 타겟에 대한 명령이 실패했습니다
make[1]: *** [CMakeFiles/cmTC_30989.dir/HAVE_SYS_SOCKIO_H.c.o] 오류 1
make[1]: 디렉터리 '/media/ewjung/f6813a7e-ee48-4924-8e7d-d3641b6cc72d/ew_space/cmake/cmake-3.18.4/CMakeFiles/CMakeTmp' 나감
Makefile:140: 'cmTC_30989/fast' 타겟에 대한 명령이 실패했습니다
make: *** [cmTC_30989/fast] 오류 2


Source:
/* */
#include <stdio.h>
#include <inttypes.h>
#include <sys/ioctl.h>
#include <sys/param.h>
#include <sys/poll.h>
#include <sys/resource.h>
#include <sys/select.h>
#include <sys/socket.h>
#include <sys/sockio.h>


int main(void){return 0;}

Determining if files stdio.h;inttypes.h;sys/ioctl.h;sys/param.h;sys/poll.h;sys/resource.h;sys/select.h;sys/socket.h;sys/stat.h;sys/time.h;sys/types.h;sys/uio.h;sys/un.h;sys/utime.h exist failed with the following output:
Change Dir: /home/ewjung/space/cmake/cmake-3.18.4/CMakeFiles/CMakeTmp

Run Build Command(s):/usr/bin/make cmTC_da1f9/fast && make  -f CMakeFiles/cmTC_da1f9.dir/build.make CMakeFiles/cmTC_da1f9.dir/build
make[1]: 디렉터리 '/media/ewjung/f6813a7e-ee48-4924-8e7d-d3641b6cc72d/ew_space/cmake/cmake-3.18.4/CMakeFiles/CMakeTmp' 들어감
Building C object CMakeFiles/cmTC_da1f9.dir/HAVE_SYS_UTIME_H.c.o
/usr/bin/gcc   -w  -std=gnu11 -o CMakeFiles/cmTC_da1f9.dir/HAVE_SYS_UTIME_H.c.o -c /home/ewjung/space/cmake/cmake-3.18.4/CMakeFiles/CheckIncludeFiles/HAVE_SYS_UTIME_H.c
/home/ewjung/space/cmake/cmake-3.18.4/CMakeFiles/CheckIncludeFiles/HAVE_SYS_UTIME_H.c:15:23: fatal error: sys/utime.h: 그런 파일이나 디렉터리가 없습니다
compilation terminated.
CMakeFiles/cmTC_da1f9.dir/build.make:84: 'CMakeFiles/cmTC_da1f9.dir/HAVE_SYS_UTIME_H.c.o' 타겟에 대한 명령이 실패했습니다
make[1]: *** [CMakeFiles/cmTC_da1f9.dir/HAVE_SYS_UTIME_H.c.o] 오류 1
make[1]: 디렉터리 '/media/ewjung/f6813a7e-ee48-4924-8e7d-d3641b6cc72d/ew_space/cmake/cmake-3.18.4/CMakeFiles/CMakeTmp' 나감
Makefile:140: 'cmTC_da1f9/fast' 타겟에 대한 명령이 실패했습니다
make: *** [cmTC_da1f9/fast] 오류 2


Source:
/* */
#include <stdio.h>
#include <inttypes.h>
#include <sys/ioctl.h>
#include <sys/param.h>
#include <sys/poll.h>
#include <sys/resource.h>
#include <sys/select.h>
#include <sys/socket.h>
#include <sys/stat.h>
#include <sys/time.h>
#include <sys/types.h>
#include <sys/uio.h>
#include <sys/un.h>
#include <sys/utime.h>


int main(void){return 0;}

Determining if files stdio.h;inttypes.h;sys/ioctl.h;sys/param.h;sys/poll.h;sys/resource.h;sys/select.h;sys/socket.h;sys/stat.h;sys/time.h;sys/types.h;sys/uio.h;sys/un.h;sys/xattr.h;alloca.h;arpa/inet.h;arpa/tftp.h;assert.h;crypto.h exist failed with the following output:
Change Dir: /home/ewjung/space/cmake/cmake-3.18.4/CMakeFiles/CMakeTmp

Run Build Command(s):/usr/bin/make cmTC_5fef7/fast && make  -f CMakeFiles/cmTC_5fef7.dir/build.make CMakeFiles/cmTC_5fef7.dir/build
make[1]: 디렉터리 '/media/ewjung/f6813a7e-ee48-4924-8e7d-d3641b6cc72d/ew_space/cmake/cmake-3.18.4/CMakeFiles/CMakeTmp' 들어감
Building C object CMakeFiles/cmTC_5fef7.dir/HAVE_CRYPTO_H.c.o
/usr/bin/gcc   -w  -std=gnu11 -o CMakeFiles/cmTC_5fef7.dir/HAVE_CRYPTO_H.c.o -c /home/ewjung/space/cmake/cmake-3.18.4/CMakeFiles/CheckIncludeFiles/HAVE_CRYPTO_H.c
/home/ewjung/space/cmake/cmake-3.18.4/CMakeFiles/CheckIncludeFiles/HAVE_CRYPTO_H.c:20:20: fatal error: crypto.h: 그런 파일이나 디렉터리가 없습니다
compilation terminated.
CMakeFiles/cmTC_5fef7.dir/build.make:84: 'CMakeFiles/cmTC_5fef7.dir/HAVE_CRYPTO_H.c.o' 타겟에 대한 명령이 실패했습니다
make[1]: *** [CMakeFiles/cmTC_5fef7.dir/HAVE_CRYPTO_H.c.o] 오류 1
make[1]: 디렉터리 '/media/ewjung/f6813a7e-ee48-4924-8e7d-d3641b6cc72d/ew_space/cmake/cmake-3.18.4/CMakeFiles/CMakeTmp' 나감
Makefile:140: 'cmTC_5fef7/fast' 타겟에 대한 명령이 실패했습니다
make: *** [cmTC_5fef7/fast] 오류 2


Source:
/* */
#include <stdio.h>
#include <inttypes.h>
#include <sys/ioctl.h>
#include <sys/param.h>
#include <sys/poll.h>
#include <sys/resource.h>
#include <sys/select.h>
#include <sys/socket.h>
#include <sys/stat.h>
#include <sys/time.h>
#include <sys/types.h>
#include <sys/uio.h>
#include <sys/un.h>
#include <sys/xattr.h>
#include <alloca.h>
#include <arpa/inet.h>
#include <arpa/tftp.h>
#include <assert.h>
#include <crypto.h>


int main(void){return 0;}

Determining if files stdio.h;inttypes.h;sys/ioctl.h;sys/param.h;sys/poll.h;sys/resource.h;sys/select.h;sys/socket.h;sys/stat.h;sys/time.h;sys/types.h;sys/uio.h;sys/un.h;sys/xattr.h;alloca.h;arpa/inet.h;arpa/tftp.h;assert.h;err.h;errno.h;fcntl.h;idn2.h exist failed with the following output:
Change Dir: /home/ewjung/space/cmake/cmake-3.18.4/CMakeFiles/CMakeTmp

Run Build Command(s):/usr/bin/make cmTC_e410f/fast && make  -f CMakeFiles/cmTC_e410f.dir/build.make CMakeFiles/cmTC_e410f.dir/build
make[1]: 디렉터리 '/media/ewjung/f6813a7e-ee48-4924-8e7d-d3641b6cc72d/ew_space/cmake/cmake-3.18.4/CMakeFiles/CMakeTmp' 들어감
Building C object CMakeFiles/cmTC_e410f.dir/HAVE_IDN2_H.c.o
/usr/bin/gcc   -w  -std=gnu11 -o CMakeFiles/cmTC_e410f.dir/HAVE_IDN2_H.c.o -c /home/ewjung/space/cmake/cmake-3.18.4/CMakeFiles/CheckIncludeFiles/HAVE_IDN2_H.c
/home/ewjung/space/cmake/cmake-3.18.4/CMakeFiles/CheckIncludeFiles/HAVE_IDN2_H.c:23:18: fatal error: idn2.h: 그런 파일이나 디렉터리가 없습니다
compilation terminated.
CMakeFiles/cmTC_e410f.dir/build.make:84: 'CMakeFiles/cmTC_e410f.dir/HAVE_IDN2_H.c.o' 타겟에 대한 명령이 실패했습니다
make[1]: *** [CMakeFiles/cmTC_e410f.dir/HAVE_IDN2_H.c.o] 오류 1
make[1]: 디렉터리 '/media/ewjung/f6813a7e-ee48-4924-8e7d-d3641b6cc72d/ew_space/cmake/cmake-3.18.4/CMakeFiles/CMakeTmp' 나감
Makefile:140: 'cmTC_e410f/fast' 타겟에 대한 명령이 실패했습니다
make: *** [cmTC_e410f/fast] 오류 2


Source:
/* */
#include <stdio.h>
#include <inttypes.h>
#include <sys/ioctl.h>
#include <sys/param.h>
#include <sys/poll.h>
#include <sys/resource.h>
#include <sys/select.h>
#include <sys/socket.h>
#include <sys/stat.h>
#include <sys/time.h>
#include <sys/types.h>
#include <sys/uio.h>
#include <sys/un.h>
#include <sys/xattr.h>
#include <alloca.h>
#include <arpa/inet.h>
#include <arpa/tftp.h>
#include <assert.h>
#include <err.h>
#include <errno.h>
#include <fcntl.h>
#include <idn2.h>


int main(void){return 0;}

Determining if files stdio.h;inttypes.h;sys/ioctl.h;sys/param.h;sys/poll.h;sys/resource.h;sys/select.h;sys/socket.h;sys/stat.h;sys/time.h;sys/types.h;sys/uio.h;sys/un.h;sys/xattr.h;alloca.h;arpa/inet.h;arpa/tftp.h;assert.h;err.h;errno.h;fcntl.h;ifaddrs.h;io.h exist failed with the following output:
Change Dir: /home/ewjung/space/cmake/cmake-3.18.4/CMakeFiles/CMakeTmp

Run Build Command(s):/usr/bin/make cmTC_388cc/fast && make  -f CMakeFiles/cmTC_388cc.dir/build.make CMakeFiles/cmTC_388cc.dir/build
make[1]: 디렉터리 '/media/ewjung/f6813a7e-ee48-4924-8e7d-d3641b6cc72d/ew_space/cmake/cmake-3.18.4/CMakeFiles/CMakeTmp' 들어감
Building C object CMakeFiles/cmTC_388cc.dir/HAVE_IO_H.c.o
/usr/bin/gcc   -w  -std=gnu11 -o CMakeFiles/cmTC_388cc.dir/HAVE_IO_H.c.o -c /home/ewjung/space/cmake/cmake-3.18.4/CMakeFiles/CheckIncludeFiles/HAVE_IO_H.c
/home/ewjung/space/cmake/cmake-3.18.4/CMakeFiles/CheckIncludeFiles/HAVE_IO_H.c:24:16: fatal error: io.h: 그런 파일이나 디렉터리가 없습니다
compilation terminated.
CMakeFiles/cmTC_388cc.dir/build.make:84: 'CMakeFiles/cmTC_388cc.dir/HAVE_IO_H.c.o' 타겟에 대한 명령이 실패했습니다
make[1]: *** [CMakeFiles/cmTC_388cc.dir/HAVE_IO_H.c.o] 오류 1
make[1]: 디렉터리 '/media/ewjung/f6813a7e-ee48-4924-8e7d-d3641b6cc72d/ew_space/cmake/cmake-3.18.4/CMakeFiles/CMakeTmp' 나감
Makefile:140: 'cmTC_388cc/fast' 타겟에 대한 명령이 실패했습니다
make: *** [cmTC_388cc/fast] 오류 2


Source:
/* */
#include <stdio.h>
#include <inttypes.h>
#include <sys/ioctl.h>
#include <sys/param.h>
#include <sys/poll.h>
#include <sys/resource.h>
#include <sys/select.h>
#include <sys/socket.h>
#include <sys/stat.h>
#include <sys/time.h>
#include <sys/types.h>
#include <sys/uio.h>
#include <sys/un.h>
#include <sys/xattr.h>
#include <alloca.h>
#include <arpa/inet.h>
#include <arpa/tftp.h>
#include <assert.h>
#include <err.h>
#include <errno.h>
#include <fcntl.h>
#include <ifaddrs.h>
#include <io.h>


int main(void){return 0;}

Determining if files stdio.h;inttypes.h;sys/ioctl.h;sys/param.h;sys/poll.h;sys/resource.h;sys/select.h;sys/socket.h;sys/stat.h;sys/time.h;sys/types.h;sys/uio.h;sys/un.h;sys/xattr.h;alloca.h;arpa/inet.h;arpa/tftp.h;assert.h;err.h;errno.h;fcntl.h;ifaddrs.h;krb.h exist failed with the following output:
Change Dir: /home/ewjung/space/cmake/cmake-3.18.4/CMakeFiles/CMakeTmp

Run Build Command(s):/usr/bin/make cmTC_8b194/fast && make  -f CMakeFiles/cmTC_8b194.dir/build.make CMakeFiles/cmTC_8b194.dir/build
make[1]: 디렉터리 '/media/ewjung/f6813a7e-ee48-4924-8e7d-d3641b6cc72d/ew_space/cmake/cmake-3.18.4/CMakeFiles/CMakeTmp' 들어감
Building C object CMakeFiles/cmTC_8b194.dir/HAVE_KRB_H.c.o
/usr/bin/gcc   -w  -std=gnu11 -o CMakeFiles/cmTC_8b194.dir/HAVE_KRB_H.c.o -c /home/ewjung/space/cmake/cmake-3.18.4/CMakeFiles/CheckIncludeFiles/HAVE_KRB_H.c
/home/ewjung/space/cmake/cmake-3.18.4/CMakeFiles/CheckIncludeFiles/HAVE_KRB_H.c:24:17: fatal error: krb.h: 그런 파일이나 디렉터리가 없습니다
compilation terminated.
CMakeFiles/cmTC_8b194.dir/build.make:84: 'CMakeFiles/cmTC_8b194.dir/HAVE_KRB_H.c.o' 타겟에 대한 명령이 실패했습니다
make[1]: *** [CMakeFiles/cmTC_8b194.dir/HAVE_KRB_H.c.o] 오류 1
make[1]: 디렉터리 '/media/ewjung/f6813a7e-ee48-4924-8e7d-d3641b6cc72d/ew_space/cmake/cmake-3.18.4/CMakeFiles/CMakeTmp' 나감
Makefile:140: 'cmTC_8b194/fast' 타겟에 대한 명령이 실패했습니다
make: *** [cmTC_8b194/fast] 오류 2


Source:
/* */
#include <stdio.h>
#include <inttypes.h>
#include <sys/ioctl.h>
#include <sys/param.h>
#include <sys/poll.h>
#include <sys/resource.h>
#include <sys/select.h>
#include <sys/socket.h>
#include <sys/stat.h>
#include <sys/time.h>
#include <sys/types.h>
#include <sys/uio.h>
#include <sys/un.h>
#include <sys/xattr.h>
#include <alloca.h>
#include <arpa/inet.h>
#include <arpa/tftp.h>
#include <assert.h>
#include <err.h>
#include <errno.h>
#include <fcntl.h>
#include <ifaddrs.h>
#include <krb.h>


int main(void){return 0;}

Determining if files stdio.h;inttypes.h;sys/ioctl.h;sys/param.h;sys/poll.h;sys/resource.h;sys/select.h;sys/socket.h;sys/stat.h;sys/time.h;sys/types.h;sys/uio.h;sys/un.h;sys/xattr.h;alloca.h;arpa/inet.h;arpa/tftp.h;assert.h;err.h;errno.h;fcntl.h;ifaddrs.h;libgen.h;locale.h;net/if.h;netdb.h;netinet/in.h;netinet/tcp.h;pem.h exist failed with the following output:
Change Dir: /home/ewjung/space/cmake/cmake-3.18.4/CMakeFiles/CMakeTmp

Run Build Command(s):/usr/bin/make cmTC_a5197/fast && make  -f CMakeFiles/cmTC_a5197.dir/build.make CMakeFiles/cmTC_a5197.dir/build
make[1]: 디렉터리 '/media/ewjung/f6813a7e-ee48-4924-8e7d-d3641b6cc72d/ew_space/cmake/cmake-3.18.4/CMakeFiles/CMakeTmp' 들어감
Building C object CMakeFiles/cmTC_a5197.dir/HAVE_PEM_H.c.o
/usr/bin/gcc   -w  -std=gnu11 -o CMakeFiles/cmTC_a5197.dir/HAVE_PEM_H.c.o -c /home/ewjung/space/cmake/cmake-3.18.4/CMakeFiles/CheckIncludeFiles/HAVE_PEM_H.c
/home/ewjung/space/cmake/cmake-3.18.4/CMakeFiles/CheckIncludeFiles/HAVE_PEM_H.c:30:17: fatal error: pem.h: 그런 파일이나 디렉터리가 없습니다
compilation terminated.
CMakeFiles/cmTC_a5197.dir/build.make:84: 'CMakeFiles/cmTC_a5197.dir/HAVE_PEM_H.c.o' 타겟에 대한 명령이 실패했습니다
make[1]: *** [CMakeFiles/cmTC_a5197.dir/HAVE_PEM_H.c.o] 오류 1
make[1]: 디렉터리 '/media/ewjung/f6813a7e-ee48-4924-8e7d-d3641b6cc72d/ew_space/cmake/cmake-3.18.4/CMakeFiles/CMakeTmp' 나감
Makefile:140: 'cmTC_a5197/fast' 타겟에 대한 명령이 실패했습니다
make: *** [cmTC_a5197/fast] 오류 2


Source:
/* */
#include <stdio.h>
#include <inttypes.h>
#include <sys/ioctl.h>
#include <sys/param.h>
#include <sys/poll.h>
#include <sys/resource.h>
#include <sys/select.h>
#include <sys/socket.h>
#include <sys/stat.h>
#include <sys/time.h>
#include <sys/types.h>
#include <sys/uio.h>
#include <sys/un.h>
#include <sys/xattr.h>
#include <alloca.h>
#include <arpa/inet.h>
#include <arpa/tftp.h>
#include <assert.h>
#include <err.h>
#include <errno.h>
#include <fcntl.h>
#include <ifaddrs.h>
#include <libgen.h>
#include <locale.h>
#include <net/if.h>
#include <netdb.h>
#include <netinet/in.h>
#include <netinet/tcp.h>
#include <pem.h>


int main(void){return 0;}

Determining if files stdio.h;inttypes.h;sys/ioctl.h;sys/param.h;sys/poll.h;sys/resource.h;sys/select.h;sys/socket.h;sys/stat.h;sys/time.h;sys/types.h;sys/uio.h;sys/un.h;sys/xattr.h;alloca.h;arpa/inet.h;arpa/tftp.h;assert.h;err.h;errno.h;fcntl.h;ifaddrs.h;libgen.h;locale.h;net/if.h;netdb.h;netinet/in.h;netinet/tcp.h;poll.h;pwd.h;rsa.h exist failed with the following output:
Change Dir: /home/ewjung/space/cmake/cmake-3.18.4/CMakeFiles/CMakeTmp

Run Build Command(s):/usr/bin/make cmTC_54e95/fast && make  -f CMakeFiles/cmTC_54e95.dir/build.make CMakeFiles/cmTC_54e95.dir/build
make[1]: 디렉터리 '/media/ewjung/f6813a7e-ee48-4924-8e7d-d3641b6cc72d/ew_space/cmake/cmake-3.18.4/CMakeFiles/CMakeTmp' 들어감
Building C object CMakeFiles/cmTC_54e95.dir/HAVE_RSA_H.c.o
/usr/bin/gcc   -w  -std=gnu11 -o CMakeFiles/cmTC_54e95.dir/HAVE_RSA_H.c.o -c /home/ewjung/space/cmake/cmake-3.18.4/CMakeFiles/CheckIncludeFiles/HAVE_RSA_H.c
/home/ewjung/space/cmake/cmake-3.18.4/CMakeFiles/CheckIncludeFiles/HAVE_RSA_H.c:32:17: fatal error: rsa.h: 그런 파일이나 디렉터리가 없습니다
compilation terminated.
CMakeFiles/cmTC_54e95.dir/build.make:84: 'CMakeFiles/cmTC_54e95.dir/HAVE_RSA_H.c.o' 타겟에 대한 명령이 실패했습니다
make[1]: *** [CMakeFiles/cmTC_54e95.dir/HAVE_RSA_H.c.o] 오류 1
make[1]: 디렉터리 '/media/ewjung/f6813a7e-ee48-4924-8e7d-d3641b6cc72d/ew_space/cmake/cmake-3.18.4/CMakeFiles/CMakeTmp' 나감
Makefile:140: 'cmTC_54e95/fast' 타겟에 대한 명령이 실패했습니다
make: *** [cmTC_54e95/fast] 오류 2


Source:
/* */
#include <stdio.h>
#include <inttypes.h>
#include <sys/ioctl.h>
#include <sys/param.h>
#include <sys/poll.h>
#include <sys/resource.h>
#include <sys/select.h>
#include <sys/socket.h>
#include <sys/stat.h>
#include <sys/time.h>
#include <sys/types.h>
#include <sys/uio.h>
#include <sys/un.h>
#include <sys/xattr.h>
#include <alloca.h>
#include <arpa/inet.h>
#include <arpa/tftp.h>
#include <assert.h>
#include <err.h>
#include <errno.h>
#include <fcntl.h>
#include <ifaddrs.h>
#include <libgen.h>
#include <locale.h>
#include <net/if.h>
#include <netdb.h>
#include <netinet/in.h>
#include <netinet/tcp.h>
#include <poll.h>
#include <pwd.h>
#include <rsa.h>


int main(void){return 0;}

Determining if files stdio.h;inttypes.h;sys/ioctl.h;sys/param.h;sys/poll.h;sys/resource.h;sys/select.h;sys/socket.h;sys/stat.h;sys/time.h;sys/types.h;sys/uio.h;sys/un.h;sys/xattr.h;alloca.h;arpa/inet.h;arpa/tftp.h;assert.h;err.h;errno.h;fcntl.h;ifaddrs.h;libgen.h;locale.h;net/if.h;netdb.h;netinet/in.h;netinet/tcp.h;poll.h;pwd.h;setjmp.h;sgtty.h;signal.h;ssl.h exist failed with the following output:
Change Dir: /home/ewjung/space/cmake/cmake-3.18.4/CMakeFiles/CMakeTmp

Run Build Command(s):/usr/bin/make cmTC_99705/fast && make  -f CMakeFiles/cmTC_99705.dir/build.make CMakeFiles/cmTC_99705.dir/build
make[1]: 디렉터리 '/media/ewjung/f6813a7e-ee48-4924-8e7d-d3641b6cc72d/ew_space/cmake/cmake-3.18.4/CMakeFiles/CMakeTmp' 들어감
Building C object CMakeFiles/cmTC_99705.dir/HAVE_SSL_H.c.o
/usr/bin/gcc   -w  -std=gnu11 -o CMakeFiles/cmTC_99705.dir/HAVE_SSL_H.c.o -c /home/ewjung/space/cmake/cmake-3.18.4/CMakeFiles/CheckIncludeFiles/HAVE_SSL_H.c
/home/ewjung/space/cmake/cmake-3.18.4/CMakeFiles/CheckIncludeFiles/HAVE_SSL_H.c:35:17: fatal error: ssl.h: 그런 파일이나 디렉터리가 없습니다
compilation terminated.
CMakeFiles/cmTC_99705.dir/build.make:84: 'CMakeFiles/cmTC_99705.dir/HAVE_SSL_H.c.o' 타겟에 대한 명령이 실패했습니다
make[1]: *** [CMakeFiles/cmTC_99705.dir/HAVE_SSL_H.c.o] 오류 1
make[1]: 디렉터리 '/media/ewjung/f6813a7e-ee48-4924-8e7d-d3641b6cc72d/ew_space/cmake/cmake-3.18.4/CMakeFiles/CMakeTmp' 나감
Makefile:140: 'cmTC_99705/fast' 타겟에 대한 명령이 실패했습니다
make: *** [cmTC_99705/fast] 오류 2


Source:
/* */
#include <stdio.h>
#include <inttypes.h>
#include <sys/ioctl.h>
#include <sys/param.h>
#include <sys/poll.h>
#include <sys/resource.h>
#include <sys/select.h>
#include <sys/socket.h>
#include <sys/stat.h>
#include <sys/time.h>
#include <sys/types.h>
#include <sys/uio.h>
#include <sys/un.h>
#include <sys/xattr.h>
#include <alloca.h>
#include <arpa/inet.h>
#include <arpa/tftp.h>
#include <assert.h>
#include <err.h>
#include <errno.h>
#include <fcntl.h>
#include <ifaddrs.h>
#include <libgen.h>
#include <locale.h>
#include <net/if.h>
#include <netdb.h>
#include <netinet/in.h>
#include <netinet/tcp.h>
#include <poll.h>
#include <pwd.h>
#include <setjmp.h>
#include <sgtty.h>
#include <signal.h>
#include <ssl.h>


int main(void){return 0;}

Determining if files stdio.h;inttypes.h;sys/ioctl.h;sys/param.h;sys/poll.h;sys/resource.h;sys/select.h;sys/socket.h;sys/stat.h;sys/time.h;sys/types.h;sys/uio.h;sys/un.h;sys/xattr.h;alloca.h;arpa/inet.h;arpa/tftp.h;assert.h;err.h;errno.h;fcntl.h;ifaddrs.h;libgen.h;locale.h;net/if.h;netdb.h;netinet/in.h;netinet/tcp.h;poll.h;pwd.h;setjmp.h;sgtty.h;signal.h;stdbool.h;stdint.h;stdio.h;stdlib.h;string.h;strings.h;stropts.h;termio.h;termios.h;time.h;unistd.h;utime.h;x509.h exist failed with the following output:
Change Dir: /home/ewjung/space/cmake/cmake-3.18.4/CMakeFiles/CMakeTmp

Run Build Command(s):/usr/bin/make cmTC_2a1d2/fast && make  -f CMakeFiles/cmTC_2a1d2.dir/build.make CMakeFiles/cmTC_2a1d2.dir/build
make[1]: 디렉터리 '/media/ewjung/f6813a7e-ee48-4924-8e7d-d3641b6cc72d/ew_space/cmake/cmake-3.18.4/CMakeFiles/CMakeTmp' 들어감
Building C object CMakeFiles/cmTC_2a1d2.dir/HAVE_X509_H.c.o
/usr/bin/gcc   -w  -std=gnu11 -o CMakeFiles/cmTC_2a1d2.dir/HAVE_X509_H.c.o -c /home/ewjung/space/cmake/cmake-3.18.4/CMakeFiles/CheckIncludeFiles/HAVE_X509_H.c
/home/ewjung/space/cmake/cmake-3.18.4/CMakeFiles/CheckIncludeFiles/HAVE_X509_H.c:47:18: fatal error: x509.h: 그런 파일이나 디렉터리가 없습니다
compilation terminated.
CMakeFiles/cmTC_2a1d2.dir/build.make:84: 'CMakeFiles/cmTC_2a1d2.dir/HAVE_X509_H.c.o' 타겟에 대한 명령이 실패했습니다
make[1]: *** [CMakeFiles/cmTC_2a1d2.dir/HAVE_X509_H.c.o] 오류 1
make[1]: 디렉터리 '/media/ewjung/f6813a7e-ee48-4924-8e7d-d3641b6cc72d/ew_space/cmake/cmake-3.18.4/CMakeFiles/CMakeTmp' 나감
Makefile:140: 'cmTC_2a1d2/fast' 타겟에 대한 명령이 실패했습니다
make: *** [cmTC_2a1d2/fast] 오류 2


Source:
/* */
#include <stdio.h>
#include <inttypes.h>
#include <sys/ioctl.h>
#include <sys/param.h>
#include <sys/poll.h>
#include <sys/resource.h>
#include <sys/select.h>
#include <sys/socket.h>
#include <sys/stat.h>
#include <sys/time.h>
#include <sys/types.h>
#include <sys/uio.h>
#include <sys/un.h>
#include <sys/xattr.h>
#include <alloca.h>
#include <arpa/inet.h>
#include <arpa/tftp.h>
#include <assert.h>
#include <err.h>
#include <errno.h>
#include <fcntl.h>
#include <ifaddrs.h>
#include <libgen.h>
#include <locale.h>
#include <net/if.h>
#include <netdb.h>
#include <netinet/in.h>
#include <netinet/tcp.h>
#include <poll.h>
#include <pwd.h>
#include <setjmp.h>
#include <sgtty.h>
#include <signal.h>
#include <stdbool.h>
#include <stdint.h>
#include <stdio.h>
#include <stdlib.h>
#include <string.h>
#include <strings.h>
#include <stropts.h>
#include <termio.h>
#include <termios.h>
#include <time.h>
#include <unistd.h>
#include <utime.h>
#include <x509.h>


int main(void){return 0;}

Determining if files stdio.h;inttypes.h;sys/ioctl.h;sys/param.h;sys/poll.h;sys/resource.h;sys/select.h;sys/socket.h;sys/stat.h;sys/time.h;sys/types.h;sys/uio.h;sys/un.h;sys/xattr.h;alloca.h;arpa/inet.h;arpa/tftp.h;assert.h;err.h;errno.h;fcntl.h;ifaddrs.h;libgen.h;locale.h;net/if.h;netdb.h;netinet/in.h;netinet/tcp.h;poll.h;pwd.h;setjmp.h;sgtty.h;signal.h;stdbool.h;stdint.h;stdio.h;stdlib.h;string.h;strings.h;stropts.h;termio.h;termios.h;time.h;unistd.h;utime.h;process.h exist failed with the following output:
Change Dir: /home/ewjung/space/cmake/cmake-3.18.4/CMakeFiles/CMakeTmp

Run Build Command(s):/usr/bin/make cmTC_aa21d/fast && make  -f CMakeFiles/cmTC_aa21d.dir/build.make CMakeFiles/cmTC_aa21d.dir/build
make[1]: 디렉터리 '/media/ewjung/f6813a7e-ee48-4924-8e7d-d3641b6cc72d/ew_space/cmake/cmake-3.18.4/CMakeFiles/CMakeTmp' 들어감
Building C object CMakeFiles/cmTC_aa21d.dir/HAVE_PROCESS_H.c.o
/usr/bin/gcc   -w  -std=gnu11 -o CMakeFiles/cmTC_aa21d.dir/HAVE_PROCESS_H.c.o -c /home/ewjung/space/cmake/cmake-3.18.4/CMakeFiles/CheckIncludeFiles/HAVE_PROCESS_H.c
/home/ewjung/space/cmake/cmake-3.18.4/CMakeFiles/CheckIncludeFiles/HAVE_PROCESS_H.c:47:21: fatal error: process.h: 그런 파일이나 디렉터리가 없습니다
compilation terminated.
CMakeFiles/cmTC_aa21d.dir/build.make:84: 'CMakeFiles/cmTC_aa21d.dir/HAVE_PROCESS_H.c.o' 타겟에 대한 명령이 실패했습니다
make[1]: *** [CMakeFiles/cmTC_aa21d.dir/HAVE_PROCESS_H.c.o] 오류 1
make[1]: 디렉터리 '/media/ewjung/f6813a7e-ee48-4924-8e7d-d3641b6cc72d/ew_space/cmake/cmake-3.18.4/CMakeFiles/CMakeTmp' 나감
Makefile:140: 'cmTC_aa21d/fast' 타겟에 대한 명령이 실패했습니다
make: *** [cmTC_aa21d/fast] 오류 2


Source:
/* */
#include <stdio.h>
#include <inttypes.h>
#include <sys/ioctl.h>
#include <sys/param.h>
#include <sys/poll.h>
#include <sys/resource.h>
#include <sys/select.h>
#include <sys/socket.h>
#include <sys/stat.h>
#include <sys/time.h>
#include <sys/types.h>
#include <sys/uio.h>
#include <sys/un.h>
#include <sys/xattr.h>
#include <alloca.h>
#include <arpa/inet.h>
#include <arpa/tftp.h>
#include <assert.h>
#include <err.h>
#include <errno.h>
#include <fcntl.h>
#include <ifaddrs.h>
#include <libgen.h>
#include <locale.h>
#include <net/if.h>
#include <netdb.h>
#include <netinet/in.h>
#include <netinet/tcp.h>
#include <poll.h>
#include <pwd.h>
#include <setjmp.h>
#include <sgtty.h>
#include <signal.h>
#include <stdbool.h>
#include <stdint.h>
#include <stdio.h>
#include <stdlib.h>
#include <string.h>
#include <strings.h>
#include <stropts.h>
#include <termio.h>
#include <termios.h>
#include <time.h>
#include <unistd.h>
#include <utime.h>
#include <process.h>


int main(void){return 0;}

Determining if files stdio.h;inttypes.h;sys/ioctl.h;sys/param.h;sys/poll.h;sys/resource.h;sys/select.h;sys/socket.h;sys/stat.h;sys/time.h;sys/types.h;sys/uio.h;sys/un.h;sys/xattr.h;alloca.h;arpa/inet.h;arpa/tftp.h;assert.h;err.h;errno.h;fcntl.h;ifaddrs.h;libgen.h;locale.h;net/if.h;netdb.h;netinet/in.h;netinet/tcp.h;poll.h;pwd.h;setjmp.h;sgtty.h;signal.h;stdbool.h;stdint.h;stdio.h;stdlib.h;string.h;strings.h;stropts.h;termio.h;termios.h;time.h;unistd.h;utime.h;stddef.h;dlfcn.h;malloc.h;memory.h;netinet/if_ether.h;stdint.h;sockio.h exist failed with the following output:
Change Dir: /home/ewjung/space/cmake/cmake-3.18.4/CMakeFiles/CMakeTmp

Run Build Command(s):/usr/bin/make cmTC_9617a/fast && make  -f CMakeFiles/cmTC_9617a.dir/build.make CMakeFiles/cmTC_9617a.dir/build
make[1]: 디렉터리 '/media/ewjung/f6813a7e-ee48-4924-8e7d-d3641b6cc72d/ew_space/cmake/cmake-3.18.4/CMakeFiles/CMakeTmp' 들어감
Building C object CMakeFiles/cmTC_9617a.dir/HAVE_SOCKIO_H.c.o
/usr/bin/gcc   -w  -std=gnu11 -o CMakeFiles/cmTC_9617a.dir/HAVE_SOCKIO_H.c.o -c /home/ewjung/space/cmake/cmake-3.18.4/CMakeFiles/CheckIncludeFiles/HAVE_SOCKIO_H.c
/home/ewjung/space/cmake/cmake-3.18.4/CMakeFiles/CheckIncludeFiles/HAVE_SOCKIO_H.c:53:20: fatal error: sockio.h: 그런 파일이나 디렉터리가 없습니다
compilation terminated.
CMakeFiles/cmTC_9617a.dir/build.make:84: 'CMakeFiles/cmTC_9617a.dir/HAVE_SOCKIO_H.c.o' 타겟에 대한 명령이 실패했습니다
make[1]: *** [CMakeFiles/cmTC_9617a.dir/HAVE_SOCKIO_H.c.o] 오류 1
make[1]: 디렉터리 '/media/ewjung/f6813a7e-ee48-4924-8e7d-d3641b6cc72d/ew_space/cmake/cmake-3.18.4/CMakeFiles/CMakeTmp' 나감
Makefile:140: 'cmTC_9617a/fast' 타겟에 대한 명령이 실패했습니다
make: *** [cmTC_9617a/fast] 오류 2


Source:
/* */
#include <stdio.h>
#include <inttypes.h>
#include <sys/ioctl.h>
#include <sys/param.h>
#include <sys/poll.h>
#include <sys/resource.h>
#include <sys/select.h>
#include <sys/socket.h>
#include <sys/stat.h>
#include <sys/time.h>
#include <sys/types.h>
#include <sys/uio.h>
#include <sys/un.h>
#include <sys/xattr.h>
#include <alloca.h>
#include <arpa/inet.h>
#include <arpa/tftp.h>
#include <assert.h>
#include <err.h>
#include <errno.h>
#include <fcntl.h>
#include <ifaddrs.h>
#include <libgen.h>
#include <locale.h>
#include <net/if.h>
#include <netdb.h>
#include <netinet/in.h>
#include <netinet/tcp.h>
#include <poll.h>
#include <pwd.h>
#include <setjmp.h>
#include <sgtty.h>
#include <signal.h>
#include <stdbool.h>
#include <stdint.h>
#include <stdio.h>
#include <stdlib.h>
#include <string.h>
#include <strings.h>
#include <stropts.h>
#include <termio.h>
#include <termios.h>
#include <time.h>
#include <unistd.h>
#include <utime.h>
#include <stddef.h>
#include <dlfcn.h>
#include <malloc.h>
#include <memory.h>
#include <netinet/if_ether.h>
#include <stdint.h>
#include <sockio.h>


int main(void){return 0;}

Determining if the stricmp exist failed with the following output:
Change Dir: /home/ewjung/space/cmake/cmake-3.18.4/CMakeFiles/CMakeTmp

Run Build Command(s):/usr/bin/make cmTC_71769/fast && make  -f CMakeFiles/cmTC_71769.dir/build.make CMakeFiles/cmTC_71769.dir/build
make[1]: 디렉터리 '/media/ewjung/f6813a7e-ee48-4924-8e7d-d3641b6cc72d/ew_space/cmake/cmake-3.18.4/CMakeFiles/CMakeTmp' 들어감
Building C object CMakeFiles/cmTC_71769.dir/CheckSymbolExists.c.o
/usr/bin/gcc   -w  -std=gnu11 -o CMakeFiles/cmTC_71769.dir/CheckSymbolExists.c.o -c /home/ewjung/space/cmake/cmake-3.18.4/CMakeFiles/CMakeTmp/CheckSymbolExists.c
/home/ewjung/space/cmake/cmake-3.18.4/CMakeFiles/CMakeTmp/CheckSymbolExists.c: In function ‘main’:
/home/ewjung/space/cmake/cmake-3.18.4/CMakeFiles/CMakeTmp/CheckSymbolExists.c:59:19: error: ‘stricmp’ undeclared (first use in this function)
   return ((int*)(&stricmp))[argc];
                   ^
/home/ewjung/space/cmake/cmake-3.18.4/CMakeFiles/CMakeTmp/CheckSymbolExists.c:59:19: note: each undeclared identifier is reported only once for each function it appears in
CMakeFiles/cmTC_71769.dir/build.make:84: 'CMakeFiles/cmTC_71769.dir/CheckSymbolExists.c.o' 타겟에 대한 명령이 실패했습니다
make[1]: *** [CMakeFiles/cmTC_71769.dir/CheckSymbolExists.c.o] 오류 1
make[1]: 디렉터리 '/media/ewjung/f6813a7e-ee48-4924-8e7d-d3641b6cc72d/ew_space/cmake/cmake-3.18.4/CMakeFiles/CMakeTmp' 나감
Makefile:140: 'cmTC_71769/fast' 타겟에 대한 명령이 실패했습니다
make: *** [cmTC_71769/fast] 오류 2


File /home/ewjung/space/cmake/cmake-3.18.4/CMakeFiles/CMakeTmp/CheckSymbolExists.c:
/* */
#include <stdio.h>
#include <inttypes.h>
#include <sys/ioctl.h>
#include <sys/param.h>
#include <sys/poll.h>
#include <sys/resource.h>
#include <sys/select.h>
#include <sys/socket.h>
#include <sys/stat.h>
#include <sys/time.h>
#include <sys/types.h>
#include <sys/uio.h>
#include <sys/un.h>
#include <sys/xattr.h>
#include <alloca.h>
#include <arpa/inet.h>
#include <arpa/tftp.h>
#include <assert.h>
#include <err.h>
#include <errno.h>
#include <fcntl.h>
#include <ifaddrs.h>
#include <libgen.h>
#include <locale.h>
#include <net/if.h>
#include <netdb.h>
#include <netinet/in.h>
#include <netinet/tcp.h>
#include <poll.h>
#include <pwd.h>
#include <setjmp.h>
#include <sgtty.h>
#include <signal.h>
#include <stdbool.h>
#include <stdint.h>
#include <stdio.h>
#include <stdlib.h>
#include <string.h>
#include <strings.h>
#include <stropts.h>
#include <termio.h>
#include <termios.h>
#include <time.h>
#include <unistd.h>
#include <utime.h>
#include <stddef.h>
#include <dlfcn.h>
#include <malloc.h>
#include <memory.h>
#include <netinet/if_ether.h>
#include <stdint.h>
#include <sys/utsname.h>

int main(int argc, char** argv)
{
  (void)argv;
#ifndef stricmp
  return ((int*)(&stricmp))[argc];
#else
  (void)argc;
  return 0;
#endif
}
Determining if the strcmpi exist failed with the following output:
Change Dir: /home/ewjung/space/cmake/cmake-3.18.4/CMakeFiles/CMakeTmp

Run Build Command(s):/usr/bin/make cmTC_c5f64/fast && make  -f CMakeFiles/cmTC_c5f64.dir/build.make CMakeFiles/cmTC_c5f64.dir/build
make[1]: 디렉터리 '/media/ewjung/f6813a7e-ee48-4924-8e7d-d3641b6cc72d/ew_space/cmake/cmake-3.18.4/CMakeFiles/CMakeTmp' 들어감
Building C object CMakeFiles/cmTC_c5f64.dir/CheckSymbolExists.c.o
/usr/bin/gcc   -w  -std=gnu11 -o CMakeFiles/cmTC_c5f64.dir/CheckSymbolExists.c.o -c /home/ewjung/space/cmake/cmake-3.18.4/CMakeFiles/CMakeTmp/CheckSymbolExists.c
/home/ewjung/space/cmake/cmake-3.18.4/CMakeFiles/CMakeTmp/CheckSymbolExists.c: In function ‘main’:
/home/ewjung/space/cmake/cmake-3.18.4/CMakeFiles/CMakeTmp/CheckSymbolExists.c:59:19: error: ‘strcmpi’ undeclared (first use in this function)
   return ((int*)(&strcmpi))[argc];
                   ^
/home/ewjung/space/cmake/cmake-3.18.4/CMakeFiles/CMakeTmp/CheckSymbolExists.c:59:19: note: each undeclared identifier is reported only once for each function it appears in
CMakeFiles/cmTC_c5f64.dir/build.make:84: 'CMakeFiles/cmTC_c5f64.dir/CheckSymbolExists.c.o' 타겟에 대한 명령이 실패했습니다
make[1]: *** [CMakeFiles/cmTC_c5f64.dir/CheckSymbolExists.c.o] 오류 1
make[1]: 디렉터리 '/media/ewjung/f6813a7e-ee48-4924-8e7d-d3641b6cc72d/ew_space/cmake/cmake-3.18.4/CMakeFiles/CMakeTmp' 나감
Makefile:140: 'cmTC_c5f64/fast' 타겟에 대한 명령이 실패했습니다
make: *** [cmTC_c5f64/fast] 오류 2


File /home/ewjung/space/cmake/cmake-3.18.4/CMakeFiles/CMakeTmp/CheckSymbolExists.c:
/* */
#include <stdio.h>
#include <inttypes.h>
#include <sys/ioctl.h>
#include <sys/param.h>
#include <sys/poll.h>
#include <sys/resource.h>
#include <sys/select.h>
#include <sys/socket.h>
#include <sys/stat.h>
#include <sys/time.h>
#include <sys/types.h>
#include <sys/uio.h>
#include <sys/un.h>
#include <sys/xattr.h>
#include <alloca.h>
#include <arpa/inet.h>
#include <arpa/tftp.h>
#include <assert.h>
#include <err.h>
#include <errno.h>
#include <fcntl.h>
#include <ifaddrs.h>
#include <libgen.h>
#include <locale.h>
#include <net/if.h>
#include <netdb.h>
#include <netinet/in.h>
#include <netinet/tcp.h>
#include <poll.h>
#include <pwd.h>
#include <setjmp.h>
#include <sgtty.h>
#include <signal.h>
#include <stdbool.h>
#include <stdint.h>
#include <stdio.h>
#include <stdlib.h>
#include <string.h>
#include <strings.h>
#include <stropts.h>
#include <termio.h>
#include <termios.h>
#include <time.h>
#include <unistd.h>
#include <utime.h>
#include <stddef.h>
#include <dlfcn.h>
#include <malloc.h>
#include <memory.h>
#include <netinet/if_ether.h>
#include <stdint.h>
#include <sys/utsname.h>

int main(int argc, char** argv)
{
  (void)argv;
#ifndef strcmpi
  return ((int*)(&strcmpi))[argc];
#else
  (void)argc;
  return 0;
#endif
}
Determining if the strncmpi exist failed with the following output:
Change Dir: /home/ewjung/space/cmake/cmake-3.18.4/CMakeFiles/CMakeTmp

Run Build Command(s):/usr/bin/make cmTC_f39d0/fast && make  -f CMakeFiles/cmTC_f39d0.dir/build.make CMakeFiles/cmTC_f39d0.dir/build
make[1]: 디렉터리 '/media/ewjung/f6813a7e-ee48-4924-8e7d-d3641b6cc72d/ew_space/cmake/cmake-3.18.4/CMakeFiles/CMakeTmp' 들어감
Building C object CMakeFiles/cmTC_f39d0.dir/CheckSymbolExists.c.o
/usr/bin/gcc   -w  -std=gnu11 -o CMakeFiles/cmTC_f39d0.dir/CheckSymbolExists.c.o -c /home/ewjung/space/cmake/cmake-3.18.4/CMakeFiles/CMakeTmp/CheckSymbolExists.c
/home/ewjung/space/cmake/cmake-3.18.4/CMakeFiles/CMakeTmp/CheckSymbolExists.c: In function ‘main’:
/home/ewjung/space/cmake/cmake-3.18.4/CMakeFiles/CMakeTmp/CheckSymbolExists.c:59:19: error: ‘strncmpi’ undeclared (first use in this function)
   return ((int*)(&strncmpi))[argc];
                   ^
/home/ewjung/space/cmake/cmake-3.18.4/CMakeFiles/CMakeTmp/CheckSymbolExists.c:59:19: note: each undeclared identifier is reported only once for each function it appears in
CMakeFiles/cmTC_f39d0.dir/build.make:84: 'CMakeFiles/cmTC_f39d0.dir/CheckSymbolExists.c.o' 타겟에 대한 명령이 실패했습니다
make[1]: *** [CMakeFiles/cmTC_f39d0.dir/CheckSymbolExists.c.o] 오류 1
make[1]: 디렉터리 '/media/ewjung/f6813a7e-ee48-4924-8e7d-d3641b6cc72d/ew_space/cmake/cmake-3.18.4/CMakeFiles/CMakeTmp' 나감
Makefile:140: 'cmTC_f39d0/fast' 타겟에 대한 명령이 실패했습니다
make: *** [cmTC_f39d0/fast] 오류 2


File /home/ewjung/space/cmake/cmake-3.18.4/CMakeFiles/CMakeTmp/CheckSymbolExists.c:
/* */
#include <stdio.h>
#include <inttypes.h>
#include <sys/ioctl.h>
#include <sys/param.h>
#include <sys/poll.h>
#include <sys/resource.h>
#include <sys/select.h>
#include <sys/socket.h>
#include <sys/stat.h>
#include <sys/time.h>
#include <sys/types.h>
#include <sys/uio.h>
#include <sys/un.h>
#include <sys/xattr.h>
#include <alloca.h>
#include <arpa/inet.h>
#include <arpa/tftp.h>
#include <assert.h>
#include <err.h>
#include <errno.h>
#include <fcntl.h>
#include <ifaddrs.h>
#include <libgen.h>
#include <locale.h>
#include <net/if.h>
#include <netdb.h>
#include <netinet/in.h>
#include <netinet/tcp.h>
#include <poll.h>
#include <pwd.h>
#include <setjmp.h>
#include <sgtty.h>
#include <signal.h>
#include <stdbool.h>
#include <stdint.h>
#include <stdio.h>
#include <stdlib.h>
#include <string.h>
#include <strings.h>
#include <stropts.h>
#include <termio.h>
#include <termios.h>
#include <time.h>
#include <unistd.h>
#include <utime.h>
#include <stddef.h>
#include <dlfcn.h>
#include <malloc.h>
#include <memory.h>
#include <netinet/if_ether.h>
#include <stdint.h>
#include <sys/utsname.h>

int main(int argc, char** argv)
{
  (void)argv;
#ifndef strncmpi
  return ((int*)(&strncmpi))[argc];
#else
  (void)argc;
  return 0;
#endif
}
Determining if the inet_ntoa_r exist failed with the following output:
Change Dir: /home/ewjung/space/cmake/cmake-3.18.4/CMakeFiles/CMakeTmp

Run Build Command(s):/usr/bin/make cmTC_cff81/fast && make  -f CMakeFiles/cmTC_cff81.dir/build.make CMakeFiles/cmTC_cff81.dir/build
make[1]: 디렉터리 '/media/ewjung/f6813a7e-ee48-4924-8e7d-d3641b6cc72d/ew_space/cmake/cmake-3.18.4/CMakeFiles/CMakeTmp' 들어감
Building C object CMakeFiles/cmTC_cff81.dir/CheckSymbolExists.c.o
/usr/bin/gcc   -w  -std=gnu11 -o CMakeFiles/cmTC_cff81.dir/CheckSymbolExists.c.o -c /home/ewjung/space/cmake/cmake-3.18.4/CMakeFiles/CMakeTmp/CheckSymbolExists.c
/home/ewjung/space/cmake/cmake-3.18.4/CMakeFiles/CMakeTmp/CheckSymbolExists.c: In function ‘main’:
/home/ewjung/space/cmake/cmake-3.18.4/CMakeFiles/CMakeTmp/CheckSymbolExists.c:59:19: error: ‘inet_ntoa_r’ undeclared (first use in this function)
   return ((int*)(&inet_ntoa_r))[argc];
                   ^
/home/ewjung/space/cmake/cmake-3.18.4/CMakeFiles/CMakeTmp/CheckSymbolExists.c:59:19: note: each undeclared identifier is reported only once for each function it appears in
CMakeFiles/cmTC_cff81.dir/build.make:84: 'CMakeFiles/cmTC_cff81.dir/CheckSymbolExists.c.o' 타겟에 대한 명령이 실패했습니다
make[1]: *** [CMakeFiles/cmTC_cff81.dir/CheckSymbolExists.c.o] 오류 1
make[1]: 디렉터리 '/media/ewjung/f6813a7e-ee48-4924-8e7d-d3641b6cc72d/ew_space/cmake/cmake-3.18.4/CMakeFiles/CMakeTmp' 나감
Makefile:140: 'cmTC_cff81/fast' 타겟에 대한 명령이 실패했습니다
make: *** [cmTC_cff81/fast] 오류 2


File /home/ewjung/space/cmake/cmake-3.18.4/CMakeFiles/CMakeTmp/CheckSymbolExists.c:
/* */
#include <stdio.h>
#include <inttypes.h>
#include <sys/ioctl.h>
#include <sys/param.h>
#include <sys/poll.h>
#include <sys/resource.h>
#include <sys/select.h>
#include <sys/socket.h>
#include <sys/stat.h>
#include <sys/time.h>
#include <sys/types.h>
#include <sys/uio.h>
#include <sys/un.h>
#include <sys/xattr.h>
#include <alloca.h>
#include <arpa/inet.h>
#include <arpa/tftp.h>
#include <assert.h>
#include <err.h>
#include <errno.h>
#include <fcntl.h>
#include <ifaddrs.h>
#include <libgen.h>
#include <locale.h>
#include <net/if.h>
#include <netdb.h>
#include <netinet/in.h>
#include <netinet/tcp.h>
#include <poll.h>
#include <pwd.h>
#include <setjmp.h>
#include <sgtty.h>
#include <signal.h>
#include <stdbool.h>
#include <stdint.h>
#include <stdio.h>
#include <stdlib.h>
#include <string.h>
#include <strings.h>
#include <stropts.h>
#include <termio.h>
#include <termios.h>
#include <time.h>
#include <unistd.h>
#include <utime.h>
#include <stddef.h>
#include <dlfcn.h>
#include <malloc.h>
#include <memory.h>
#include <netinet/if_ether.h>
#include <stdint.h>
#include <sys/utsname.h>

int main(int argc, char** argv)
{
  (void)argv;
#ifndef inet_ntoa_r
  return ((int*)(&inet_ntoa_r))[argc];
#else
  (void)argc;
  return 0;
#endif
}
Determining if the closesocket exist failed with the following output:
Change Dir: /home/ewjung/space/cmake/cmake-3.18.4/CMakeFiles/CMakeTmp

Run Build Command(s):/usr/bin/make cmTC_f6ee1/fast && make  -f CMakeFiles/cmTC_f6ee1.dir/build.make CMakeFiles/cmTC_f6ee1.dir/build
make[1]: 디렉터리 '/media/ewjung/f6813a7e-ee48-4924-8e7d-d3641b6cc72d/ew_space/cmake/cmake-3.18.4/CMakeFiles/CMakeTmp' 들어감
Building C object CMakeFiles/cmTC_f6ee1.dir/CheckSymbolExists.c.o
/usr/bin/gcc   -w  -std=gnu11 -o CMakeFiles/cmTC_f6ee1.dir/CheckSymbolExists.c.o -c /home/ewjung/space/cmake/cmake-3.18.4/CMakeFiles/CMakeTmp/CheckSymbolExists.c
/home/ewjung/space/cmake/cmake-3.18.4/CMakeFiles/CMakeTmp/CheckSymbolExists.c: In function ‘main’:
/home/ewjung/space/cmake/cmake-3.18.4/CMakeFiles/CMakeTmp/CheckSymbolExists.c:59:19: error: ‘closesocket’ undeclared (first use in this function)
   return ((int*)(&closesocket))[argc];
                   ^
/home/ewjung/space/cmake/cmake-3.18.4/CMakeFiles/CMakeTmp/CheckSymbolExists.c:59:19: note: each undeclared identifier is reported only once for each function it appears in
CMakeFiles/cmTC_f6ee1.dir/build.make:84: 'CMakeFiles/cmTC_f6ee1.dir/CheckSymbolExists.c.o' 타겟에 대한 명령이 실패했습니다
make[1]: *** [CMakeFiles/cmTC_f6ee1.dir/CheckSymbolExists.c.o] 오류 1
make[1]: 디렉터리 '/media/ewjung/f6813a7e-ee48-4924-8e7d-d3641b6cc72d/ew_space/cmake/cmake-3.18.4/CMakeFiles/CMakeTmp' 나감
Makefile:140: 'cmTC_f6ee1/fast' 타겟에 대한 명령이 실패했습니다
make: *** [cmTC_f6ee1/fast] 오류 2


File /home/ewjung/space/cmake/cmake-3.18.4/CMakeFiles/CMakeTmp/CheckSymbolExists.c:
/* */
#include <stdio.h>
#include <inttypes.h>
#include <sys/ioctl.h>
#include <sys/param.h>
#include <sys/poll.h>
#include <sys/resource.h>
#include <sys/select.h>
#include <sys/socket.h>
#include <sys/stat.h>
#include <sys/time.h>
#include <sys/types.h>
#include <sys/uio.h>
#include <sys/un.h>
#include <sys/xattr.h>
#include <alloca.h>
#include <arpa/inet.h>
#include <arpa/tftp.h>
#include <assert.h>
#include <err.h>
#include <errno.h>
#include <fcntl.h>
#include <ifaddrs.h>
#include <libgen.h>
#include <locale.h>
#include <net/if.h>
#include <netdb.h>
#include <netinet/in.h>
#include <netinet/tcp.h>
#include <poll.h>
#include <pwd.h>
#include <setjmp.h>
#include <sgtty.h>
#include <signal.h>
#include <stdbool.h>
#include <stdint.h>
#include <stdio.h>
#include <stdlib.h>
#include <string.h>
#include <strings.h>
#include <stropts.h>
#include <termio.h>
#include <termios.h>
#include <time.h>
#include <unistd.h>
#include <utime.h>
#include <stddef.h>
#include <dlfcn.h>
#include <malloc.h>
#include <memory.h>
#include <netinet/if_ether.h>
#include <stdint.h>
#include <sys/utsname.h>

int main(int argc, char** argv)
{
  (void)argv;
#ifndef closesocket
  return ((int*)(&closesocket))[argc];
#else
  (void)argc;
  return 0;
#endif
}
Determining if the getpass_r exist failed with the following output:
Change Dir: /home/ewjung/space/cmake/cmake-3.18.4/CMakeFiles/CMakeTmp

Run Build Command(s):/usr/bin/make cmTC_f74e4/fast && make  -f CMakeFiles/cmTC_f74e4.dir/build.make CMakeFiles/cmTC_f74e4.dir/build
make[1]: 디렉터리 '/media/ewjung/f6813a7e-ee48-4924-8e7d-d3641b6cc72d/ew_space/cmake/cmake-3.18.4/CMakeFiles/CMakeTmp' 들어감
Building C object CMakeFiles/cmTC_f74e4.dir/CheckSymbolExists.c.o
/usr/bin/gcc   -w  -std=gnu11 -o CMakeFiles/cmTC_f74e4.dir/CheckSymbolExists.c.o -c /home/ewjung/space/cmake/cmake-3.18.4/CMakeFiles/CMakeTmp/CheckSymbolExists.c
/home/ewjung/space/cmake/cmake-3.18.4/CMakeFiles/CMakeTmp/CheckSymbolExists.c: In function ‘main’:
/home/ewjung/space/cmake/cmake-3.18.4/CMakeFiles/CMakeTmp/CheckSymbolExists.c:59:19: error: ‘getpass_r’ undeclared (first use in this function)
   return ((int*)(&getpass_r))[argc];
                   ^
/home/ewjung/space/cmake/cmake-3.18.4/CMakeFiles/CMakeTmp/CheckSymbolExists.c:59:19: note: each undeclared identifier is reported only once for each function it appears in
CMakeFiles/cmTC_f74e4.dir/build.make:84: 'CMakeFiles/cmTC_f74e4.dir/CheckSymbolExists.c.o' 타겟에 대한 명령이 실패했습니다
make[1]: *** [CMakeFiles/cmTC_f74e4.dir/CheckSymbolExists.c.o] 오류 1
make[1]: 디렉터리 '/media/ewjung/f6813a7e-ee48-4924-8e7d-d3641b6cc72d/ew_space/cmake/cmake-3.18.4/CMakeFiles/CMakeTmp' 나감
Makefile:140: 'cmTC_f74e4/fast' 타겟에 대한 명령이 실패했습니다
make: *** [cmTC_f74e4/fast] 오류 2


File /home/ewjung/space/cmake/cmake-3.18.4/CMakeFiles/CMakeTmp/CheckSymbolExists.c:
/* */
#include <stdio.h>
#include <inttypes.h>
#include <sys/ioctl.h>
#include <sys/param.h>
#include <sys/poll.h>
#include <sys/resource.h>
#include <sys/select.h>
#include <sys/socket.h>
#include <sys/stat.h>
#include <sys/time.h>
#include <sys/types.h>
#include <sys/uio.h>
#include <sys/un.h>
#include <sys/xattr.h>
#include <alloca.h>
#include <arpa/inet.h>
#include <arpa/tftp.h>
#include <assert.h>
#include <err.h>
#include <errno.h>
#include <fcntl.h>
#include <ifaddrs.h>
#include <libgen.h>
#include <locale.h>
#include <net/if.h>
#include <netdb.h>
#include <netinet/in.h>
#include <netinet/tcp.h>
#include <poll.h>
#include <pwd.h>
#include <setjmp.h>
#include <sgtty.h>
#include <signal.h>
#include <stdbool.h>
#include <stdint.h>
#include <stdio.h>
#include <stdlib.h>
#include <string.h>
#include <strings.h>
#include <stropts.h>
#include <termio.h>
#include <termios.h>
#include <time.h>
#include <unistd.h>
#include <utime.h>
#include <stddef.h>
#include <dlfcn.h>
#include <malloc.h>
#include <memory.h>
#include <netinet/if_ether.h>
#include <stdint.h>
#include <sys/utsname.h>

int main(int argc, char** argv)
{
  (void)argv;
#ifndef getpass_r
  return ((int*)(&getpass_r))[argc];
#else
  (void)argc;
  return 0;
#endif
}
Determining if the strlcat exist failed with the following output:
Change Dir: /home/ewjung/space/cmake/cmake-3.18.4/CMakeFiles/CMakeTmp

Run Build Command(s):/usr/bin/make cmTC_18c91/fast && make  -f CMakeFiles/cmTC_18c91.dir/build.make CMakeFiles/cmTC_18c91.dir/build
make[1]: 디렉터리 '/media/ewjung/f6813a7e-ee48-4924-8e7d-d3641b6cc72d/ew_space/cmake/cmake-3.18.4/CMakeFiles/CMakeTmp' 들어감
Building C object CMakeFiles/cmTC_18c91.dir/CheckSymbolExists.c.o
/usr/bin/gcc   -w  -std=gnu11 -o CMakeFiles/cmTC_18c91.dir/CheckSymbolExists.c.o -c /home/ewjung/space/cmake/cmake-3.18.4/CMakeFiles/CMakeTmp/CheckSymbolExists.c
/home/ewjung/space/cmake/cmake-3.18.4/CMakeFiles/CMakeTmp/CheckSymbolExists.c: In function ‘main’:
/home/ewjung/space/cmake/cmake-3.18.4/CMakeFiles/CMakeTmp/CheckSymbolExists.c:59:19: error: ‘strlcat’ undeclared (first use in this function)
   return ((int*)(&strlcat))[argc];
                   ^
/home/ewjung/space/cmake/cmake-3.18.4/CMakeFiles/CMakeTmp/CheckSymbolExists.c:59:19: note: each undeclared identifier is reported only once for each function it appears in
CMakeFiles/cmTC_18c91.dir/build.make:84: 'CMakeFiles/cmTC_18c91.dir/CheckSymbolExists.c.o' 타겟에 대한 명령이 실패했습니다
make[1]: *** [CMakeFiles/cmTC_18c91.dir/CheckSymbolExists.c.o] 오류 1
make[1]: 디렉터리 '/media/ewjung/f6813a7e-ee48-4924-8e7d-d3641b6cc72d/ew_space/cmake/cmake-3.18.4/CMakeFiles/CMakeTmp' 나감
Makefile:140: 'cmTC_18c91/fast' 타겟에 대한 명령이 실패했습니다
make: *** [cmTC_18c91/fast] 오류 2


File /home/ewjung/space/cmake/cmake-3.18.4/CMakeFiles/CMakeTmp/CheckSymbolExists.c:
/* */
#include <stdio.h>
#include <inttypes.h>
#include <sys/ioctl.h>
#include <sys/param.h>
#include <sys/poll.h>
#include <sys/resource.h>
#include <sys/select.h>
#include <sys/socket.h>
#include <sys/stat.h>
#include <sys/time.h>
#include <sys/types.h>
#include <sys/uio.h>
#include <sys/un.h>
#include <sys/xattr.h>
#include <alloca.h>
#include <arpa/inet.h>
#include <arpa/tftp.h>
#include <assert.h>
#include <err.h>
#include <errno.h>
#include <fcntl.h>
#include <ifaddrs.h>
#include <libgen.h>
#include <locale.h>
#include <net/if.h>
#include <netdb.h>
#include <netinet/in.h>
#include <netinet/tcp.h>
#include <poll.h>
#include <pwd.h>
#include <setjmp.h>
#include <sgtty.h>
#include <signal.h>
#include <stdbool.h>
#include <stdint.h>
#include <stdio.h>
#include <stdlib.h>
#include <string.h>
#include <strings.h>
#include <stropts.h>
#include <termio.h>
#include <termios.h>
#include <time.h>
#include <unistd.h>
#include <utime.h>
#include <stddef.h>
#include <dlfcn.h>
#include <malloc.h>
#include <memory.h>
#include <netinet/if_ether.h>
#include <stdint.h>
#include <sys/utsname.h>

int main(int argc, char** argv)
{
  (void)argv;
#ifndef strlcat
  return ((int*)(&strlcat))[argc];
#else
  (void)argc;
  return 0;
#endif
}
Determining if the _strtoi64 exist failed with the following output:
Change Dir: /home/ewjung/space/cmake/cmake-3.18.4/CMakeFiles/CMakeTmp

Run Build Command(s):/usr/bin/make cmTC_949bd/fast && make  -f CMakeFiles/cmTC_949bd.dir/build.make CMakeFiles/cmTC_949bd.dir/build
make[1]: 디렉터리 '/media/ewjung/f6813a7e-ee48-4924-8e7d-d3641b6cc72d/ew_space/cmake/cmake-3.18.4/CMakeFiles/CMakeTmp' 들어감
Building C object CMakeFiles/cmTC_949bd.dir/CheckSymbolExists.c.o
/usr/bin/gcc   -w  -std=gnu11 -o CMakeFiles/cmTC_949bd.dir/CheckSymbolExists.c.o -c /home/ewjung/space/cmake/cmake-3.18.4/CMakeFiles/CMakeTmp/CheckSymbolExists.c
/home/ewjung/space/cmake/cmake-3.18.4/CMakeFiles/CMakeTmp/CheckSymbolExists.c: In function ‘main’:
/home/ewjung/space/cmake/cmake-3.18.4/CMakeFiles/CMakeTmp/CheckSymbolExists.c:59:19: error: ‘_strtoi64’ undeclared (first use in this function)
   return ((int*)(&_strtoi64))[argc];
                   ^
/home/ewjung/space/cmake/cmake-3.18.4/CMakeFiles/CMakeTmp/CheckSymbolExists.c:59:19: note: each undeclared identifier is reported only once for each function it appears in
CMakeFiles/cmTC_949bd.dir/build.make:84: 'CMakeFiles/cmTC_949bd.dir/CheckSymbolExists.c.o' 타겟에 대한 명령이 실패했습니다
make[1]: *** [CMakeFiles/cmTC_949bd.dir/CheckSymbolExists.c.o] 오류 1
make[1]: 디렉터리 '/media/ewjung/f6813a7e-ee48-4924-8e7d-d3641b6cc72d/ew_space/cmake/cmake-3.18.4/CMakeFiles/CMakeTmp' 나감
Makefile:140: 'cmTC_949bd/fast' 타겟에 대한 명령이 실패했습니다
make: *** [cmTC_949bd/fast] 오류 2


File /home/ewjung/space/cmake/cmake-3.18.4/CMakeFiles/CMakeTmp/CheckSymbolExists.c:
/* */
#include <stdio.h>
#include <inttypes.h>
#include <sys/ioctl.h>
#include <sys/param.h>
#include <sys/poll.h>
#include <sys/resource.h>
#include <sys/select.h>
#include <sys/socket.h>
#include <sys/stat.h>
#include <sys/time.h>
#include <sys/types.h>
#include <sys/uio.h>
#include <sys/un.h>
#include <sys/xattr.h>
#include <alloca.h>
#include <arpa/inet.h>
#include <arpa/tftp.h>
#include <assert.h>
#include <err.h>
#include <errno.h>
#include <fcntl.h>
#include <ifaddrs.h>
#include <libgen.h>
#include <locale.h>
#include <net/if.h>
#include <netdb.h>
#include <netinet/in.h>
#include <netinet/tcp.h>
#include <poll.h>
#include <pwd.h>
#include <setjmp.h>
#include <sgtty.h>
#include <signal.h>
#include <stdbool.h>
#include <stdint.h>
#include <stdio.h>
#include <stdlib.h>
#include <string.h>
#include <strings.h>
#include <stropts.h>
#include <termio.h>
#include <termios.h>
#include <time.h>
#include <unistd.h>
#include <utime.h>
#include <stddef.h>
#include <dlfcn.h>
#include <malloc.h>
#include <memory.h>
#include <netinet/if_ether.h>
#include <stdint.h>
#include <sys/utsname.h>

int main(int argc, char** argv)
{
  (void)argv;
#ifndef _strtoi64
  return ((int*)(&_strtoi64))[argc];
#else
  (void)argc;
  return 0;
#endif
}
Determining if the setmode exist failed with the following output:
Change Dir: /home/ewjung/space/cmake/cmake-3.18.4/CMakeFiles/CMakeTmp

Run Build Command(s):/usr/bin/make cmTC_63e15/fast && make  -f CMakeFiles/cmTC_63e15.dir/build.make CMakeFiles/cmTC_63e15.dir/build
make[1]: 디렉터리 '/media/ewjung/f6813a7e-ee48-4924-8e7d-d3641b6cc72d/ew_space/cmake/cmake-3.18.4/CMakeFiles/CMakeTmp' 들어감
Building C object CMakeFiles/cmTC_63e15.dir/CheckSymbolExists.c.o
/usr/bin/gcc   -w  -std=gnu11 -o CMakeFiles/cmTC_63e15.dir/CheckSymbolExists.c.o -c /home/ewjung/space/cmake/cmake-3.18.4/CMakeFiles/CMakeTmp/CheckSymbolExists.c
/home/ewjung/space/cmake/cmake-3.18.4/CMakeFiles/CMakeTmp/CheckSymbolExists.c: In function ‘main’:
/home/ewjung/space/cmake/cmake-3.18.4/CMakeFiles/CMakeTmp/CheckSymbolExists.c:59:19: error: ‘setmode’ undeclared (first use in this function)
   return ((int*)(&setmode))[argc];
                   ^
/home/ewjung/space/cmake/cmake-3.18.4/CMakeFiles/CMakeTmp/CheckSymbolExists.c:59:19: note: each undeclared identifier is reported only once for each function it appears in
CMakeFiles/cmTC_63e15.dir/build.make:84: 'CMakeFiles/cmTC_63e15.dir/CheckSymbolExists.c.o' 타겟에 대한 명령이 실패했습니다
make[1]: *** [CMakeFiles/cmTC_63e15.dir/CheckSymbolExists.c.o] 오류 1
make[1]: 디렉터리 '/media/ewjung/f6813a7e-ee48-4924-8e7d-d3641b6cc72d/ew_space/cmake/cmake-3.18.4/CMakeFiles/CMakeTmp' 나감
Makefile:140: 'cmTC_63e15/fast' 타겟에 대한 명령이 실패했습니다
make: *** [cmTC_63e15/fast] 오류 2


File /home/ewjung/space/cmake/cmake-3.18.4/CMakeFiles/CMakeTmp/CheckSymbolExists.c:
/* */
#include <stdio.h>
#include <inttypes.h>
#include <sys/ioctl.h>
#include <sys/param.h>
#include <sys/poll.h>
#include <sys/resource.h>
#include <sys/select.h>
#include <sys/socket.h>
#include <sys/stat.h>
#include <sys/time.h>
#include <sys/types.h>
#include <sys/uio.h>
#include <sys/un.h>
#include <sys/xattr.h>
#include <alloca.h>
#include <arpa/inet.h>
#include <arpa/tftp.h>
#include <assert.h>
#include <err.h>
#include <errno.h>
#include <fcntl.h>
#include <ifaddrs.h>
#include <libgen.h>
#include <locale.h>
#include <net/if.h>
#include <netdb.h>
#include <netinet/in.h>
#include <netinet/tcp.h>
#include <poll.h>
#include <pwd.h>
#include <setjmp.h>
#include <sgtty.h>
#include <signal.h>
#include <stdbool.h>
#include <stdint.h>
#include <stdio.h>
#include <stdlib.h>
#include <string.h>
#include <strings.h>
#include <stropts.h>
#include <termio.h>
#include <termios.h>
#include <time.h>
#include <unistd.h>
#include <utime.h>
#include <stddef.h>
#include <dlfcn.h>
#include <malloc.h>
#include <memory.h>
#include <netinet/if_ether.h>
#include <stdint.h>
#include <sys/utsname.h>

int main(int argc, char** argv)
{
  (void)argv;
#ifndef setmode
  return ((int*)(&setmode))[argc];
#else
  (void)argc;
  return 0;
#endif
}
Determining if the function mach_absolute_time exists failed with the following output:
Change Dir: /home/ewjung/space/cmake/cmake-3.18.4/CMakeFiles/CMakeTmp

Run Build Command(s):/usr/bin/make cmTC_c1f42/fast && make  -f CMakeFiles/cmTC_c1f42.dir/build.make CMakeFiles/cmTC_c1f42.dir/build
make[1]: 디렉터리 '/media/ewjung/f6813a7e-ee48-4924-8e7d-d3641b6cc72d/ew_space/cmake/cmake-3.18.4/CMakeFiles/CMakeTmp' 들어감
Building C object CMakeFiles/cmTC_c1f42.dir/CheckFunctionExists.c.o
/usr/bin/gcc   -w -DCHECK_FUNCTION_EXISTS=mach_absolute_time -std=gnu11 -o CMakeFiles/cmTC_c1f42.dir/CheckFunctionExists.c.o -c /home/ewjung/space/cmake/cmake-3.18.4/Modules/CheckFunctionExists.c
Linking C executable cmTC_c1f42
/media/ewjung/f6813a7e-ee48-4924-8e7d-d3641b6cc72d/ew_space/cmake/cmake-3.18.4/Bootstrap.cmk/cmake -E cmake_link_script CMakeFiles/cmTC_c1f42.dir/link.txt --verbose=1
/usr/bin/gcc   -w -DCHECK_FUNCTION_EXISTS=mach_absolute_time CMakeFiles/cmTC_c1f42.dir/CheckFunctionExists.c.o -o cmTC_c1f42 
CMakeFiles/cmTC_c1f42.dir/CheckFunctionExists.c.o: In function `main':
CheckFunctionExists.c:(.text+0x10): undefined reference to `mach_absolute_time'
collect2: error: ld returned 1 exit status
CMakeFiles/cmTC_c1f42.dir/build.make:105: 'cmTC_c1f42' 타겟에 대한 명령이 실패했습니다
make[1]: *** [cmTC_c1f42] 오류 1
make[1]: 디렉터리 '/media/ewjung/f6813a7e-ee48-4924-8e7d-d3641b6cc72d/ew_space/cmake/cmake-3.18.4/CMakeFiles/CMakeTmp' 나감
Makefile:140: 'cmTC_c1f42/fast' 타겟에 대한 명령이 실패했습니다
make: *** [cmTC_c1f42/fast] 오류 2



Performing Curl Test HAVE_FSETXATTR_6 failed with the following output:
Change Dir: /home/ewjung/space/cmake/cmake-3.18.4/CMakeFiles/CMakeTmp

Run Build Command(s):/usr/bin/make cmTC_462d3/fast && make  -f CMakeFiles/cmTC_462d3.dir/build.make CMakeFiles/cmTC_462d3.dir/build
make[1]: 디렉터리 '/media/ewjung/f6813a7e-ee48-4924-8e7d-d3641b6cc72d/ew_space/cmake/cmake-3.18.4/CMakeFiles/CMakeTmp' 들어감
Building C object CMakeFiles/cmTC_462d3.dir/CurlTests.c.o
/usr/bin/gcc   -w -DHAVE_FSETXATTR_6  -DHAVE_STDIO_H -DHAVE_INTTYPES_H -DHAVE_SYS_IOCTL_H -DHAVE_SYS_PARAM_H -DHAVE_SYS_POLL_H -DHAVE_SYS_RESOURCE_H -DHAVE_SYS_SELECT_H -DHAVE_SYS_SOCKET_H -DHAVE_SYS_STAT_H -DHAVE_SYS_TIME_H -DHAVE_SYS_TYPES_H -DHAVE_SYS_UIO_H -DHAVE_SYS_UN_H -DHAVE_SYS_XATTR_H -DHAVE_ALLOCA_H -DHAVE_ARPA_INET_H -DHAVE_ARPA_TFTP_H -DHAVE_ASSERT_H -DHAVE_ERR_H -DHAVE_ERRNO_H -DHAVE_FCNTL_H -DHAVE_IFADDRS_H -DHAVE_LIBGEN_H -DHAVE_LOCALE_H -DHAVE_NET_IF_H -DHAVE_NETDB_H -DHAVE_NETINET_IN_H -DHAVE_NETINET_TCP_H -DHAVE_POLL_H -DHAVE_PWD_H -DHAVE_SETJMP_H -DHAVE_SGTTY_H -DHAVE_SIGNAL_H -DHAVE_STDBOOL_H -DHAVE_STDINT_H -DHAVE_STDIO_H -DHAVE_STDLIB_H -DHAVE_STRING_H -DHAVE_STRINGS_H -DHAVE_STROPTS_H -DHAVE_TERMIO_H -DHAVE_TERMIOS_H -DHAVE_TIME_H -DHAVE_UNISTD_H -DHAVE_UTIME_H -DHAVE_STDDEF_H -DHAVE_DLFCN_H -DHAVE_MALLOC_H -DHAVE_MEMORY_H -DHAVE_NETINET_IF_ETHER_H -DHAVE_STDINT_H -DHAVE_SYS_UTSNAME_H -std=gnu11 -o CMakeFiles/cmTC_462d3.dir/CurlTests.c.o -c /home/ewjung/space/cmake/cmake-3.18.4/Utilities/cmcurl/CMake/CurlTests.c
/home/ewjung/space/cmake/cmake-3.18.4/Utilities/cmcurl/CMake/CurlTests.c: In function ‘main’:
/home/ewjung/space/cmake/cmake-3.18.4/Utilities/cmcurl/CMake/CurlTests.c:544:3: error: too many arguments to function ‘fsetxattr’
   fsetxattr(0, 0, 0, 0, 0, 0);
   ^
In file included from /home/ewjung/space/cmake/cmake-3.18.4/Utilities/cmcurl/CMake/CurlTests.c:541:0:
/usr/include/x86_64-linux-gnu/sys/xattr.h:54:12: note: declared here
 extern int fsetxattr (int __fd, const char *__name, const void *__value,
            ^
CMakeFiles/cmTC_462d3.dir/build.make:84: 'CMakeFiles/cmTC_462d3.dir/CurlTests.c.o' 타겟에 대한 명령이 실패했습니다
make[1]: *** [CMakeFiles/cmTC_462d3.dir/CurlTests.c.o] 오류 1
make[1]: 디렉터리 '/media/ewjung/f6813a7e-ee48-4924-8e7d-d3641b6cc72d/ew_space/cmake/cmake-3.18.4/CMakeFiles/CMakeTmp' 나감
Makefile:140: 'cmTC_462d3/fast' 타겟에 대한 명령이 실패했습니다
make: *** [cmTC_462d3/fast] 오류 2


Performing Curl Test HAVE_IOCTLSOCKET failed with the following output:
Change Dir: /home/ewjung/space/cmake/cmake-3.18.4/CMakeFiles/CMakeTmp

Run Build Command(s):/usr/bin/make cmTC_964b0/fast && make  -f CMakeFiles/cmTC_964b0.dir/build.make CMakeFiles/cmTC_964b0.dir/build
make[1]: 디렉터리 '/media/ewjung/f6813a7e-ee48-4924-8e7d-d3641b6cc72d/ew_space/cmake/cmake-3.18.4/CMakeFiles/CMakeTmp' 들어감
Building C object CMakeFiles/cmTC_964b0.dir/CurlTests.c.o
/usr/bin/gcc   -w -DHAVE_IOCTLSOCKET  -DHAVE_STDIO_H -DHAVE_INTTYPES_H -DHAVE_SYS_IOCTL_H -DHAVE_SYS_PARAM_H -DHAVE_SYS_POLL_H -DHAVE_SYS_RESOURCE_H -DHAVE_SYS_SELECT_H -DHAVE_SYS_SOCKET_H -DHAVE_SYS_STAT_H -DHAVE_SYS_TIME_H -DHAVE_SYS_TYPES_H -DHAVE_SYS_UIO_H -DHAVE_SYS_UN_H -DHAVE_SYS_XATTR_H -DHAVE_ALLOCA_H -DHAVE_ARPA_INET_H -DHAVE_ARPA_TFTP_H -DHAVE_ASSERT_H -DHAVE_ERR_H -DHAVE_ERRNO_H -DHAVE_FCNTL_H -DHAVE_IFADDRS_H -DHAVE_LIBGEN_H -DHAVE_LOCALE_H -DHAVE_NET_IF_H -DHAVE_NETDB_H -DHAVE_NETINET_IN_H -DHAVE_NETINET_TCP_H -DHAVE_POLL_H -DHAVE_PWD_H -DHAVE_SETJMP_H -DHAVE_SGTTY_H -DHAVE_SIGNAL_H -DHAVE_STDBOOL_H -DHAVE_STDINT_H -DHAVE_STDIO_H -DHAVE_STDLIB_H -DHAVE_STRING_H -DHAVE_STRINGS_H -DHAVE_STROPTS_H -DHAVE_TERMIO_H -DHAVE_TERMIOS_H -DHAVE_TIME_H -DHAVE_UNISTD_H -DHAVE_UTIME_H -DHAVE_STDDEF_H -DHAVE_DLFCN_H -DHAVE_MALLOC_H -DHAVE_MEMORY_H -DHAVE_NETINET_IF_ETHER_H -DHAVE_STDINT_H -DHAVE_SYS_UTSNAME_H -std=gnu11 -o CMakeFiles/cmTC_964b0.dir/CurlTests.c.o -c /home/ewjung/space/cmake/cmake-3.18.4/Utilities/cmcurl/CMake/CurlTests.c
/home/ewjung/space/cmake/cmake-3.18.4/Utilities/cmcurl/CMake/CurlTests.c: In function ‘main’:
/home/ewjung/space/cmake/cmake-3.18.4/Utilities/cmcurl/CMake/CurlTests.c:326:44: error: ‘FIONBIO’ undeclared (first use in this function)
  unsigned long flags = ioctlsocket(socket, FIONBIO, &flags);
                                            ^
/home/ewjung/space/cmake/cmake-3.18.4/Utilities/cmcurl/CMake/CurlTests.c:326:44: note: each undeclared identifier is reported only once for each function it appears in
CMakeFiles/cmTC_964b0.dir/build.make:84: 'CMakeFiles/cmTC_964b0.dir/CurlTests.c.o' 타겟에 대한 명령이 실패했습니다
make[1]: *** [CMakeFiles/cmTC_964b0.dir/CurlTests.c.o] 오류 1
make[1]: 디렉터리 '/media/ewjung/f6813a7e-ee48-4924-8e7d-d3641b6cc72d/ew_space/cmake/cmake-3.18.4/CMakeFiles/CMakeTmp' 나감
Makefile:140: 'cmTC_964b0/fast' 타겟에 대한 명령이 실패했습니다
make: *** [cmTC_964b0/fast] 오류 2


Performing Curl Test HAVE_IOCTLSOCKET_CAMEL failed with the following output:
Change Dir: /home/ewjung/space/cmake/cmake-3.18.4/CMakeFiles/CMakeTmp

Run Build Command(s):/usr/bin/make cmTC_c2d74/fast && make  -f CMakeFiles/cmTC_c2d74.dir/build.make CMakeFiles/cmTC_c2d74.dir/build
make[1]: 디렉터리 '/media/ewjung/f6813a7e-ee48-4924-8e7d-d3641b6cc72d/ew_space/cmake/cmake-3.18.4/CMakeFiles/CMakeTmp' 들어감
Building C object CMakeFiles/cmTC_c2d74.dir/CurlTests.c.o
/usr/bin/gcc   -w -DHAVE_IOCTLSOCKET_CAMEL  -DHAVE_STDIO_H -DHAVE_INTTYPES_H -DHAVE_SYS_IOCTL_H -DHAVE_SYS_PARAM_H -DHAVE_SYS_POLL_H -DHAVE_SYS_RESOURCE_H -DHAVE_SYS_SELECT_H -DHAVE_SYS_SOCKET_H -DHAVE_SYS_STAT_H -DHAVE_SYS_TIME_H -DHAVE_SYS_TYPES_H -DHAVE_SYS_UIO_H -DHAVE_SYS_UN_H -DHAVE_SYS_XATTR_H -DHAVE_ALLOCA_H -DHAVE_ARPA_INET_H -DHAVE_ARPA_TFTP_H -DHAVE_ASSERT_H -DHAVE_ERR_H -DHAVE_ERRNO_H -DHAVE_FCNTL_H -DHAVE_IFADDRS_H -DHAVE_LIBGEN_H -DHAVE_LOCALE_H -DHAVE_NET_IF_H -DHAVE_NETDB_H -DHAVE_NETINET_IN_H -DHAVE_NETINET_TCP_H -DHAVE_POLL_H -DHAVE_PWD_H -DHAVE_SETJMP_H -DHAVE_SGTTY_H -DHAVE_SIGNAL_H -DHAVE_STDBOOL_H -DHAVE_STDINT_H -DHAVE_STDIO_H -DHAVE_STDLIB_H -DHAVE_STRING_H -DHAVE_STRINGS_H -DHAVE_STROPTS_H -DHAVE_TERMIO_H -DHAVE_TERMIOS_H -DHAVE_TIME_H -DHAVE_UNISTD_H -DHAVE_UTIME_H -DHAVE_STDDEF_H -DHAVE_DLFCN_H -DHAVE_MALLOC_H -DHAVE_MEMORY_H -DHAVE_NETINET_IF_ETHER_H -DHAVE_STDINT_H -DHAVE_SYS_UTSNAME_H -std=gnu11 -o CMakeFiles/cmTC_c2d74.dir/CurlTests.c.o -c /home/ewjung/space/cmake/cmake-3.18.4/Utilities/cmcurl/CMake/CurlTests.c
Linking C executable cmTC_c2d74
/media/ewjung/f6813a7e-ee48-4924-8e7d-d3641b6cc72d/ew_space/cmake/cmake-3.18.4/Bootstrap.cmk/cmake -E cmake_link_script CMakeFiles/cmTC_c2d74.dir/link.txt --verbose=1
/usr/bin/gcc   -w -DHAVE_IOCTLSOCKET_CAMEL  -DHAVE_STDIO_H -DHAVE_INTTYPES_H -DHAVE_SYS_IOCTL_H -DHAVE_SYS_PARAM_H -DHAVE_SYS_POLL_H -DHAVE_SYS_RESOURCE_H -DHAVE_SYS_SELECT_H -DHAVE_SYS_SOCKET_H -DHAVE_SYS_STAT_H -DHAVE_SYS_TIME_H -DHAVE_SYS_TYPES_H -DHAVE_SYS_UIO_H -DHAVE_SYS_UN_H -DHAVE_SYS_XATTR_H -DHAVE_ALLOCA_H -DHAVE_ARPA_INET_H -DHAVE_ARPA_TFTP_H -DHAVE_ASSERT_H -DHAVE_ERR_H -DHAVE_ERRNO_H -DHAVE_FCNTL_H -DHAVE_IFADDRS_H -DHAVE_LIBGEN_H -DHAVE_LOCALE_H -DHAVE_NET_IF_H -DHAVE_NETDB_H -DHAVE_NETINET_IN_H -DHAVE_NETINET_TCP_H -DHAVE_POLL_H -DHAVE_PWD_H -DHAVE_SETJMP_H -DHAVE_SGTTY_H -DHAVE_SIGNAL_H -DHAVE_STDBOOL_H -DHAVE_STDINT_H -DHAVE_STDIO_H -DHAVE_STDLIB_H -DHAVE_STRING_H -DHAVE_STRINGS_H -DHAVE_STROPTS_H -DHAVE_TERMIO_H -DHAVE_TERMIOS_H -DHAVE_TIME_H -DHAVE_UNISTD_H -DHAVE_UTIME_H -DHAVE_STDDEF_H -DHAVE_DLFCN_H -DHAVE_MALLOC_H -DHAVE_MEMORY_H -DHAVE_NETINET_IF_ETHER_H -DHAVE_STDINT_H -DHAVE_SYS_UTSNAME_H CMakeFiles/cmTC_c2d74.dir/CurlTests.c.o -o cmTC_c2d74 
CMakeFiles/cmTC_c2d74.dir/CurlTests.c.o: In function `main':
CurlTests.c:(.text+0x19): undefined reference to `IoctlSocket'
collect2: error: ld returned 1 exit status
CMakeFiles/cmTC_c2d74.dir/build.make:105: 'cmTC_c2d74' 타겟에 대한 명령이 실패했습니다
make[1]: *** [cmTC_c2d74] 오류 1
make[1]: 디렉터리 '/media/ewjung/f6813a7e-ee48-4924-8e7d-d3641b6cc72d/ew_space/cmake/cmake-3.18.4/CMakeFiles/CMakeTmp' 나감
Makefile:140: 'cmTC_c2d74/fast' 타겟에 대한 명령이 실패했습니다
make: *** [cmTC_c2d74/fast] 오류 2


Performing Curl Test HAVE_IOCTLSOCKET_CAMEL_FIONBIO failed with the following output:
Change Dir: /home/ewjung/space/cmake/cmake-3.18.4/CMakeFiles/CMakeTmp

Run Build Command(s):/usr/bin/make cmTC_31f11/fast && make  -f CMakeFiles/cmTC_31f11.dir/build.make CMakeFiles/cmTC_31f11.dir/build
make[1]: 디렉터리 '/media/ewjung/f6813a7e-ee48-4924-8e7d-d3641b6cc72d/ew_space/cmake/cmake-3.18.4/CMakeFiles/CMakeTmp' 들어감
Building C object CMakeFiles/cmTC_31f11.dir/CurlTests.c.o
/usr/bin/gcc   -w -DHAVE_IOCTLSOCKET_CAMEL_FIONBIO  -DHAVE_STDIO_H -DHAVE_INTTYPES_H -DHAVE_SYS_IOCTL_H -DHAVE_SYS_PARAM_H -DHAVE_SYS_POLL_H -DHAVE_SYS_RESOURCE_H -DHAVE_SYS_SELECT_H -DHAVE_SYS_SOCKET_H -DHAVE_SYS_STAT_H -DHAVE_SYS_TIME_H -DHAVE_SYS_TYPES_H -DHAVE_SYS_UIO_H -DHAVE_SYS_UN_H -DHAVE_SYS_XATTR_H -DHAVE_ALLOCA_H -DHAVE_ARPA_INET_H -DHAVE_ARPA_TFTP_H -DHAVE_ASSERT_H -DHAVE_ERR_H -DHAVE_ERRNO_H -DHAVE_FCNTL_H -DHAVE_IFADDRS_H -DHAVE_LIBGEN_H -DHAVE_LOCALE_H -DHAVE_NET_IF_H -DHAVE_NETDB_H -DHAVE_NETINET_IN_H -DHAVE_NETINET_TCP_H -DHAVE_POLL_H -DHAVE_PWD_H -DHAVE_SETJMP_H -DHAVE_SGTTY_H -DHAVE_SIGNAL_H -DHAVE_STDBOOL_H -DHAVE_STDINT_H -DHAVE_STDIO_H -DHAVE_STDLIB_H -DHAVE_STRING_H -DHAVE_STRINGS_H -DHAVE_STROPTS_H -DHAVE_TERMIO_H -DHAVE_TERMIOS_H -DHAVE_TIME_H -DHAVE_UNISTD_H -DHAVE_UTIME_H -DHAVE_STDDEF_H -DHAVE_DLFCN_H -DHAVE_MALLOC_H -DHAVE_MEMORY_H -DHAVE_NETINET_IF_ETHER_H -DHAVE_STDINT_H -DHAVE_SYS_UTSNAME_H -std=gnu11 -o CMakeFiles/cmTC_31f11.dir/CurlTests.c.o -c /home/ewjung/space/cmake/cmake-3.18.4/Utilities/cmcurl/CMake/CurlTests.c
/home/ewjung/space/cmake/cmake-3.18.4/Utilities/cmcurl/CMake/CurlTests.c: In function ‘main’:
/home/ewjung/space/cmake/cmake-3.18.4/Utilities/cmcurl/CMake/CurlTests.c:382:32: error: ‘FIONBIO’ undeclared (first use in this function)
         if(0 != ioctlsocket(0, FIONBIO, &flags))
                                ^
/home/ewjung/space/cmake/cmake-3.18.4/Utilities/cmcurl/CMake/CurlTests.c:382:32: note: each undeclared identifier is reported only once for each function it appears in
CMakeFiles/cmTC_31f11.dir/build.make:84: 'CMakeFiles/cmTC_31f11.dir/CurlTests.c.o' 타겟에 대한 명령이 실패했습니다
make[1]: *** [CMakeFiles/cmTC_31f11.dir/CurlTests.c.o] 오류 1
make[1]: 디렉터리 '/media/ewjung/f6813a7e-ee48-4924-8e7d-d3641b6cc72d/ew_space/cmake/cmake-3.18.4/CMakeFiles/CMakeTmp' 나감
Makefile:140: 'cmTC_31f11/fast' 타겟에 대한 명령이 실패했습니다
make: *** [cmTC_31f11/fast] 오류 2


Performing Curl Test HAVE_IOCTLSOCKET_FIONBIO failed with the following output:
Change Dir: /home/ewjung/space/cmake/cmake-3.18.4/CMakeFiles/CMakeTmp

Run Build Command(s):/usr/bin/make cmTC_79d32/fast && make  -f CMakeFiles/cmTC_79d32.dir/build.make CMakeFiles/cmTC_79d32.dir/build
make[1]: 디렉터리 '/media/ewjung/f6813a7e-ee48-4924-8e7d-d3641b6cc72d/ew_space/cmake/cmake-3.18.4/CMakeFiles/CMakeTmp' 들어감
Building C object CMakeFiles/cmTC_79d32.dir/CurlTests.c.o
/usr/bin/gcc   -w -DHAVE_IOCTLSOCKET_FIONBIO  -DHAVE_STDIO_H -DHAVE_INTTYPES_H -DHAVE_SYS_IOCTL_H -DHAVE_SYS_PARAM_H -DHAVE_SYS_POLL_H -DHAVE_SYS_RESOURCE_H -DHAVE_SYS_SELECT_H -DHAVE_SYS_SOCKET_H -DHAVE_SYS_STAT_H -DHAVE_SYS_TIME_H -DHAVE_SYS_TYPES_H -DHAVE_SYS_UIO_H -DHAVE_SYS_UN_H -DHAVE_SYS_XATTR_H -DHAVE_ALLOCA_H -DHAVE_ARPA_INET_H -DHAVE_ARPA_TFTP_H -DHAVE_ASSERT_H -DHAVE_ERR_H -DHAVE_ERRNO_H -DHAVE_FCNTL_H -DHAVE_IFADDRS_H -DHAVE_LIBGEN_H -DHAVE_LOCALE_H -DHAVE_NET_IF_H -DHAVE_NETDB_H -DHAVE_NETINET_IN_H -DHAVE_NETINET_TCP_H -DHAVE_POLL_H -DHAVE_PWD_H -DHAVE_SETJMP_H -DHAVE_SGTTY_H -DHAVE_SIGNAL_H -DHAVE_STDBOOL_H -DHAVE_STDINT_H -DHAVE_STDIO_H -DHAVE_STDLIB_H -DHAVE_STRING_H -DHAVE_STRINGS_H -DHAVE_STROPTS_H -DHAVE_TERMIO_H -DHAVE_TERMIOS_H -DHAVE_TIME_H -DHAVE_UNISTD_H -DHAVE_UTIME_H -DHAVE_STDDEF_H -DHAVE_DLFCN_H -DHAVE_MALLOC_H -DHAVE_MEMORY_H -DHAVE_NETINET_IF_ETHER_H -DHAVE_STDINT_H -DHAVE_SYS_UTSNAME_H -std=gnu11 -o CMakeFiles/cmTC_79d32.dir/CurlTests.c.o -c /home/ewjung/space/cmake/cmake-3.18.4/Utilities/cmcurl/CMake/CurlTests.c
/home/ewjung/space/cmake/cmake-3.18.4/Utilities/cmcurl/CMake/CurlTests.c: In function ‘main’:
/home/ewjung/space/cmake/cmake-3.18.4/Utilities/cmcurl/CMake/CurlTests.c:409:32: error: ‘FIONBIO’ undeclared (first use in this function)
         if(0 != ioctlsocket(0, FIONBIO, &flags))
                                ^
/home/ewjung/space/cmake/cmake-3.18.4/Utilities/cmcurl/CMake/CurlTests.c:409:32: note: each undeclared identifier is reported only once for each function it appears in
CMakeFiles/cmTC_79d32.dir/build.make:84: 'CMakeFiles/cmTC_79d32.dir/CurlTests.c.o' 타겟에 대한 명령이 실패했습니다
make[1]: *** [CMakeFiles/cmTC_79d32.dir/CurlTests.c.o] 오류 1
make[1]: 디렉터리 '/media/ewjung/f6813a7e-ee48-4924-8e7d-d3641b6cc72d/ew_space/cmake/cmake-3.18.4/CMakeFiles/CMakeTmp' 나감
Makefile:140: 'cmTC_79d32/fast' 타겟에 대한 명령이 실패했습니다
make: *** [cmTC_79d32/fast] 오류 2


Performing Curl Test HAVE_SETSOCKOPT_SO_NONBLOCK failed with the following output:
Change Dir: /home/ewjung/space/cmake/cmake-3.18.4/CMakeFiles/CMakeTmp

Run Build Command(s):/usr/bin/make cmTC_1e7c9/fast && make  -f CMakeFiles/cmTC_1e7c9.dir/build.make CMakeFiles/cmTC_1e7c9.dir/build
make[1]: 디렉터리 '/media/ewjung/f6813a7e-ee48-4924-8e7d-d3641b6cc72d/ew_space/cmake/cmake-3.18.4/CMakeFiles/CMakeTmp' 들어감
Building C object CMakeFiles/cmTC_1e7c9.dir/CurlTests.c.o
/usr/bin/gcc   -w -DHAVE_SETSOCKOPT_SO_NONBLOCK  -DHAVE_STDIO_H -DHAVE_INTTYPES_H -DHAVE_SYS_IOCTL_H -DHAVE_SYS_PARAM_H -DHAVE_SYS_POLL_H -DHAVE_SYS_RESOURCE_H -DHAVE_SYS_SELECT_H -DHAVE_SYS_SOCKET_H -DHAVE_SYS_STAT_H -DHAVE_SYS_TIME_H -DHAVE_SYS_TYPES_H -DHAVE_SYS_UIO_H -DHAVE_SYS_UN_H -DHAVE_SYS_XATTR_H -DHAVE_ALLOCA_H -DHAVE_ARPA_INET_H -DHAVE_ARPA_TFTP_H -DHAVE_ASSERT_H -DHAVE_ERR_H -DHAVE_ERRNO_H -DHAVE_FCNTL_H -DHAVE_IFADDRS_H -DHAVE_LIBGEN_H -DHAVE_LOCALE_H -DHAVE_NET_IF_H -DHAVE_NETDB_H -DHAVE_NETINET_IN_H -DHAVE_NETINET_TCP_H -DHAVE_POLL_H -DHAVE_PWD_H -DHAVE_SETJMP_H -DHAVE_SGTTY_H -DHAVE_SIGNAL_H -DHAVE_STDBOOL_H -DHAVE_STDINT_H -DHAVE_STDIO_H -DHAVE_STDLIB_H -DHAVE_STRING_H -DHAVE_STRINGS_H -DHAVE_STROPTS_H -DHAVE_TERMIO_H -DHAVE_TERMIOS_H -DHAVE_TIME_H -DHAVE_UNISTD_H -DHAVE_UTIME_H -DHAVE_STDDEF_H -DHAVE_DLFCN_H -DHAVE_MALLOC_H -DHAVE_MEMORY_H -DHAVE_NETINET_IF_ETHER_H -DHAVE_STDINT_H -DHAVE_SYS_UTSNAME_H -std=gnu11 -o CMakeFiles/cmTC_1e7c9.dir/CurlTests.c.o -c /home/ewjung/space/cmake/cmake-3.18.4/Utilities/cmcurl/CMake/CurlTests.c
/home/ewjung/space/cmake/cmake-3.18.4/Utilities/cmcurl/CMake/CurlTests.c: In function ‘main’:
/home/ewjung/space/cmake/cmake-3.18.4/Utilities/cmcurl/CMake/CurlTests.c:505:43: error: ‘SO_NONBLOCK’ undeclared (first use in this function)
         if(0 != setsockopt(0, SOL_SOCKET, SO_NONBLOCK, 0, 0))
                                           ^
/home/ewjung/space/cmake/cmake-3.18.4/Utilities/cmcurl/CMake/CurlTests.c:505:43: note: each undeclared identifier is reported only once for each function it appears in
CMakeFiles/cmTC_1e7c9.dir/build.make:84: 'CMakeFiles/cmTC_1e7c9.dir/CurlTests.c.o' 타겟에 대한 명령이 실패했습니다
make[1]: *** [CMakeFiles/cmTC_1e7c9.dir/CurlTests.c.o] 오류 1
make[1]: 디렉터리 '/media/ewjung/f6813a7e-ee48-4924-8e7d-d3641b6cc72d/ew_space/cmake/cmake-3.18.4/CMakeFiles/CMakeTmp' 나감
Makefile:140: 'cmTC_1e7c9/fast' 타겟에 대한 명령이 실패했습니다
make: *** [cmTC_1e7c9/fast] 오류 2


Performing Curl Test HAVE_O_NONBLOCK failed with the following output:
Change Dir: /home/ewjung/space/cmake/cmake-3.18.4/CMakeFiles/CMakeTmp

Run Build Command(s):/usr/bin/make cmTC_fa5bb/fast && make  -f CMakeFiles/cmTC_fa5bb.dir/build.make CMakeFiles/cmTC_fa5bb.dir/build
make[1]: 디렉터리 '/media/ewjung/f6813a7e-ee48-4924-8e7d-d3641b6cc72d/ew_space/cmake/cmake-3.18.4/CMakeFiles/CMakeTmp' 들어감
Building C object CMakeFiles/cmTC_fa5bb.dir/CurlTests.c.o
/usr/bin/gcc   -w -DHAVE_O_NONBLOCK  -DHAVE_STDIO_H -DHAVE_INTTYPES_H -DHAVE_SYS_IOCTL_H -DHAVE_SYS_PARAM_H -DHAVE_SYS_POLL_H -DHAVE_SYS_RESOURCE_H -DHAVE_SYS_SELECT_H -DHAVE_SYS_SOCKET_H -DHAVE_SYS_STAT_H -DHAVE_SYS_TIME_H -DHAVE_SYS_TYPES_H -DHAVE_SYS_UIO_H -DHAVE_SYS_UN_H -DHAVE_SYS_XATTR_H -DHAVE_ALLOCA_H -DHAVE_ARPA_INET_H -DHAVE_ARPA_TFTP_H -DHAVE_ASSERT_H -DHAVE_ERR_H -DHAVE_ERRNO_H -DHAVE_FCNTL_H -DHAVE_IFADDRS_H -DHAVE_LIBGEN_H -DHAVE_LOCALE_H -DHAVE_NET_IF_H -DHAVE_NETDB_H -DHAVE_NETINET_IN_H -DHAVE_NETINET_TCP_H -DHAVE_POLL_H -DHAVE_PWD_H -DHAVE_SETJMP_H -DHAVE_SGTTY_H -DHAVE_SIGNAL_H -DHAVE_STDBOOL_H -DHAVE_STDINT_H -DHAVE_STDIO_H -DHAVE_STDLIB_H -DHAVE_STRING_H -DHAVE_STRINGS_H -DHAVE_STROPTS_H -DHAVE_TERMIO_H -DHAVE_TERMIOS_H -DHAVE_TIME_H -DHAVE_UNISTD_H -DHAVE_UTIME_H -DHAVE_STDDEF_H -DHAVE_DLFCN_H -DHAVE_MALLOC_H -DHAVE_MEMORY_H -DHAVE_NETINET_IF_ETHER_H -DHAVE_STDINT_H -DHAVE_SYS_UTSNAME_H -std=gnu11 -o CMakeFiles/cmTC_fa5bb.dir/CurlTests.c.o -c /home/ewjung/space/cmake/cmake-3.18.4/Utilities/cmcurl/CMake/CurlTests.c
Linking C executable cmTC_fa5bb
/media/ewjung/f6813a7e-ee48-4924-8e7d-d3641b6cc72d/ew_space/cmake/cmake-3.18.4/Bootstrap.cmk/cmake -E cmake_link_script CMakeFiles/cmTC_fa5bb.dir/link.txt --verbose=1
/usr/bin/gcc   -w -DHAVE_O_NONBLOCK  -DHAVE_STDIO_H -DHAVE_INTTYPES_H -DHAVE_SYS_IOCTL_H -DHAVE_SYS_PARAM_H -DHAVE_SYS_POLL_H -DHAVE_SYS_RESOURCE_H -DHAVE_SYS_SELECT_H -DHAVE_SYS_SOCKET_H -DHAVE_SYS_STAT_H -DHAVE_SYS_TIME_H -DHAVE_SYS_TYPES_H -DHAVE_SYS_UIO_H -DHAVE_SYS_UN_H -DHAVE_SYS_XATTR_H -DHAVE_ALLOCA_H -DHAVE_ARPA_INET_H -DHAVE_ARPA_TFTP_H -DHAVE_ASSERT_H -DHAVE_ERR_H -DHAVE_ERRNO_H -DHAVE_FCNTL_H -DHAVE_IFADDRS_H -DHAVE_LIBGEN_H -DHAVE_LOCALE_H -DHAVE_NET_IF_H -DHAVE_NETDB_H -DHAVE_NETINET_IN_H -DHAVE_NETINET_TCP_H -DHAVE_POLL_H -DHAVE_PWD_H -DHAVE_SETJMP_H -DHAVE_SGTTY_H -DHAVE_SIGNAL_H -DHAVE_STDBOOL_H -DHAVE_STDINT_H -DHAVE_STDIO_H -DHAVE_STDLIB_H -DHAVE_STRING_H -DHAVE_STRINGS_H -DHAVE_STROPTS_H -DHAVE_TERMIO_H -DHAVE_TERMIOS_H -DHAVE_TIME_H -DHAVE_UNISTD_H -DHAVE_UTIME_H -DHAVE_STDDEF_H -DHAVE_DLFCN_H -DHAVE_MALLOC_H -DHAVE_MEMORY_H -DHAVE_NETINET_IF_ETHER_H -DHAVE_STDINT_H -DHAVE_SYS_UTSNAME_H CMakeFiles/cmTC_fa5bb.dir/CurlTests.c.o -o cmTC_fa5bb 
/usr/lib/gcc/x86_64-linux-gnu/5/../../../x86_64-linux-gnu/crt1.o: In function `_start':
(.text+0x20): undefined reference to `main'
collect2: error: ld returned 1 exit status
CMakeFiles/cmTC_fa5bb.dir/build.make:105: 'cmTC_fa5bb' 타겟에 대한 명령이 실패했습니다
make[1]: *** [cmTC_fa5bb] 오류 1
make[1]: 디렉터리 '/media/ewjung/f6813a7e-ee48-4924-8e7d-d3641b6cc72d/ew_space/cmake/cmake-3.18.4/CMakeFiles/CMakeTmp' 나감
Makefile:140: 'cmTC_fa5bb/fast' 타겟에 대한 명령이 실패했습니다
make: *** [cmTC_fa5bb/fast] 오류 2


Performing Curl Test HAVE_GETHOSTBYADDR_R_5 failed with the following output:
Change Dir: /home/ewjung/space/cmake/cmake-3.18.4/CMakeFiles/CMakeTmp

Run Build Command(s):/usr/bin/make cmTC_ce5de/fast && make  -f CMakeFiles/cmTC_ce5de.dir/build.make CMakeFiles/cmTC_ce5de.dir/build
make[1]: 디렉터리 '/media/ewjung/f6813a7e-ee48-4924-8e7d-d3641b6cc72d/ew_space/cmake/cmake-3.18.4/CMakeFiles/CMakeTmp' 들어감
Building C object CMakeFiles/cmTC_ce5de.dir/CurlTests.c.o
/usr/bin/gcc   -w -DHAVE_GETHOSTBYADDR_R_5  -DHAVE_STDIO_H -DHAVE_INTTYPES_H -DHAVE_SYS_IOCTL_H -DHAVE_SYS_PARAM_H -DHAVE_SYS_POLL_H -DHAVE_SYS_RESOURCE_H -DHAVE_SYS_SELECT_H -DHAVE_SYS_SOCKET_H -DHAVE_SYS_STAT_H -DHAVE_SYS_TIME_H -DHAVE_SYS_TYPES_H -DHAVE_SYS_UIO_H -DHAVE_SYS_UN_H -DHAVE_SYS_XATTR_H -DHAVE_ALLOCA_H -DHAVE_ARPA_INET_H -DHAVE_ARPA_TFTP_H -DHAVE_ASSERT_H -DHAVE_ERR_H -DHAVE_ERRNO_H -DHAVE_FCNTL_H -DHAVE_IFADDRS_H -DHAVE_LIBGEN_H -DHAVE_LOCALE_H -DHAVE_NET_IF_H -DHAVE_NETDB_H -DHAVE_NETINET_IN_H -DHAVE_NETINET_TCP_H -DHAVE_POLL_H -DHAVE_PWD_H -DHAVE_SETJMP_H -DHAVE_SGTTY_H -DHAVE_SIGNAL_H -DHAVE_STDBOOL_H -DHAVE_STDINT_H -DHAVE_STDIO_H -DHAVE_STDLIB_H -DHAVE_STRING_H -DHAVE_STRINGS_H -DHAVE_STROPTS_H -DHAVE_TERMIO_H -DHAVE_TERMIOS_H -DHAVE_TIME_H -DHAVE_UNISTD_H -DHAVE_UTIME_H -DHAVE_STDDEF_H -DHAVE_DLFCN_H -DHAVE_MALLOC_H -DHAVE_MEMORY_H -DHAVE_NETINET_IF_ETHER_H -DHAVE_STDINT_H -DHAVE_SYS_UTSNAME_H -std=gnu11 -o CMakeFiles/cmTC_ce5de.dir/CurlTests.c.o -c /home/ewjung/space/cmake/cmake-3.18.4/Utilities/cmcurl/CMake/CurlTests.c
/home/ewjung/space/cmake/cmake-3.18.4/Utilities/cmcurl/CMake/CurlTests.c: In function ‘main’:
/home/ewjung/space/cmake/cmake-3.18.4/Utilities/cmcurl/CMake/CurlTests.c:106:23: error: storage size of ‘hdata’ isn’t known
   struct hostent_data hdata;
                       ^
/home/ewjung/space/cmake/cmake-3.18.4/Utilities/cmcurl/CMake/CurlTests.c:127:8: error: too few arguments to function ‘gethostbyaddr_r’
   rc = gethostbyaddr_r(address, length, type, &h, &hdata);
        ^
In file included from /home/ewjung/space/cmake/cmake-3.18.4/Utilities/cmcurl/CMake/CurlTests.c:93:0:
/usr/include/netdb.h:172:12: note: declared here
 extern int gethostbyaddr_r (const void *__restrict __addr, __socklen_t __len,
            ^
CMakeFiles/cmTC_ce5de.dir/build.make:84: 'CMakeFiles/cmTC_ce5de.dir/CurlTests.c.o' 타겟에 대한 명령이 실패했습니다
make[1]: *** [CMakeFiles/cmTC_ce5de.dir/CurlTests.c.o] 오류 1
make[1]: 디렉터리 '/media/ewjung/f6813a7e-ee48-4924-8e7d-d3641b6cc72d/ew_space/cmake/cmake-3.18.4/CMakeFiles/CMakeTmp' 나감
Makefile:140: 'cmTC_ce5de/fast' 타겟에 대한 명령이 실패했습니다
make: *** [cmTC_ce5de/fast] 오류 2


Performing Curl Test HAVE_GETHOSTBYADDR_R_7 failed with the following output:
Change Dir: /home/ewjung/space/cmake/cmake-3.18.4/CMakeFiles/CMakeTmp

Run Build Command(s):/usr/bin/make cmTC_813d4/fast && make  -f CMakeFiles/cmTC_813d4.dir/build.make CMakeFiles/cmTC_813d4.dir/build
make[1]: 디렉터리 '/media/ewjung/f6813a7e-ee48-4924-8e7d-d3641b6cc72d/ew_space/cmake/cmake-3.18.4/CMakeFiles/CMakeTmp' 들어감
Building C object CMakeFiles/cmTC_813d4.dir/CurlTests.c.o
/usr/bin/gcc   -w -DHAVE_GETHOSTBYADDR_R_7  -DHAVE_STDIO_H -DHAVE_INTTYPES_H -DHAVE_SYS_IOCTL_H -DHAVE_SYS_PARAM_H -DHAVE_SYS_POLL_H -DHAVE_SYS_RESOURCE_H -DHAVE_SYS_SELECT_H -DHAVE_SYS_SOCKET_H -DHAVE_SYS_STAT_H -DHAVE_SYS_TIME_H -DHAVE_SYS_TYPES_H -DHAVE_SYS_UIO_H -DHAVE_SYS_UN_H -DHAVE_SYS_XATTR_H -DHAVE_ALLOCA_H -DHAVE_ARPA_INET_H -DHAVE_ARPA_TFTP_H -DHAVE_ASSERT_H -DHAVE_ERR_H -DHAVE_ERRNO_H -DHAVE_FCNTL_H -DHAVE_IFADDRS_H -DHAVE_LIBGEN_H -DHAVE_LOCALE_H -DHAVE_NET_IF_H -DHAVE_NETDB_H -DHAVE_NETINET_IN_H -DHAVE_NETINET_TCP_H -DHAVE_POLL_H -DHAVE_PWD_H -DHAVE_SETJMP_H -DHAVE_SGTTY_H -DHAVE_SIGNAL_H -DHAVE_STDBOOL_H -DHAVE_STDINT_H -DHAVE_STDIO_H -DHAVE_STDLIB_H -DHAVE_STRING_H -DHAVE_STRINGS_H -DHAVE_STROPTS_H -DHAVE_TERMIO_H -DHAVE_TERMIOS_H -DHAVE_TIME_H -DHAVE_UNISTD_H -DHAVE_UTIME_H -DHAVE_STDDEF_H -DHAVE_DLFCN_H -DHAVE_MALLOC_H -DHAVE_MEMORY_H -DHAVE_NETINET_IF_ETHER_H -DHAVE_STDINT_H -DHAVE_SYS_UTSNAME_H -std=gnu11 -o CMakeFiles/cmTC_813d4.dir/CurlTests.c.o -c /home/ewjung/space/cmake/cmake-3.18.4/Utilities/cmcurl/CMake/CurlTests.c
/home/ewjung/space/cmake/cmake-3.18.4/Utilities/cmcurl/CMake/CurlTests.c: In function ‘main’:
/home/ewjung/space/cmake/cmake-3.18.4/Utilities/cmcurl/CMake/CurlTests.c:131:8: error: too few arguments to function ‘gethostbyaddr_r’
   hp = gethostbyaddr_r(address, length, type, &h, buffer, 8192, &h_errnop);
        ^
In file included from /home/ewjung/space/cmake/cmake-3.18.4/Utilities/cmcurl/CMake/CurlTests.c:93:0:
/usr/include/netdb.h:172:12: note: declared here
 extern int gethostbyaddr_r (const void *__restrict __addr, __socklen_t __len,
            ^
CMakeFiles/cmTC_813d4.dir/build.make:84: 'CMakeFiles/cmTC_813d4.dir/CurlTests.c.o' 타겟에 대한 명령이 실패했습니다
make[1]: *** [CMakeFiles/cmTC_813d4.dir/CurlTests.c.o] 오류 1
make[1]: 디렉터리 '/media/ewjung/f6813a7e-ee48-4924-8e7d-d3641b6cc72d/ew_space/cmake/cmake-3.18.4/CMakeFiles/CMakeTmp' 나감
Makefile:140: 'cmTC_813d4/fast' 타겟에 대한 명령이 실패했습니다
make: *** [cmTC_813d4/fast] 오류 2


Performing Curl Test HAVE_GETHOSTBYADDR_R_5_REENTRANT failed with the following output:
Change Dir: /home/ewjung/space/cmake/cmake-3.18.4/CMakeFiles/CMakeTmp

Run Build Command(s):/usr/bin/make cmTC_077c5/fast && make  -f CMakeFiles/cmTC_077c5.dir/build.make CMakeFiles/cmTC_077c5.dir/build
make[1]: 디렉터리 '/media/ewjung/f6813a7e-ee48-4924-8e7d-d3641b6cc72d/ew_space/cmake/cmake-3.18.4/CMakeFiles/CMakeTmp' 들어감
Building C object CMakeFiles/cmTC_077c5.dir/CurlTests.c.o
/usr/bin/gcc   -w -DHAVE_GETHOSTBYADDR_R_5_REENTRANT  -DHAVE_STDIO_H -DHAVE_INTTYPES_H -DHAVE_SYS_IOCTL_H -DHAVE_SYS_PARAM_H -DHAVE_SYS_POLL_H -DHAVE_SYS_RESOURCE_H -DHAVE_SYS_SELECT_H -DHAVE_SYS_SOCKET_H -DHAVE_SYS_STAT_H -DHAVE_SYS_TIME_H -DHAVE_SYS_TYPES_H -DHAVE_SYS_UIO_H -DHAVE_SYS_UN_H -DHAVE_SYS_XATTR_H -DHAVE_ALLOCA_H -DHAVE_ARPA_INET_H -DHAVE_ARPA_TFTP_H -DHAVE_ASSERT_H -DHAVE_ERR_H -DHAVE_ERRNO_H -DHAVE_FCNTL_H -DHAVE_IFADDRS_H -DHAVE_LIBGEN_H -DHAVE_LOCALE_H -DHAVE_NET_IF_H -DHAVE_NETDB_H -DHAVE_NETINET_IN_H -DHAVE_NETINET_TCP_H -DHAVE_POLL_H -DHAVE_PWD_H -DHAVE_SETJMP_H -DHAVE_SGTTY_H -DHAVE_SIGNAL_H -DHAVE_STDBOOL_H -DHAVE_STDINT_H -DHAVE_STDIO_H -DHAVE_STDLIB_H -DHAVE_STRING_H -DHAVE_STRINGS_H -DHAVE_STROPTS_H -DHAVE_TERMIO_H -DHAVE_TERMIOS_H -DHAVE_TIME_H -DHAVE_UNISTD_H -DHAVE_UTIME_H -DHAVE_STDDEF_H -DHAVE_DLFCN_H -DHAVE_MALLOC_H -DHAVE_MEMORY_H -DHAVE_NETINET_IF_ETHER_H -DHAVE_STDINT_H -DHAVE_SYS_UTSNAME_H -std=gnu11 -o CMakeFiles/cmTC_077c5.dir/CurlTests.c.o -c /home/ewjung/space/cmake/cmake-3.18.4/Utilities/cmcurl/CMake/CurlTests.c
/home/ewjung/space/cmake/cmake-3.18.4/Utilities/cmcurl/CMake/CurlTests.c: In function ‘main’:
/home/ewjung/space/cmake/cmake-3.18.4/Utilities/cmcurl/CMake/CurlTests.c:106:23: error: storage size of ‘hdata’ isn’t known
   struct hostent_data hdata;
                       ^
/home/ewjung/space/cmake/cmake-3.18.4/Utilities/cmcurl/CMake/CurlTests.c:127:8: error: too few arguments to function ‘gethostbyaddr_r’
   rc = gethostbyaddr_r(address, length, type, &h, &hdata);
        ^
In file included from /home/ewjung/space/cmake/cmake-3.18.4/Utilities/cmcurl/CMake/CurlTests.c:93:0:
/usr/include/netdb.h:172:12: note: declared here
 extern int gethostbyaddr_r (const void *__restrict __addr, __socklen_t __len,
            ^
CMakeFiles/cmTC_077c5.dir/build.make:84: 'CMakeFiles/cmTC_077c5.dir/CurlTests.c.o' 타겟에 대한 명령이 실패했습니다
make[1]: *** [CMakeFiles/cmTC_077c5.dir/CurlTests.c.o] 오류 1
make[1]: 디렉터리 '/media/ewjung/f6813a7e-ee48-4924-8e7d-d3641b6cc72d/ew_space/cmake/cmake-3.18.4/CMakeFiles/CMakeTmp' 나감
Makefile:140: 'cmTC_077c5/fast' 타겟에 대한 명령이 실패했습니다
make: *** [cmTC_077c5/fast] 오류 2


Performing Curl Test HAVE_GETHOSTBYADDR_R_7_REENTRANT failed with the following output:
Change Dir: /home/ewjung/space/cmake/cmake-3.18.4/CMakeFiles/CMakeTmp

Run Build Command(s):/usr/bin/make cmTC_b792c/fast && make  -f CMakeFiles/cmTC_b792c.dir/build.make CMakeFiles/cmTC_b792c.dir/build
make[1]: 디렉터리 '/media/ewjung/f6813a7e-ee48-4924-8e7d-d3641b6cc72d/ew_space/cmake/cmake-3.18.4/CMakeFiles/CMakeTmp' 들어감
Building C object CMakeFiles/cmTC_b792c.dir/CurlTests.c.o
/usr/bin/gcc   -w -DHAVE_GETHOSTBYADDR_R_7_REENTRANT  -DHAVE_STDIO_H -DHAVE_INTTYPES_H -DHAVE_SYS_IOCTL_H -DHAVE_SYS_PARAM_H -DHAVE_SYS_POLL_H -DHAVE_SYS_RESOURCE_H -DHAVE_SYS_SELECT_H -DHAVE_SYS_SOCKET_H -DHAVE_SYS_STAT_H -DHAVE_SYS_TIME_H -DHAVE_SYS_TYPES_H -DHAVE_SYS_UIO_H -DHAVE_SYS_UN_H -DHAVE_SYS_XATTR_H -DHAVE_ALLOCA_H -DHAVE_ARPA_INET_H -DHAVE_ARPA_TFTP_H -DHAVE_ASSERT_H -DHAVE_ERR_H -DHAVE_ERRNO_H -DHAVE_FCNTL_H -DHAVE_IFADDRS_H -DHAVE_LIBGEN_H -DHAVE_LOCALE_H -DHAVE_NET_IF_H -DHAVE_NETDB_H -DHAVE_NETINET_IN_H -DHAVE_NETINET_TCP_H -DHAVE_POLL_H -DHAVE_PWD_H -DHAVE_SETJMP_H -DHAVE_SGTTY_H -DHAVE_SIGNAL_H -DHAVE_STDBOOL_H -DHAVE_STDINT_H -DHAVE_STDIO_H -DHAVE_STDLIB_H -DHAVE_STRING_H -DHAVE_STRINGS_H -DHAVE_STROPTS_H -DHAVE_TERMIO_H -DHAVE_TERMIOS_H -DHAVE_TIME_H -DHAVE_UNISTD_H -DHAVE_UTIME_H -DHAVE_STDDEF_H -DHAVE_DLFCN_H -DHAVE_MALLOC_H -DHAVE_MEMORY_H -DHAVE_NETINET_IF_ETHER_H -DHAVE_STDINT_H -DHAVE_SYS_UTSNAME_H -std=gnu11 -o CMakeFiles/cmTC_b792c.dir/CurlTests.c.o -c /home/ewjung/space/cmake/cmake-3.18.4/Utilities/cmcurl/CMake/CurlTests.c
/home/ewjung/space/cmake/cmake-3.18.4/Utilities/cmcurl/CMake/CurlTests.c: In function ‘main’:
/home/ewjung/space/cmake/cmake-3.18.4/Utilities/cmcurl/CMake/CurlTests.c:131:8: error: too few arguments to function ‘gethostbyaddr_r’
   hp = gethostbyaddr_r(address, length, type, &h, buffer, 8192, &h_errnop);
        ^
In file included from /home/ewjung/space/cmake/cmake-3.18.4/Utilities/cmcurl/CMake/CurlTests.c:93:0:
/usr/include/netdb.h:172:12: note: declared here
 extern int gethostbyaddr_r (const void *__restrict __addr, __socklen_t __len,
            ^
CMakeFiles/cmTC_b792c.dir/build.make:84: 'CMakeFiles/cmTC_b792c.dir/CurlTests.c.o' 타겟에 대한 명령이 실패했습니다
make[1]: *** [CMakeFiles/cmTC_b792c.dir/CurlTests.c.o] 오류 1
make[1]: 디렉터리 '/media/ewjung/f6813a7e-ee48-4924-8e7d-d3641b6cc72d/ew_space/cmake/cmake-3.18.4/CMakeFiles/CMakeTmp' 나감
Makefile:140: 'cmTC_b792c/fast' 타겟에 대한 명령이 실패했습니다
make: *** [cmTC_b792c/fast] 오류 2


Performing Curl Test HAVE_GETHOSTBYNAME_R_3 failed with the following output:
Change Dir: /home/ewjung/space/cmake/cmake-3.18.4/CMakeFiles/CMakeTmp

Run Build Command(s):/usr/bin/make cmTC_13cc1/fast && make  -f CMakeFiles/cmTC_13cc1.dir/build.make CMakeFiles/cmTC_13cc1.dir/build
make[1]: 디렉터리 '/media/ewjung/f6813a7e-ee48-4924-8e7d-d3641b6cc72d/ew_space/cmake/cmake-3.18.4/CMakeFiles/CMakeTmp' 들어감
Building C object CMakeFiles/cmTC_13cc1.dir/CurlTests.c.o
/usr/bin/gcc   -w -DHAVE_GETHOSTBYNAME_R_3  -DHAVE_STDIO_H -DHAVE_INTTYPES_H -DHAVE_SYS_IOCTL_H -DHAVE_SYS_PARAM_H -DHAVE_SYS_POLL_H -DHAVE_SYS_RESOURCE_H -DHAVE_SYS_SELECT_H -DHAVE_SYS_SOCKET_H -DHAVE_SYS_STAT_H -DHAVE_SYS_TIME_H -DHAVE_SYS_TYPES_H -DHAVE_SYS_UIO_H -DHAVE_SYS_UN_H -DHAVE_SYS_XATTR_H -DHAVE_ALLOCA_H -DHAVE_ARPA_INET_H -DHAVE_ARPA_TFTP_H -DHAVE_ASSERT_H -DHAVE_ERR_H -DHAVE_ERRNO_H -DHAVE_FCNTL_H -DHAVE_IFADDRS_H -DHAVE_LIBGEN_H -DHAVE_LOCALE_H -DHAVE_NET_IF_H -DHAVE_NETDB_H -DHAVE_NETINET_IN_H -DHAVE_NETINET_TCP_H -DHAVE_POLL_H -DHAVE_PWD_H -DHAVE_SETJMP_H -DHAVE_SGTTY_H -DHAVE_SIGNAL_H -DHAVE_STDBOOL_H -DHAVE_STDINT_H -DHAVE_STDIO_H -DHAVE_STDLIB_H -DHAVE_STRING_H -DHAVE_STRINGS_H -DHAVE_STROPTS_H -DHAVE_TERMIO_H -DHAVE_TERMIOS_H -DHAVE_TIME_H -DHAVE_UNISTD_H -DHAVE_UTIME_H -DHAVE_STDDEF_H -DHAVE_DLFCN_H -DHAVE_MALLOC_H -DHAVE_MEMORY_H -DHAVE_NETINET_IF_ETHER_H -DHAVE_STDINT_H -DHAVE_SYS_UTSNAME_H -std=gnu11 -o CMakeFiles/cmTC_13cc1.dir/CurlTests.c.o -c /home/ewjung/space/cmake/cmake-3.18.4/Utilities/cmcurl/CMake/CurlTests.c
/home/ewjung/space/cmake/cmake-3.18.4/Utilities/cmcurl/CMake/CurlTests.c: In function ‘main’:
/home/ewjung/space/cmake/cmake-3.18.4/Utilities/cmcurl/CMake/CurlTests.c:106:23: error: storage size of ‘hdata’ isn’t known
   struct hostent_data hdata;
                       ^
/home/ewjung/space/cmake/cmake-3.18.4/Utilities/cmcurl/CMake/CurlTests.c:141:8: error: too few arguments to function ‘gethostbyname_r’
   rc = gethostbyname_r(address, &h, &hdata);
        ^
In file included from /home/ewjung/space/cmake/cmake-3.18.4/Utilities/cmcurl/CMake/CurlTests.c:93:0:
/usr/include/netdb.h:179:12: note: declared here
 extern int gethostbyname_r (const char *__restrict __name,
            ^
CMakeFiles/cmTC_13cc1.dir/build.make:84: 'CMakeFiles/cmTC_13cc1.dir/CurlTests.c.o' 타겟에 대한 명령이 실패했습니다
make[1]: *** [CMakeFiles/cmTC_13cc1.dir/CurlTests.c.o] 오류 1
make[1]: 디렉터리 '/media/ewjung/f6813a7e-ee48-4924-8e7d-d3641b6cc72d/ew_space/cmake/cmake-3.18.4/CMakeFiles/CMakeTmp' 나감
Makefile:140: 'cmTC_13cc1/fast' 타겟에 대한 명령이 실패했습니다
make: *** [cmTC_13cc1/fast] 오류 2


Performing Curl Test HAVE_GETHOSTBYNAME_R_5 failed with the following output:
Change Dir: /home/ewjung/space/cmake/cmake-3.18.4/CMakeFiles/CMakeTmp

Run Build Command(s):/usr/bin/make cmTC_10833/fast && make  -f CMakeFiles/cmTC_10833.dir/build.make CMakeFiles/cmTC_10833.dir/build
make[1]: 디렉터리 '/media/ewjung/f6813a7e-ee48-4924-8e7d-d3641b6cc72d/ew_space/cmake/cmake-3.18.4/CMakeFiles/CMakeTmp' 들어감
Building C object CMakeFiles/cmTC_10833.dir/CurlTests.c.o
/usr/bin/gcc   -w -DHAVE_GETHOSTBYNAME_R_5  -DHAVE_STDIO_H -DHAVE_INTTYPES_H -DHAVE_SYS_IOCTL_H -DHAVE_SYS_PARAM_H -DHAVE_SYS_POLL_H -DHAVE_SYS_RESOURCE_H -DHAVE_SYS_SELECT_H -DHAVE_SYS_SOCKET_H -DHAVE_SYS_STAT_H -DHAVE_SYS_TIME_H -DHAVE_SYS_TYPES_H -DHAVE_SYS_UIO_H -DHAVE_SYS_UN_H -DHAVE_SYS_XATTR_H -DHAVE_ALLOCA_H -DHAVE_ARPA_INET_H -DHAVE_ARPA_TFTP_H -DHAVE_ASSERT_H -DHAVE_ERR_H -DHAVE_ERRNO_H -DHAVE_FCNTL_H -DHAVE_IFADDRS_H -DHAVE_LIBGEN_H -DHAVE_LOCALE_H -DHAVE_NET_IF_H -DHAVE_NETDB_H -DHAVE_NETINET_IN_H -DHAVE_NETINET_TCP_H -DHAVE_POLL_H -DHAVE_PWD_H -DHAVE_SETJMP_H -DHAVE_SGTTY_H -DHAVE_SIGNAL_H -DHAVE_STDBOOL_H -DHAVE_STDINT_H -DHAVE_STDIO_H -DHAVE_STDLIB_H -DHAVE_STRING_H -DHAVE_STRINGS_H -DHAVE_STROPTS_H -DHAVE_TERMIO_H -DHAVE_TERMIOS_H -DHAVE_TIME_H -DHAVE_UNISTD_H -DHAVE_UTIME_H -DHAVE_STDDEF_H -DHAVE_DLFCN_H -DHAVE_MALLOC_H -DHAVE_MEMORY_H -DHAVE_NETINET_IF_ETHER_H -DHAVE_STDINT_H -DHAVE_SYS_UTSNAME_H -std=gnu11 -o CMakeFiles/cmTC_10833.dir/CurlTests.c.o -c /home/ewjung/space/cmake/cmake-3.18.4/Utilities/cmcurl/CMake/CurlTests.c
/home/ewjung/space/cmake/cmake-3.18.4/Utilities/cmcurl/CMake/CurlTests.c: In function ‘main’:
/home/ewjung/space/cmake/cmake-3.18.4/Utilities/cmcurl/CMake/CurlTests.c:144:8: error: too few arguments to function ‘gethostbyname_r’
   rc = gethostbyname_r(address, &h, buffer, 8192, &h_errnop);
        ^
In file included from /home/ewjung/space/cmake/cmake-3.18.4/Utilities/cmcurl/CMake/CurlTests.c:93:0:
/usr/include/netdb.h:179:12: note: declared here
 extern int gethostbyname_r (const char *__restrict __name,
            ^
CMakeFiles/cmTC_10833.dir/build.make:84: 'CMakeFiles/cmTC_10833.dir/CurlTests.c.o' 타겟에 대한 명령이 실패했습니다
make[1]: *** [CMakeFiles/cmTC_10833.dir/CurlTests.c.o] 오류 1
make[1]: 디렉터리 '/media/ewjung/f6813a7e-ee48-4924-8e7d-d3641b6cc72d/ew_space/cmake/cmake-3.18.4/CMakeFiles/CMakeTmp' 나감
Makefile:140: 'cmTC_10833/fast' 타겟에 대한 명령이 실패했습니다
make: *** [cmTC_10833/fast] 오류 2


Performing Curl Test HAVE_GETHOSTBYNAME_R_3_REENTRANT failed with the following output:
Change Dir: /home/ewjung/space/cmake/cmake-3.18.4/CMakeFiles/CMakeTmp

Run Build Command(s):/usr/bin/make cmTC_2f465/fast && make  -f CMakeFiles/cmTC_2f465.dir/build.make CMakeFiles/cmTC_2f465.dir/build
make[1]: 디렉터리 '/media/ewjung/f6813a7e-ee48-4924-8e7d-d3641b6cc72d/ew_space/cmake/cmake-3.18.4/CMakeFiles/CMakeTmp' 들어감
Building C object CMakeFiles/cmTC_2f465.dir/CurlTests.c.o
/usr/bin/gcc   -w -DHAVE_GETHOSTBYNAME_R_3_REENTRANT  -DHAVE_STDIO_H -DHAVE_INTTYPES_H -DHAVE_SYS_IOCTL_H -DHAVE_SYS_PARAM_H -DHAVE_SYS_POLL_H -DHAVE_SYS_RESOURCE_H -DHAVE_SYS_SELECT_H -DHAVE_SYS_SOCKET_H -DHAVE_SYS_STAT_H -DHAVE_SYS_TIME_H -DHAVE_SYS_TYPES_H -DHAVE_SYS_UIO_H -DHAVE_SYS_UN_H -DHAVE_SYS_XATTR_H -DHAVE_ALLOCA_H -DHAVE_ARPA_INET_H -DHAVE_ARPA_TFTP_H -DHAVE_ASSERT_H -DHAVE_ERR_H -DHAVE_ERRNO_H -DHAVE_FCNTL_H -DHAVE_IFADDRS_H -DHAVE_LIBGEN_H -DHAVE_LOCALE_H -DHAVE_NET_IF_H -DHAVE_NETDB_H -DHAVE_NETINET_IN_H -DHAVE_NETINET_TCP_H -DHAVE_POLL_H -DHAVE_PWD_H -DHAVE_SETJMP_H -DHAVE_SGTTY_H -DHAVE_SIGNAL_H -DHAVE_STDBOOL_H -DHAVE_STDINT_H -DHAVE_STDIO_H -DHAVE_STDLIB_H -DHAVE_STRING_H -DHAVE_STRINGS_H -DHAVE_STROPTS_H -DHAVE_TERMIO_H -DHAVE_TERMIOS_H -DHAVE_TIME_H -DHAVE_UNISTD_H -DHAVE_UTIME_H -DHAVE_STDDEF_H -DHAVE_DLFCN_H -DHAVE_MALLOC_H -DHAVE_MEMORY_H -DHAVE_NETINET_IF_ETHER_H -DHAVE_STDINT_H -DHAVE_SYS_UTSNAME_H -std=gnu11 -o CMakeFiles/cmTC_2f465.dir/CurlTests.c.o -c /home/ewjung/space/cmake/cmake-3.18.4/Utilities/cmcurl/CMake/CurlTests.c
/home/ewjung/space/cmake/cmake-3.18.4/Utilities/cmcurl/CMake/CurlTests.c: In function ‘main’:
/home/ewjung/space/cmake/cmake-3.18.4/Utilities/cmcurl/CMake/CurlTests.c:106:23: error: storage size of ‘hdata’ isn’t known
   struct hostent_data hdata;
                       ^
/home/ewjung/space/cmake/cmake-3.18.4/Utilities/cmcurl/CMake/CurlTests.c:141:8: error: too few arguments to function ‘gethostbyname_r’
   rc = gethostbyname_r(address, &h, &hdata);
        ^
In file included from /home/ewjung/space/cmake/cmake-3.18.4/Utilities/cmcurl/CMake/CurlTests.c:93:0:
/usr/include/netdb.h:179:12: note: declared here
 extern int gethostbyname_r (const char *__restrict __name,
            ^
CMakeFiles/cmTC_2f465.dir/build.make:84: 'CMakeFiles/cmTC_2f465.dir/CurlTests.c.o' 타겟에 대한 명령이 실패했습니다
make[1]: *** [CMakeFiles/cmTC_2f465.dir/CurlTests.c.o] 오류 1
make[1]: 디렉터리 '/media/ewjung/f6813a7e-ee48-4924-8e7d-d3641b6cc72d/ew_space/cmake/cmake-3.18.4/CMakeFiles/CMakeTmp' 나감
Makefile:140: 'cmTC_2f465/fast' 타겟에 대한 명령이 실패했습니다
make: *** [cmTC_2f465/fast] 오류 2


Performing Curl Test HAVE_GETHOSTBYNAME_R_5_REENTRANT failed with the following output:
Change Dir: /home/ewjung/space/cmake/cmake-3.18.4/CMakeFiles/CMakeTmp

Run Build Command(s):/usr/bin/make cmTC_a0e7a/fast && make  -f CMakeFiles/cmTC_a0e7a.dir/build.make CMakeFiles/cmTC_a0e7a.dir/build
make[1]: 디렉터리 '/media/ewjung/f6813a7e-ee48-4924-8e7d-d3641b6cc72d/ew_space/cmake/cmake-3.18.4/CMakeFiles/CMakeTmp' 들어감
Building C object CMakeFiles/cmTC_a0e7a.dir/CurlTests.c.o
/usr/bin/gcc   -w -DHAVE_GETHOSTBYNAME_R_5_REENTRANT  -DHAVE_STDIO_H -DHAVE_INTTYPES_H -DHAVE_SYS_IOCTL_H -DHAVE_SYS_PARAM_H -DHAVE_SYS_POLL_H -DHAVE_SYS_RESOURCE_H -DHAVE_SYS_SELECT_H -DHAVE_SYS_SOCKET_H -DHAVE_SYS_STAT_H -DHAVE_SYS_TIME_H -DHAVE_SYS_TYPES_H -DHAVE_SYS_UIO_H -DHAVE_SYS_UN_H -DHAVE_SYS_XATTR_H -DHAVE_ALLOCA_H -DHAVE_ARPA_INET_H -DHAVE_ARPA_TFTP_H -DHAVE_ASSERT_H -DHAVE_ERR_H -DHAVE_ERRNO_H -DHAVE_FCNTL_H -DHAVE_IFADDRS_H -DHAVE_LIBGEN_H -DHAVE_LOCALE_H -DHAVE_NET_IF_H -DHAVE_NETDB_H -DHAVE_NETINET_IN_H -DHAVE_NETINET_TCP_H -DHAVE_POLL_H -DHAVE_PWD_H -DHAVE_SETJMP_H -DHAVE_SGTTY_H -DHAVE_SIGNAL_H -DHAVE_STDBOOL_H -DHAVE_STDINT_H -DHAVE_STDIO_H -DHAVE_STDLIB_H -DHAVE_STRING_H -DHAVE_STRINGS_H -DHAVE_STROPTS_H -DHAVE_TERMIO_H -DHAVE_TERMIOS_H -DHAVE_TIME_H -DHAVE_UNISTD_H -DHAVE_UTIME_H -DHAVE_STDDEF_H -DHAVE_DLFCN_H -DHAVE_MALLOC_H -DHAVE_MEMORY_H -DHAVE_NETINET_IF_ETHER_H -DHAVE_STDINT_H -DHAVE_SYS_UTSNAME_H -std=gnu11 -o CMakeFiles/cmTC_a0e7a.dir/CurlTests.c.o -c /home/ewjung/space/cmake/cmake-3.18.4/Utilities/cmcurl/CMake/CurlTests.c
/home/ewjung/space/cmake/cmake-3.18.4/Utilities/cmcurl/CMake/CurlTests.c: In function ‘main’:
/home/ewjung/space/cmake/cmake-3.18.4/Utilities/cmcurl/CMake/CurlTests.c:144:8: error: too few arguments to function ‘gethostbyname_r’
   rc = gethostbyname_r(address, &h, buffer, 8192, &h_errnop);
        ^
In file included from /home/ewjung/space/cmake/cmake-3.18.4/Utilities/cmcurl/CMake/CurlTests.c:93:0:
/usr/include/netdb.h:179:12: note: declared here
 extern int gethostbyname_r (const char *__restrict __name,
            ^
CMakeFiles/cmTC_a0e7a.dir/build.make:84: 'CMakeFiles/cmTC_a0e7a.dir/CurlTests.c.o' 타겟에 대한 명령이 실패했습니다
make[1]: *** [CMakeFiles/cmTC_a0e7a.dir/CurlTests.c.o] 오류 1
make[1]: 디렉터리 '/media/ewjung/f6813a7e-ee48-4924-8e7d-d3641b6cc72d/ew_space/cmake/cmake-3.18.4/CMakeFiles/CMakeTmp' 나감
Makefile:140: 'cmTC_a0e7a/fast' 타겟에 대한 명령이 실패했습니다
make: *** [cmTC_a0e7a/fast] 오류 2


Performing Curl Test HAVE_INET_NTOA_R_DECL failed with the following output:
Change Dir: /home/ewjung/space/cmake/cmake-3.18.4/CMakeFiles/CMakeTmp

Run Build Command(s):/usr/bin/make cmTC_f4a3d/fast && make  -f CMakeFiles/cmTC_f4a3d.dir/build.make CMakeFiles/cmTC_f4a3d.dir/build
make[1]: 디렉터리 '/media/ewjung/f6813a7e-ee48-4924-8e7d-d3641b6cc72d/ew_space/cmake/cmake-3.18.4/CMakeFiles/CMakeTmp' 들어감
Building C object CMakeFiles/cmTC_f4a3d.dir/CurlTests.c.o
/usr/bin/gcc   -w -DHAVE_INET_NTOA_R_DECL  -DHAVE_STDIO_H -DHAVE_INTTYPES_H -DHAVE_SYS_IOCTL_H -DHAVE_SYS_PARAM_H -DHAVE_SYS_POLL_H -DHAVE_SYS_RESOURCE_H -DHAVE_SYS_SELECT_H -DHAVE_SYS_SOCKET_H -DHAVE_SYS_STAT_H -DHAVE_SYS_TIME_H -DHAVE_SYS_TYPES_H -DHAVE_SYS_UIO_H -DHAVE_SYS_UN_H -DHAVE_SYS_XATTR_H -DHAVE_ALLOCA_H -DHAVE_ARPA_INET_H -DHAVE_ARPA_TFTP_H -DHAVE_ASSERT_H -DHAVE_ERR_H -DHAVE_ERRNO_H -DHAVE_FCNTL_H -DHAVE_IFADDRS_H -DHAVE_LIBGEN_H -DHAVE_LOCALE_H -DHAVE_NET_IF_H -DHAVE_NETDB_H -DHAVE_NETINET_IN_H -DHAVE_NETINET_TCP_H -DHAVE_POLL_H -DHAVE_PWD_H -DHAVE_SETJMP_H -DHAVE_SGTTY_H -DHAVE_SIGNAL_H -DHAVE_STDBOOL_H -DHAVE_STDINT_H -DHAVE_STDIO_H -DHAVE_STDLIB_H -DHAVE_STRING_H -DHAVE_STRINGS_H -DHAVE_STROPTS_H -DHAVE_TERMIO_H -DHAVE_TERMIOS_H -DHAVE_TIME_H -DHAVE_UNISTD_H -DHAVE_UTIME_H -DHAVE_STDDEF_H -DHAVE_DLFCN_H -DHAVE_MALLOC_H -DHAVE_MEMORY_H -DHAVE_NETINET_IF_ETHER_H -DHAVE_STDINT_H -DHAVE_SYS_UTSNAME_H -std=gnu11 -o CMakeFiles/cmTC_f4a3d.dir/CurlTests.c.o -c /home/ewjung/space/cmake/cmake-3.18.4/Utilities/cmcurl/CMake/CurlTests.c
/home/ewjung/space/cmake/cmake-3.18.4/Utilities/cmcurl/CMake/CurlTests.c: In function ‘main’:
/home/ewjung/space/cmake/cmake-3.18.4/Utilities/cmcurl/CMake/CurlTests.c:244:21: error: ‘inet_ntoa_r’ undeclared (first use in this function)
   func = (func_type)inet_ntoa_r;
                     ^
/home/ewjung/space/cmake/cmake-3.18.4/Utilities/cmcurl/CMake/CurlTests.c:244:21: note: each undeclared identifier is reported only once for each function it appears in
CMakeFiles/cmTC_f4a3d.dir/build.make:84: 'CMakeFiles/cmTC_f4a3d.dir/CurlTests.c.o' 타겟에 대한 명령이 실패했습니다
make[1]: *** [CMakeFiles/cmTC_f4a3d.dir/CurlTests.c.o] 오류 1
make[1]: 디렉터리 '/media/ewjung/f6813a7e-ee48-4924-8e7d-d3641b6cc72d/ew_space/cmake/cmake-3.18.4/CMakeFiles/CMakeTmp' 나감
Makefile:140: 'cmTC_f4a3d/fast' 타겟에 대한 명령이 실패했습니다
make: *** [cmTC_f4a3d/fast] 오류 2


Performing Curl Test HAVE_INET_NTOA_R_DECL_REENTRANT failed with the following output:
Change Dir: /home/ewjung/space/cmake/cmake-3.18.4/CMakeFiles/CMakeTmp

Run Build Command(s):/usr/bin/make cmTC_f43ac/fast && make  -f CMakeFiles/cmTC_f43ac.dir/build.make CMakeFiles/cmTC_f43ac.dir/build
make[1]: 디렉터리 '/media/ewjung/f6813a7e-ee48-4924-8e7d-d3641b6cc72d/ew_space/cmake/cmake-3.18.4/CMakeFiles/CMakeTmp' 들어감
Building C object CMakeFiles/cmTC_f43ac.dir/CurlTests.c.o
/usr/bin/gcc   -w -DHAVE_INET_NTOA_R_DECL_REENTRANT  -DHAVE_STDIO_H -DHAVE_INTTYPES_H -DHAVE_SYS_IOCTL_H -DHAVE_SYS_PARAM_H -DHAVE_SYS_POLL_H -DHAVE_SYS_RESOURCE_H -DHAVE_SYS_SELECT_H -DHAVE_SYS_SOCKET_H -DHAVE_SYS_STAT_H -DHAVE_SYS_TIME_H -DHAVE_SYS_TYPES_H -DHAVE_SYS_UIO_H -DHAVE_SYS_UN_H -DHAVE_SYS_XATTR_H -DHAVE_ALLOCA_H -DHAVE_ARPA_INET_H -DHAVE_ARPA_TFTP_H -DHAVE_ASSERT_H -DHAVE_ERR_H -DHAVE_ERRNO_H -DHAVE_FCNTL_H -DHAVE_IFADDRS_H -DHAVE_LIBGEN_H -DHAVE_LOCALE_H -DHAVE_NET_IF_H -DHAVE_NETDB_H -DHAVE_NETINET_IN_H -DHAVE_NETINET_TCP_H -DHAVE_POLL_H -DHAVE_PWD_H -DHAVE_SETJMP_H -DHAVE_SGTTY_H -DHAVE_SIGNAL_H -DHAVE_STDBOOL_H -DHAVE_STDINT_H -DHAVE_STDIO_H -DHAVE_STDLIB_H -DHAVE_STRING_H -DHAVE_STRINGS_H -DHAVE_STROPTS_H -DHAVE_TERMIO_H -DHAVE_TERMIOS_H -DHAVE_TIME_H -DHAVE_UNISTD_H -DHAVE_UTIME_H -DHAVE_STDDEF_H -DHAVE_DLFCN_H -DHAVE_MALLOC_H -DHAVE_MEMORY_H -DHAVE_NETINET_IF_ETHER_H -DHAVE_STDINT_H -DHAVE_SYS_UTSNAME_H -std=gnu11 -o CMakeFiles/cmTC_f43ac.dir/CurlTests.c.o -c /home/ewjung/space/cmake/cmake-3.18.4/Utilities/cmcurl/CMake/CurlTests.c
/home/ewjung/space/cmake/cmake-3.18.4/Utilities/cmcurl/CMake/CurlTests.c: In function ‘main’:
/home/ewjung/space/cmake/cmake-3.18.4/Utilities/cmcurl/CMake/CurlTests.c:260:22: error: ‘inet_ntoa_r’ undeclared (first use in this function)
   func = (func_type)&inet_ntoa_r;
                      ^
/home/ewjung/space/cmake/cmake-3.18.4/Utilities/cmcurl/CMake/CurlTests.c:260:22: note: each undeclared identifier is reported only once for each function it appears in
CMakeFiles/cmTC_f43ac.dir/build.make:84: 'CMakeFiles/cmTC_f43ac.dir/CurlTests.c.o' 타겟에 대한 명령이 실패했습니다
make[1]: *** [CMakeFiles/cmTC_f43ac.dir/CurlTests.c.o] 오류 1
make[1]: 디렉터리 '/media/ewjung/f6813a7e-ee48-4924-8e7d-d3641b6cc72d/ew_space/cmake/cmake-3.18.4/CMakeFiles/CMakeTmp' 나감
Makefile:140: 'cmTC_f43ac/fast' 타겟에 대한 명령이 실패했습니다
make: *** [cmTC_f43ac/fast] 오류 2


Performing Curl Test HAVE_GLIBC_STRERROR_R failed with the following output:
Change Dir: /home/ewjung/space/cmake/cmake-3.18.4/CMakeFiles/CMakeTmp

Run Build Command(s):/usr/bin/make cmTC_a7a2f/fast && make  -f CMakeFiles/cmTC_a7a2f.dir/build.make CMakeFiles/cmTC_a7a2f.dir/build
make[1]: 디렉터리 '/media/ewjung/f6813a7e-ee48-4924-8e7d-d3641b6cc72d/ew_space/cmake/cmake-3.18.4/CMakeFiles/CMakeTmp' 들어감
Building C object CMakeFiles/cmTC_a7a2f.dir/CurlTests.c.o
/usr/bin/gcc   -w -DHAVE_GLIBC_STRERROR_R  -DHAVE_STDIO_H -DHAVE_INTTYPES_H -DHAVE_SYS_IOCTL_H -DHAVE_SYS_PARAM_H -DHAVE_SYS_POLL_H -DHAVE_SYS_RESOURCE_H -DHAVE_SYS_SELECT_H -DHAVE_SYS_SOCKET_H -DHAVE_SYS_STAT_H -DHAVE_SYS_TIME_H -DHAVE_SYS_TYPES_H -DHAVE_SYS_UIO_H -DHAVE_SYS_UN_H -DHAVE_SYS_XATTR_H -DHAVE_ALLOCA_H -DHAVE_ARPA_INET_H -DHAVE_ARPA_TFTP_H -DHAVE_ASSERT_H -DHAVE_ERR_H -DHAVE_ERRNO_H -DHAVE_FCNTL_H -DHAVE_IFADDRS_H -DHAVE_LIBGEN_H -DHAVE_LOCALE_H -DHAVE_NET_IF_H -DHAVE_NETDB_H -DHAVE_NETINET_IN_H -DHAVE_NETINET_TCP_H -DHAVE_POLL_H -DHAVE_PWD_H -DHAVE_SETJMP_H -DHAVE_SGTTY_H -DHAVE_SIGNAL_H -DHAVE_STDBOOL_H -DHAVE_STDINT_H -DHAVE_STDIO_H -DHAVE_STDLIB_H -DHAVE_STRING_H -DHAVE_STRINGS_H -DHAVE_STROPTS_H -DHAVE_TERMIO_H -DHAVE_TERMIOS_H -DHAVE_TIME_H -DHAVE_UNISTD_H -DHAVE_UTIME_H -DHAVE_STDDEF_H -DHAVE_DLFCN_H -DHAVE_MALLOC_H -DHAVE_MEMORY_H -DHAVE_NETINET_IF_ETHER_H -DHAVE_STDINT_H -DHAVE_SYS_UTSNAME_H -std=gnu11 -o CMakeFiles/cmTC_a7a2f.dir/CurlTests.c.o -c /home/ewjung/space/cmake/cmake-3.18.4/Utilities/cmcurl/CMake/CurlTests.c
/home/ewjung/space/cmake/cmake-3.18.4/Utilities/cmcurl/CMake/CurlTests.c: In function ‘main’:
/home/ewjung/space/cmake/cmake-3.18.4/Utilities/cmcurl/CMake/CurlTests.c:521:51: error: subscripted value is neither array nor pointer nor vector
   check(strerror_r(EACCES, buffer, sizeof(buffer))[0]);
                                                   ^
CMakeFiles/cmTC_a7a2f.dir/build.make:84: 'CMakeFiles/cmTC_a7a2f.dir/CurlTests.c.o' 타겟에 대한 명령이 실패했습니다
make[1]: *** [CMakeFiles/cmTC_a7a2f.dir/CurlTests.c.o] 오류 1
make[1]: 디렉터리 '/media/ewjung/f6813a7e-ee48-4924-8e7d-d3641b6cc72d/ew_space/cmake/cmake-3.18.4/CMakeFiles/CMakeTmp' 나감
Makefile:140: 'cmTC_a7a2f/fast' 타겟에 대한 명령이 실패했습니다
make: *** [cmTC_a7a2f/fast] 오류 2


Performing Curl Test HAVE_BUILTIN_AVAILABLE failed with the following output:
Change Dir: /home/ewjung/space/cmake/cmake-3.18.4/CMakeFiles/CMakeTmp

Run Build Command(s):/usr/bin/make cmTC_8d667/fast && make  -f CMakeFiles/cmTC_8d667.dir/build.make CMakeFiles/cmTC_8d667.dir/build
make[1]: 디렉터리 '/media/ewjung/f6813a7e-ee48-4924-8e7d-d3641b6cc72d/ew_space/cmake/cmake-3.18.4/CMakeFiles/CMakeTmp' 들어감
Building C object CMakeFiles/cmTC_8d667.dir/CurlTests.c.o
/usr/bin/gcc   -w -DHAVE_BUILTIN_AVAILABLE  -DHAVE_STDIO_H -DHAVE_INTTYPES_H -DHAVE_SYS_IOCTL_H -DHAVE_SYS_PARAM_H -DHAVE_SYS_POLL_H -DHAVE_SYS_RESOURCE_H -DHAVE_SYS_SELECT_H -DHAVE_SYS_SOCKET_H -DHAVE_SYS_STAT_H -DHAVE_SYS_TIME_H -DHAVE_SYS_TYPES_H -DHAVE_SYS_UIO_H -DHAVE_SYS_UN_H -DHAVE_SYS_XATTR_H -DHAVE_ALLOCA_H -DHAVE_ARPA_INET_H -DHAVE_ARPA_TFTP_H -DHAVE_ASSERT_H -DHAVE_ERR_H -DHAVE_ERRNO_H -DHAVE_FCNTL_H -DHAVE_IFADDRS_H -DHAVE_LIBGEN_H -DHAVE_LOCALE_H -DHAVE_NET_IF_H -DHAVE_NETDB_H -DHAVE_NETINET_IN_H -DHAVE_NETINET_TCP_H -DHAVE_POLL_H -DHAVE_PWD_H -DHAVE_SETJMP_H -DHAVE_SGTTY_H -DHAVE_SIGNAL_H -DHAVE_STDBOOL_H -DHAVE_STDINT_H -DHAVE_STDIO_H -DHAVE_STDLIB_H -DHAVE_STRING_H -DHAVE_STRINGS_H -DHAVE_STROPTS_H -DHAVE_TERMIO_H -DHAVE_TERMIOS_H -DHAVE_TIME_H -DHAVE_UNISTD_H -DHAVE_UTIME_H -DHAVE_STDDEF_H -DHAVE_DLFCN_H -DHAVE_MALLOC_H -DHAVE_MEMORY_H -DHAVE_NETINET_IF_ETHER_H -DHAVE_STDINT_H -DHAVE_SYS_UTSNAME_H -std=gnu11 -o CMakeFiles/cmTC_8d667.dir/CurlTests.c.o -c /home/ewjung/space/cmake/cmake-3.18.4/Utilities/cmcurl/CMake/CurlTests.c
/home/ewjung/space/cmake/cmake-3.18.4/Utilities/cmcurl/CMake/CurlTests.c: In function ‘main’:
/home/ewjung/space/cmake/cmake-3.18.4/Utilities/cmcurl/CMake/CurlTests.c:568:26: error: ‘macOS’ undeclared (first use in this function)
   if(__builtin_available(macOS 10.12, *)) {}
                          ^
/home/ewjung/space/cmake/cmake-3.18.4/Utilities/cmcurl/CMake/CurlTests.c:568:26: note: each undeclared identifier is reported only once for each function it appears in
/home/ewjung/space/cmake/cmake-3.18.4/Utilities/cmcurl/CMake/CurlTests.c:568:32: error: expected ‘)’ before numeric constant
   if(__builtin_available(macOS 10.12, *)) {}
                                ^
CMakeFiles/cmTC_8d667.dir/build.make:84: 'CMakeFiles/cmTC_8d667.dir/CurlTests.c.o' 타겟에 대한 명령이 실패했습니다
make[1]: *** [CMakeFiles/cmTC_8d667.dir/CurlTests.c.o] 오류 1
make[1]: 디렉터리 '/media/ewjung/f6813a7e-ee48-4924-8e7d-d3641b6cc72d/ew_space/cmake/cmake-3.18.4/CMakeFiles/CMakeTmp' 나감
Makefile:140: 'cmTC_8d667/fast' 타겟에 대한 명령이 실패했습니다
make: *** [cmTC_8d667/fast] 오류 2


Determining if the getrandom exist failed with the following output:
Change Dir: /home/ewjung/space/cmake/cmake-3.18.4/CMakeFiles/CMakeTmp

Run Build Command(s):/usr/bin/make cmTC_efe96/fast && make  -f CMakeFiles/cmTC_efe96.dir/build.make CMakeFiles/cmTC_efe96.dir/build
make[1]: 디렉터리 '/media/ewjung/f6813a7e-ee48-4924-8e7d-d3641b6cc72d/ew_space/cmake/cmake-3.18.4/CMakeFiles/CMakeTmp' 들어감
Building C object CMakeFiles/cmTC_efe96.dir/CheckSymbolExists.c.o
/usr/bin/gcc   -w  -std=gnu11 -o CMakeFiles/cmTC_efe96.dir/CheckSymbolExists.c.o -c /home/ewjung/space/cmake/cmake-3.18.4/CMakeFiles/CMakeTmp/CheckSymbolExists.c
/home/ewjung/space/cmake/cmake-3.18.4/CMakeFiles/CMakeTmp/CheckSymbolExists.c:2:24: fatal error: sys/random.h: 그런 파일이나 디렉터리가 없습니다
compilation terminated.
CMakeFiles/cmTC_efe96.dir/build.make:84: 'CMakeFiles/cmTC_efe96.dir/CheckSymbolExists.c.o' 타겟에 대한 명령이 실패했습니다
make[1]: *** [CMakeFiles/cmTC_efe96.dir/CheckSymbolExists.c.o] 오류 1
make[1]: 디렉터리 '/media/ewjung/f6813a7e-ee48-4924-8e7d-d3641b6cc72d/ew_space/cmake/cmake-3.18.4/CMakeFiles/CMakeTmp' 나감
Makefile:140: 'cmTC_efe96/fast' 타겟에 대한 명령이 실패했습니다
make: *** [cmTC_efe96/fast] 오류 2


File /home/ewjung/space/cmake/cmake-3.18.4/CMakeFiles/CMakeTmp/CheckSymbolExists.c:
/* */
#include <sys/random.h>

int main(int argc, char** argv)
{
  (void)argv;
#ifndef getrandom
  return ((int*)(&getrandom))[argc];
#else
  (void)argc;
  return 0;
#endif
}
Determining if the arc4random_buf exist failed with the following output:
Change Dir: /home/ewjung/space/cmake/cmake-3.18.4/CMakeFiles/CMakeTmp

Run Build Command(s):/usr/bin/make cmTC_07b74/fast && make  -f CMakeFiles/cmTC_07b74.dir/build.make CMakeFiles/cmTC_07b74.dir/build
make[1]: 디렉터리 '/media/ewjung/f6813a7e-ee48-4924-8e7d-d3641b6cc72d/ew_space/cmake/cmake-3.18.4/CMakeFiles/CMakeTmp' 들어감
Building C object CMakeFiles/cmTC_07b74.dir/CheckSymbolExists.c.o
/usr/bin/gcc   -w  -std=gnu11 -o CMakeFiles/cmTC_07b74.dir/CheckSymbolExists.c.o -c /home/ewjung/space/cmake/cmake-3.18.4/CMakeFiles/CMakeTmp/CheckSymbolExists.c
/home/ewjung/space/cmake/cmake-3.18.4/CMakeFiles/CMakeTmp/CheckSymbolExists.c: In function ‘main’:
/home/ewjung/space/cmake/cmake-3.18.4/CMakeFiles/CMakeTmp/CheckSymbolExists.c:8:19: error: ‘arc4random_buf’ undeclared (first use in this function)
   return ((int*)(&arc4random_buf))[argc];
                   ^
/home/ewjung/space/cmake/cmake-3.18.4/CMakeFiles/CMakeTmp/CheckSymbolExists.c:8:19: note: each undeclared identifier is reported only once for each function it appears in
CMakeFiles/cmTC_07b74.dir/build.make:84: 'CMakeFiles/cmTC_07b74.dir/CheckSymbolExists.c.o' 타겟에 대한 명령이 실패했습니다
make[1]: *** [CMakeFiles/cmTC_07b74.dir/CheckSymbolExists.c.o] 오류 1
make[1]: 디렉터리 '/media/ewjung/f6813a7e-ee48-4924-8e7d-d3641b6cc72d/ew_space/cmake/cmake-3.18.4/CMakeFiles/CMakeTmp' 나감
Makefile:140: 'cmTC_07b74/fast' 타겟에 대한 명령이 실패했습니다
make: *** [cmTC_07b74/fast] 오류 2


File /home/ewjung/space/cmake/cmake-3.18.4/CMakeFiles/CMakeTmp/CheckSymbolExists.c:
/* */
#include <stdlib.h>

int main(int argc, char** argv)
{
  (void)argv;
#ifndef arc4random_buf
  return ((int*)(&arc4random_buf))[argc];
#else
  (void)argc;
  return 0;
#endif
}
Determining if the arc4random exist failed with the following output:
Change Dir: /home/ewjung/space/cmake/cmake-3.18.4/CMakeFiles/CMakeTmp

Run Build Command(s):/usr/bin/make cmTC_f79d6/fast && make  -f CMakeFiles/cmTC_f79d6.dir/build.make CMakeFiles/cmTC_f79d6.dir/build
make[1]: 디렉터리 '/media/ewjung/f6813a7e-ee48-4924-8e7d-d3641b6cc72d/ew_space/cmake/cmake-3.18.4/CMakeFiles/CMakeTmp' 들어감
Building C object CMakeFiles/cmTC_f79d6.dir/CheckSymbolExists.c.o
/usr/bin/gcc   -w  -std=gnu11 -o CMakeFiles/cmTC_f79d6.dir/CheckSymbolExists.c.o -c /home/ewjung/space/cmake/cmake-3.18.4/CMakeFiles/CMakeTmp/CheckSymbolExists.c
/home/ewjung/space/cmake/cmake-3.18.4/CMakeFiles/CMakeTmp/CheckSymbolExists.c: In function ‘main’:
/home/ewjung/space/cmake/cmake-3.18.4/CMakeFiles/CMakeTmp/CheckSymbolExists.c:8:19: error: ‘arc4random’ undeclared (first use in this function)
   return ((int*)(&arc4random))[argc];
                   ^
/home/ewjung/space/cmake/cmake-3.18.4/CMakeFiles/CMakeTmp/CheckSymbolExists.c:8:19: note: each undeclared identifier is reported only once for each function it appears in
CMakeFiles/cmTC_f79d6.dir/build.make:84: 'CMakeFiles/cmTC_f79d6.dir/CheckSymbolExists.c.o' 타겟에 대한 명령이 실패했습니다
make[1]: *** [CMakeFiles/cmTC_f79d6.dir/CheckSymbolExists.c.o] 오류 1
make[1]: 디렉터리 '/media/ewjung/f6813a7e-ee48-4924-8e7d-d3641b6cc72d/ew_space/cmake/cmake-3.18.4/CMakeFiles/CMakeTmp' 나감
Makefile:140: 'cmTC_f79d6/fast' 타겟에 대한 명령이 실패했습니다
make: *** [cmTC_f79d6/fast] 오류 2


File /home/ewjung/space/cmake/cmake-3.18.4/CMakeFiles/CMakeTmp/CheckSymbolExists.c:
/* */
#include <stdlib.h>

int main(int argc, char** argv)
{
  (void)argv;
#ifndef arc4random
  return ((int*)(&arc4random))[argc];
#else
  (void)argc;
  return 0;
#endif
}
Determining if files sys/types.h;ctype.h;copyfile.h exist failed with the following output:
Change Dir: /home/ewjung/space/cmake/cmake-3.18.4/CMakeFiles/CMakeTmp

Run Build Command(s):/usr/bin/make cmTC_7f880/fast && make  -f CMakeFiles/cmTC_7f880.dir/build.make CMakeFiles/cmTC_7f880.dir/build
make[1]: 디렉터리 '/media/ewjung/f6813a7e-ee48-4924-8e7d-d3641b6cc72d/ew_space/cmake/cmake-3.18.4/CMakeFiles/CMakeTmp' 들어감
Building C object CMakeFiles/cmTC_7f880.dir/HAVE_COPYFILE_H.c.o
/usr/bin/gcc   -w  -std=gnu11 -o CMakeFiles/cmTC_7f880.dir/HAVE_COPYFILE_H.c.o -c /home/ewjung/space/cmake/cmake-3.18.4/CMakeFiles/CheckIncludeFiles/HAVE_COPYFILE_H.c
/home/ewjung/space/cmake/cmake-3.18.4/CMakeFiles/CheckIncludeFiles/HAVE_COPYFILE_H.c:4:22: fatal error: copyfile.h: 그런 파일이나 디렉터리가 없습니다
compilation terminated.
CMakeFiles/cmTC_7f880.dir/build.make:84: 'CMakeFiles/cmTC_7f880.dir/HAVE_COPYFILE_H.c.o' 타겟에 대한 명령이 실패했습니다
make[1]: *** [CMakeFiles/cmTC_7f880.dir/HAVE_COPYFILE_H.c.o] 오류 1
make[1]: 디렉터리 '/media/ewjung/f6813a7e-ee48-4924-8e7d-d3641b6cc72d/ew_space/cmake/cmake-3.18.4/CMakeFiles/CMakeTmp' 나감
Makefile:140: 'cmTC_7f880/fast' 타겟에 대한 명령이 실패했습니다
make: *** [cmTC_7f880/fast] 오류 2


Source:
/* */
#include <sys/types.h>
#include <ctype.h>
#include <copyfile.h>


int main(void){return 0;}

Determining if files sys/types.h;ctype.h;direct.h exist failed with the following output:
Change Dir: /home/ewjung/space/cmake/cmake-3.18.4/CMakeFiles/CMakeTmp

Run Build Command(s):/usr/bin/make cmTC_9c0c6/fast && make  -f CMakeFiles/cmTC_9c0c6.dir/build.make CMakeFiles/cmTC_9c0c6.dir/build
make[1]: 디렉터리 '/media/ewjung/f6813a7e-ee48-4924-8e7d-d3641b6cc72d/ew_space/cmake/cmake-3.18.4/CMakeFiles/CMakeTmp' 들어감
Building C object CMakeFiles/cmTC_9c0c6.dir/HAVE_DIRECT_H.c.o
/usr/bin/gcc   -w  -std=gnu11 -o CMakeFiles/cmTC_9c0c6.dir/HAVE_DIRECT_H.c.o -c /home/ewjung/space/cmake/cmake-3.18.4/CMakeFiles/CheckIncludeFiles/HAVE_DIRECT_H.c
/home/ewjung/space/cmake/cmake-3.18.4/CMakeFiles/CheckIncludeFiles/HAVE_DIRECT_H.c:4:20: fatal error: direct.h: 그런 파일이나 디렉터리가 없습니다
compilation terminated.
CMakeFiles/cmTC_9c0c6.dir/build.make:84: 'CMakeFiles/cmTC_9c0c6.dir/HAVE_DIRECT_H.c.o' 타겟에 대한 명령이 실패했습니다
make[1]: *** [CMakeFiles/cmTC_9c0c6.dir/HAVE_DIRECT_H.c.o] 오류 1
make[1]: 디렉터리 '/media/ewjung/f6813a7e-ee48-4924-8e7d-d3641b6cc72d/ew_space/cmake/cmake-3.18.4/CMakeFiles/CMakeTmp' 나감
Makefile:140: 'cmTC_9c0c6/fast' 타겟에 대한 명령이 실패했습니다
make: *** [cmTC_9c0c6/fast] 오류 2


Source:
/* */
#include <sys/types.h>
#include <ctype.h>
#include <direct.h>


int main(void){return 0;}

Determining if files sys/types.h;ctype.h;dlfcn.h;errno.h;ext2fs/ext2_fs.h exist failed with the following output:
Change Dir: /home/ewjung/space/cmake/cmake-3.18.4/CMakeFiles/CMakeTmp

Run Build Command(s):/usr/bin/make cmTC_03d36/fast && make  -f CMakeFiles/cmTC_03d36.dir/build.make CMakeFiles/cmTC_03d36.dir/build
make[1]: 디렉터리 '/media/ewjung/f6813a7e-ee48-4924-8e7d-d3641b6cc72d/ew_space/cmake/cmake-3.18.4/CMakeFiles/CMakeTmp' 들어감
Building C object CMakeFiles/cmTC_03d36.dir/HAVE_EXT2FS_EXT2_FS_H.c.o
/usr/bin/gcc   -w  -std=gnu11 -o CMakeFiles/cmTC_03d36.dir/HAVE_EXT2FS_EXT2_FS_H.c.o -c /home/ewjung/space/cmake/cmake-3.18.4/CMakeFiles/CheckIncludeFiles/HAVE_EXT2FS_EXT2_FS_H.c
/home/ewjung/space/cmake/cmake-3.18.4/CMakeFiles/CheckIncludeFiles/HAVE_EXT2FS_EXT2_FS_H.c:6:28: fatal error: ext2fs/ext2_fs.h: 그런 파일이나 디렉터리가 없습니다
compilation terminated.
CMakeFiles/cmTC_03d36.dir/build.make:84: 'CMakeFiles/cmTC_03d36.dir/HAVE_EXT2FS_EXT2_FS_H.c.o' 타겟에 대한 명령이 실패했습니다
make[1]: *** [CMakeFiles/cmTC_03d36.dir/HAVE_EXT2FS_EXT2_FS_H.c.o] 오류 1
make[1]: 디렉터리 '/media/ewjung/f6813a7e-ee48-4924-8e7d-d3641b6cc72d/ew_space/cmake/cmake-3.18.4/CMakeFiles/CMakeTmp' 나감
Makefile:140: 'cmTC_03d36/fast' 타겟에 대한 명령이 실패했습니다
make: *** [cmTC_03d36/fast] 오류 2


Source:
/* */
#include <sys/types.h>
#include <ctype.h>
#include <dlfcn.h>
#include <errno.h>
#include <ext2fs/ext2_fs.h>


int main(void){return 0;}

Performing C SOURCE FILE Test HAVE_WORKING_EXT2_IOC_GETFLAGS failed with the following output:
Change Dir: /home/ewjung/space/cmake/cmake-3.18.4/CMakeFiles/CMakeTmp

Run Build Command(s):/usr/bin/make cmTC_65f24/fast && make  -f CMakeFiles/cmTC_65f24.dir/build.make CMakeFiles/cmTC_65f24.dir/build
make[1]: 디렉터리 '/media/ewjung/f6813a7e-ee48-4924-8e7d-d3641b6cc72d/ew_space/cmake/cmake-3.18.4/CMakeFiles/CMakeTmp' 들어감
Building C object CMakeFiles/cmTC_65f24.dir/src.c.o
/usr/bin/gcc   -w -DHAVE_WORKING_EXT2_IOC_GETFLAGS -std=gnu11 -o CMakeFiles/cmTC_65f24.dir/src.c.o -c /home/ewjung/space/cmake/cmake-3.18.4/CMakeFiles/CMakeTmp/src.c
/home/ewjung/space/cmake/cmake-3.18.4/CMakeFiles/CMakeTmp/src.c:2:28: fatal error: ext2fs/ext2_fs.h: 그런 파일이나 디렉터리가 없습니다
compilation terminated.
CMakeFiles/cmTC_65f24.dir/build.make:84: 'CMakeFiles/cmTC_65f24.dir/src.c.o' 타겟에 대한 명령이 실패했습니다
make[1]: *** [CMakeFiles/cmTC_65f24.dir/src.c.o] 오류 1
make[1]: 디렉터리 '/media/ewjung/f6813a7e-ee48-4924-8e7d-d3641b6cc72d/ew_space/cmake/cmake-3.18.4/CMakeFiles/CMakeTmp' 나감
Makefile:140: 'cmTC_65f24/fast' 타겟에 대한 명령이 실패했습니다
make: *** [cmTC_65f24/fast] 오류 2


Source file was:
#include <sys/ioctl.h>
#include <ext2fs/ext2_fs.h>
int main(void) { return EXT2_IOC_GETFLAGS; }
Determining if files sys/types.h;ctype.h;dlfcn.h;errno.h;fcntl.h;grp.h;langinfo.h;limits.h;linux/types.h;linux/fiemap.h;linux/fs.h;linux/magic.h;locale.h;membership.h exist failed with the following output:
Change Dir: /home/ewjung/space/cmake/cmake-3.18.4/CMakeFiles/CMakeTmp

Run Build Command(s):/usr/bin/make cmTC_442d9/fast && make  -f CMakeFiles/cmTC_442d9.dir/build.make CMakeFiles/cmTC_442d9.dir/build
make[1]: 디렉터리 '/media/ewjung/f6813a7e-ee48-4924-8e7d-d3641b6cc72d/ew_space/cmake/cmake-3.18.4/CMakeFiles/CMakeTmp' 들어감
Building C object CMakeFiles/cmTC_442d9.dir/HAVE_MEMBERSHIP_H.c.o
/usr/bin/gcc   -w  -std=gnu11 -o CMakeFiles/cmTC_442d9.dir/HAVE_MEMBERSHIP_H.c.o -c /home/ewjung/space/cmake/cmake-3.18.4/CMakeFiles/CheckIncludeFiles/HAVE_MEMBERSHIP_H.c
/home/ewjung/space/cmake/cmake-3.18.4/CMakeFiles/CheckIncludeFiles/HAVE_MEMBERSHIP_H.c:15:24: fatal error: membership.h: 그런 파일이나 디렉터리가 없습니다
compilation terminated.
CMakeFiles/cmTC_442d9.dir/build.make:84: 'CMakeFiles/cmTC_442d9.dir/HAVE_MEMBERSHIP_H.c.o' 타겟에 대한 명령이 실패했습니다
make[1]: *** [CMakeFiles/cmTC_442d9.dir/HAVE_MEMBERSHIP_H.c.o] 오류 1
make[1]: 디렉터리 '/media/ewjung/f6813a7e-ee48-4924-8e7d-d3641b6cc72d/ew_space/cmake/cmake-3.18.4/CMakeFiles/CMakeTmp' 나감
Makefile:140: 'cmTC_442d9/fast' 타겟에 대한 명령이 실패했습니다
make: *** [cmTC_442d9/fast] 오류 2


Source:
/* */
#include <sys/types.h>
#include <ctype.h>
#include <dlfcn.h>
#include <errno.h>
#include <fcntl.h>
#include <grp.h>
#include <langinfo.h>
#include <limits.h>
#include <linux/types.h>
#include <linux/fiemap.h>
#include <linux/fs.h>
#include <linux/magic.h>
#include <locale.h>
#include <membership.h>


int main(void){return 0;}

Determining if files sys/types.h;ctype.h;dlfcn.h;errno.h;fcntl.h;grp.h;langinfo.h;limits.h;linux/types.h;linux/fiemap.h;linux/fs.h;linux/magic.h;locale.h;memory.h;paths.h;poll.h;pthread.h;pwd.h;readpassphrase.h exist failed with the following output:
Change Dir: /home/ewjung/space/cmake/cmake-3.18.4/CMakeFiles/CMakeTmp

Run Build Command(s):/usr/bin/make cmTC_c9685/fast && make  -f CMakeFiles/cmTC_c9685.dir/build.make CMakeFiles/cmTC_c9685.dir/build
make[1]: 디렉터리 '/media/ewjung/f6813a7e-ee48-4924-8e7d-d3641b6cc72d/ew_space/cmake/cmake-3.18.4/CMakeFiles/CMakeTmp' 들어감
Building C object CMakeFiles/cmTC_c9685.dir/HAVE_READPASSPHRASE_H.c.o
/usr/bin/gcc   -w  -std=gnu11 -o CMakeFiles/cmTC_c9685.dir/HAVE_READPASSPHRASE_H.c.o -c /home/ewjung/space/cmake/cmake-3.18.4/CMakeFiles/CheckIncludeFiles/HAVE_READPASSPHRASE_H.c
/home/ewjung/space/cmake/cmake-3.18.4/CMakeFiles/CheckIncludeFiles/HAVE_READPASSPHRASE_H.c:20:28: fatal error: readpassphrase.h: 그런 파일이나 디렉터리가 없습니다
compilation terminated.
CMakeFiles/cmTC_c9685.dir/build.make:84: 'CMakeFiles/cmTC_c9685.dir/HAVE_READPASSPHRASE_H.c.o' 타겟에 대한 명령이 실패했습니다
make[1]: *** [CMakeFiles/cmTC_c9685.dir/HAVE_READPASSPHRASE_H.c.o] 오류 1
make[1]: 디렉터리 '/media/ewjung/f6813a7e-ee48-4924-8e7d-d3641b6cc72d/ew_space/cmake/cmake-3.18.4/CMakeFiles/CMakeTmp' 나감
Makefile:140: 'cmTC_c9685/fast' 타겟에 대한 명령이 실패했습니다
make: *** [cmTC_c9685/fast] 오류 2


Source:
/* */
#include <sys/types.h>
#include <ctype.h>
#include <dlfcn.h>
#include <errno.h>
#include <fcntl.h>
#include <grp.h>
#include <langinfo.h>
#include <limits.h>
#include <linux/types.h>
#include <linux/fiemap.h>
#include <linux/fs.h>
#include <linux/magic.h>
#include <locale.h>
#include <memory.h>
#include <paths.h>
#include <poll.h>
#include <pthread.h>
#include <pwd.h>
#include <readpassphrase.h>


int main(void){return 0;}

Determining if files sys/types.h;ctype.h;dlfcn.h;errno.h;fcntl.h;grp.h;langinfo.h;limits.h;linux/types.h;linux/fiemap.h;linux/fs.h;linux/magic.h;locale.h;memory.h;paths.h;poll.h;pthread.h;pwd.h;regex.h;signal.h;spawn.h;stdarg.h;stdlib.h;string.h;strings.h;sys/acl.h exist failed with the following output:
Change Dir: /home/ewjung/space/cmake/cmake-3.18.4/CMakeFiles/CMakeTmp

Run Build Command(s):/usr/bin/make cmTC_ce47d/fast && make  -f CMakeFiles/cmTC_ce47d.dir/build.make CMakeFiles/cmTC_ce47d.dir/build
make[1]: 디렉터리 '/media/ewjung/f6813a7e-ee48-4924-8e7d-d3641b6cc72d/ew_space/cmake/cmake-3.18.4/CMakeFiles/CMakeTmp' 들어감
Building C object CMakeFiles/cmTC_ce47d.dir/HAVE_SYS_ACL_H.c.o
/usr/bin/gcc   -w  -std=gnu11 -o CMakeFiles/cmTC_ce47d.dir/HAVE_SYS_ACL_H.c.o -c /home/ewjung/space/cmake/cmake-3.18.4/CMakeFiles/CheckIncludeFiles/HAVE_SYS_ACL_H.c
/home/ewjung/space/cmake/cmake-3.18.4/CMakeFiles/CheckIncludeFiles/HAVE_SYS_ACL_H.c:27:21: fatal error: sys/acl.h: 그런 파일이나 디렉터리가 없습니다
compilation terminated.
CMakeFiles/cmTC_ce47d.dir/build.make:84: 'CMakeFiles/cmTC_ce47d.dir/HAVE_SYS_ACL_H.c.o' 타겟에 대한 명령이 실패했습니다
make[1]: *** [CMakeFiles/cmTC_ce47d.dir/HAVE_SYS_ACL_H.c.o] 오류 1
make[1]: 디렉터리 '/media/ewjung/f6813a7e-ee48-4924-8e7d-d3641b6cc72d/ew_space/cmake/cmake-3.18.4/CMakeFiles/CMakeTmp' 나감
Makefile:140: 'cmTC_ce47d/fast' 타겟에 대한 명령이 실패했습니다
make: *** [cmTC_ce47d/fast] 오류 2


Source:
/* */
#include <sys/types.h>
#include <ctype.h>
#include <dlfcn.h>
#include <errno.h>
#include <fcntl.h>
#include <grp.h>
#include <langinfo.h>
#include <limits.h>
#include <linux/types.h>
#include <linux/fiemap.h>
#include <linux/fs.h>
#include <linux/magic.h>
#include <locale.h>
#include <memory.h>
#include <paths.h>
#include <poll.h>
#include <pthread.h>
#include <pwd.h>
#include <regex.h>
#include <signal.h>
#include <spawn.h>
#include <stdarg.h>
#include <stdlib.h>
#include <string.h>
#include <strings.h>
#include <sys/acl.h>


int main(void){return 0;}

Determining if files sys/types.h;ctype.h;dlfcn.h;errno.h;fcntl.h;grp.h;langinfo.h;limits.h;linux/types.h;linux/fiemap.h;linux/fs.h;linux/magic.h;locale.h;memory.h;paths.h;poll.h;pthread.h;pwd.h;regex.h;signal.h;spawn.h;stdarg.h;stdlib.h;string.h;strings.h;sys/cdefs.h;sys/extattr.h exist failed with the following output:
Change Dir: /home/ewjung/space/cmake/cmake-3.18.4/CMakeFiles/CMakeTmp

Run Build Command(s):/usr/bin/make cmTC_2e5d6/fast && make  -f CMakeFiles/cmTC_2e5d6.dir/build.make CMakeFiles/cmTC_2e5d6.dir/build
make[1]: 디렉터리 '/media/ewjung/f6813a7e-ee48-4924-8e7d-d3641b6cc72d/ew_space/cmake/cmake-3.18.4/CMakeFiles/CMakeTmp' 들어감
Building C object CMakeFiles/cmTC_2e5d6.dir/HAVE_SYS_EXTATTR_H.c.o
/usr/bin/gcc   -w  -std=gnu11 -o CMakeFiles/cmTC_2e5d6.dir/HAVE_SYS_EXTATTR_H.c.o -c /home/ewjung/space/cmake/cmake-3.18.4/CMakeFiles/CheckIncludeFiles/HAVE_SYS_EXTATTR_H.c
/home/ewjung/space/cmake/cmake-3.18.4/CMakeFiles/CheckIncludeFiles/HAVE_SYS_EXTATTR_H.c:28:25: fatal error: sys/extattr.h: 그런 파일이나 디렉터리가 없습니다
compilation terminated.
CMakeFiles/cmTC_2e5d6.dir/build.make:84: 'CMakeFiles/cmTC_2e5d6.dir/HAVE_SYS_EXTATTR_H.c.o' 타겟에 대한 명령이 실패했습니다
make[1]: *** [CMakeFiles/cmTC_2e5d6.dir/HAVE_SYS_EXTATTR_H.c.o] 오류 1
make[1]: 디렉터리 '/media/ewjung/f6813a7e-ee48-4924-8e7d-d3641b6cc72d/ew_space/cmake/cmake-3.18.4/CMakeFiles/CMakeTmp' 나감
Makefile:140: 'cmTC_2e5d6/fast' 타겟에 대한 명령이 실패했습니다
make: *** [cmTC_2e5d6/fast] 오류 2


Source:
/* */
#include <sys/types.h>
#include <ctype.h>
#include <dlfcn.h>
#include <errno.h>
#include <fcntl.h>
#include <grp.h>
#include <langinfo.h>
#include <limits.h>
#include <linux/types.h>
#include <linux/fiemap.h>
#include <linux/fs.h>
#include <linux/magic.h>
#include <locale.h>
#include <memory.h>
#include <paths.h>
#include <poll.h>
#include <pthread.h>
#include <pwd.h>
#include <regex.h>
#include <signal.h>
#include <spawn.h>
#include <stdarg.h>
#include <stdlib.h>
#include <string.h>
#include <strings.h>
#include <sys/cdefs.h>
#include <sys/extattr.h>


int main(void){return 0;}

Determining if files sys/types.h;ctype.h;dlfcn.h;errno.h;fcntl.h;grp.h;langinfo.h;limits.h;linux/types.h;linux/fiemap.h;linux/fs.h;linux/magic.h;locale.h;memory.h;paths.h;poll.h;pthread.h;pwd.h;regex.h;signal.h;spawn.h;stdarg.h;stdlib.h;string.h;strings.h;sys/cdefs.h;sys/ioctl.h;sys/mkdev.h exist failed with the following output:
Change Dir: /home/ewjung/space/cmake/cmake-3.18.4/CMakeFiles/CMakeTmp

Run Build Command(s):/usr/bin/make cmTC_0b452/fast && make  -f CMakeFiles/cmTC_0b452.dir/build.make CMakeFiles/cmTC_0b452.dir/build
make[1]: 디렉터리 '/media/ewjung/f6813a7e-ee48-4924-8e7d-d3641b6cc72d/ew_space/cmake/cmake-3.18.4/CMakeFiles/CMakeTmp' 들어감
Building C object CMakeFiles/cmTC_0b452.dir/HAVE_SYS_MKDEV_H.c.o
/usr/bin/gcc   -w  -std=gnu11 -o CMakeFiles/cmTC_0b452.dir/HAVE_SYS_MKDEV_H.c.o -c /home/ewjung/space/cmake/cmake-3.18.4/CMakeFiles/CheckIncludeFiles/HAVE_SYS_MKDEV_H.c
/home/ewjung/space/cmake/cmake-3.18.4/CMakeFiles/CheckIncludeFiles/HAVE_SYS_MKDEV_H.c:29:23: fatal error: sys/mkdev.h: 그런 파일이나 디렉터리가 없습니다
compilation terminated.
CMakeFiles/cmTC_0b452.dir/build.make:84: 'CMakeFiles/cmTC_0b452.dir/HAVE_SYS_MKDEV_H.c.o' 타겟에 대한 명령이 실패했습니다
make[1]: *** [CMakeFiles/cmTC_0b452.dir/HAVE_SYS_MKDEV_H.c.o] 오류 1
make[1]: 디렉터리 '/media/ewjung/f6813a7e-ee48-4924-8e7d-d3641b6cc72d/ew_space/cmake/cmake-3.18.4/CMakeFiles/CMakeTmp' 나감
Makefile:140: 'cmTC_0b452/fast' 타겟에 대한 명령이 실패했습니다
make: *** [cmTC_0b452/fast] 오류 2


Source:
/* */
#include <sys/types.h>
#include <ctype.h>
#include <dlfcn.h>
#include <errno.h>
#include <fcntl.h>
#include <grp.h>
#include <langinfo.h>
#include <limits.h>
#include <linux/types.h>
#include <linux/fiemap.h>
#include <linux/fs.h>
#include <linux/magic.h>
#include <locale.h>
#include <memory.h>
#include <paths.h>
#include <poll.h>
#include <pthread.h>
#include <pwd.h>
#include <regex.h>
#include <signal.h>
#include <spawn.h>
#include <stdarg.h>
#include <stdlib.h>
#include <string.h>
#include <strings.h>
#include <sys/cdefs.h>
#include <sys/ioctl.h>
#include <sys/mkdev.h>


int main(void){return 0;}

Determining if files sys/types.h;ctype.h;dlfcn.h;errno.h;fcntl.h;grp.h;langinfo.h;limits.h;linux/types.h;linux/fiemap.h;linux/fs.h;linux/magic.h;locale.h;memory.h;paths.h;poll.h;pthread.h;pwd.h;regex.h;signal.h;spawn.h;stdarg.h;stdlib.h;string.h;strings.h;sys/cdefs.h;sys/ioctl.h;sys/mount.h exist failed with the following output:
Change Dir: /home/ewjung/space/cmake/cmake-3.18.4/CMakeFiles/CMakeTmp

Run Build Command(s):/usr/bin/make cmTC_5424c/fast && make  -f CMakeFiles/cmTC_5424c.dir/build.make CMakeFiles/cmTC_5424c.dir/build
make[1]: 디렉터리 '/media/ewjung/f6813a7e-ee48-4924-8e7d-d3641b6cc72d/ew_space/cmake/cmake-3.18.4/CMakeFiles/CMakeTmp' 들어감
Building C object CMakeFiles/cmTC_5424c.dir/HAVE_SYS_MOUNT_H.c.o
/usr/bin/gcc   -w  -std=gnu11 -o CMakeFiles/cmTC_5424c.dir/HAVE_SYS_MOUNT_H.c.o -c /home/ewjung/space/cmake/cmake-3.18.4/CMakeFiles/CheckIncludeFiles/HAVE_SYS_MOUNT_H.c
In file included from /home/ewjung/space/cmake/cmake-3.18.4/CMakeFiles/CheckIncludeFiles/HAVE_SYS_MOUNT_H.c:12:0:
/usr/include/x86_64-linux-gnu/sys/mount.h:35:3: error: expected identifier before numeric constant
   MS_RDONLY = 1,  /* Mount read-only.  */
   ^
CMakeFiles/cmTC_5424c.dir/build.make:84: 'CMakeFiles/cmTC_5424c.dir/HAVE_SYS_MOUNT_H.c.o' 타겟에 대한 명령이 실패했습니다
make[1]: *** [CMakeFiles/cmTC_5424c.dir/HAVE_SYS_MOUNT_H.c.o] 오류 1
make[1]: 디렉터리 '/media/ewjung/f6813a7e-ee48-4924-8e7d-d3641b6cc72d/ew_space/cmake/cmake-3.18.4/CMakeFiles/CMakeTmp' 나감
Makefile:140: 'cmTC_5424c/fast' 타겟에 대한 명령이 실패했습니다
make: *** [cmTC_5424c/fast] 오류 2


Source:
/* */
#include <sys/types.h>
#include <ctype.h>
#include <dlfcn.h>
#include <errno.h>
#include <fcntl.h>
#include <grp.h>
#include <langinfo.h>
#include <limits.h>
#include <linux/types.h>
#include <linux/fiemap.h>
#include <linux/fs.h>
#include <linux/magic.h>
#include <locale.h>
#include <memory.h>
#include <paths.h>
#include <poll.h>
#include <pthread.h>
#include <pwd.h>
#include <regex.h>
#include <signal.h>
#include <spawn.h>
#include <stdarg.h>
#include <stdlib.h>
#include <string.h>
#include <strings.h>
#include <sys/cdefs.h>
#include <sys/ioctl.h>
#include <sys/mount.h>


int main(void){return 0;}

Determining if files sys/types.h;ctype.h;dlfcn.h;errno.h;fcntl.h;grp.h;langinfo.h;limits.h;linux/types.h;linux/fiemap.h;linux/fs.h;linux/magic.h;locale.h;memory.h;paths.h;poll.h;pthread.h;pwd.h;regex.h;signal.h;spawn.h;stdarg.h;stdlib.h;string.h;strings.h;sys/cdefs.h;sys/ioctl.h;sys/param.h;sys/poll.h;sys/richacl.h exist failed with the following output:
Change Dir: /home/ewjung/space/cmake/cmake-3.18.4/CMakeFiles/CMakeTmp

Run Build Command(s):/usr/bin/make cmTC_12b2c/fast && make  -f CMakeFiles/cmTC_12b2c.dir/build.make CMakeFiles/cmTC_12b2c.dir/build
make[1]: 디렉터리 '/media/ewjung/f6813a7e-ee48-4924-8e7d-d3641b6cc72d/ew_space/cmake/cmake-3.18.4/CMakeFiles/CMakeTmp' 들어감
Building C object CMakeFiles/cmTC_12b2c.dir/HAVE_SYS_RICHACL_H.c.o
/usr/bin/gcc   -w  -std=gnu11 -o CMakeFiles/cmTC_12b2c.dir/HAVE_SYS_RICHACL_H.c.o -c /home/ewjung/space/cmake/cmake-3.18.4/CMakeFiles/CheckIncludeFiles/HAVE_SYS_RICHACL_H.c
/home/ewjung/space/cmake/cmake-3.18.4/CMakeFiles/CheckIncludeFiles/HAVE_SYS_RICHACL_H.c:31:25: fatal error: sys/richacl.h: 그런 파일이나 디렉터리가 없습니다
compilation terminated.
CMakeFiles/cmTC_12b2c.dir/build.make:84: 'CMakeFiles/cmTC_12b2c.dir/HAVE_SYS_RICHACL_H.c.o' 타겟에 대한 명령이 실패했습니다
make[1]: *** [CMakeFiles/cmTC_12b2c.dir/HAVE_SYS_RICHACL_H.c.o] 오류 1
make[1]: 디렉터리 '/media/ewjung/f6813a7e-ee48-4924-8e7d-d3641b6cc72d/ew_space/cmake/cmake-3.18.4/CMakeFiles/CMakeTmp' 나감
Makefile:140: 'cmTC_12b2c/fast' 타겟에 대한 명령이 실패했습니다
make: *** [cmTC_12b2c/fast] 오류 2


Source:
/* */
#include <sys/types.h>
#include <ctype.h>
#include <dlfcn.h>
#include <errno.h>
#include <fcntl.h>
#include <grp.h>
#include <langinfo.h>
#include <limits.h>
#include <linux/types.h>
#include <linux/fiemap.h>
#include <linux/fs.h>
#include <linux/magic.h>
#include <locale.h>
#include <memory.h>
#include <paths.h>
#include <poll.h>
#include <pthread.h>
#include <pwd.h>
#include <regex.h>
#include <signal.h>
#include <spawn.h>
#include <stdarg.h>
#include <stdlib.h>
#include <string.h>
#include <strings.h>
#include <sys/cdefs.h>
#include <sys/ioctl.h>
#include <sys/param.h>
#include <sys/poll.h>
#include <sys/richacl.h>


int main(void){return 0;}

Determining if files sys/types.h;ctype.h;dlfcn.h;errno.h;fcntl.h;grp.h;langinfo.h;limits.h;linux/types.h;linux/fiemap.h;linux/fs.h;linux/magic.h;locale.h;memory.h;paths.h;poll.h;pthread.h;pwd.h;regex.h;signal.h;spawn.h;stdarg.h;stdlib.h;string.h;strings.h;sys/cdefs.h;sys/ioctl.h;sys/param.h;sys/poll.h;sys/select.h;sys/stat.h;sys/statfs.h;sys/statvfs.h;sys/sysmacros.h;sys/time.h;sys/utsname.h;sys/vfs.h;sys/wait.h;sys/xattr.h;time.h;unistd.h;utime.h;wchar.h;wctype.h;windows.h exist failed with the following output:
Change Dir: /home/ewjung/space/cmake/cmake-3.18.4/CMakeFiles/CMakeTmp

Run Build Command(s):/usr/bin/make cmTC_7d1d6/fast && make  -f CMakeFiles/cmTC_7d1d6.dir/build.make CMakeFiles/cmTC_7d1d6.dir/build
make[1]: 디렉터리 '/media/ewjung/f6813a7e-ee48-4924-8e7d-d3641b6cc72d/ew_space/cmake/cmake-3.18.4/CMakeFiles/CMakeTmp' 들어감
Building C object CMakeFiles/cmTC_7d1d6.dir/HAVE_WINDOWS_H.c.o
/usr/bin/gcc   -w  -std=gnu11 -o CMakeFiles/cmTC_7d1d6.dir/HAVE_WINDOWS_H.c.o -c /home/ewjung/space/cmake/cmake-3.18.4/CMakeFiles/CheckIncludeFiles/HAVE_WINDOWS_H.c
/home/ewjung/space/cmake/cmake-3.18.4/CMakeFiles/CheckIncludeFiles/HAVE_WINDOWS_H.c:46:21: fatal error: windows.h: 그런 파일이나 디렉터리가 없습니다
compilation terminated.
CMakeFiles/cmTC_7d1d6.dir/build.make:84: 'CMakeFiles/cmTC_7d1d6.dir/HAVE_WINDOWS_H.c.o' 타겟에 대한 명령이 실패했습니다
make[1]: *** [CMakeFiles/cmTC_7d1d6.dir/HAVE_WINDOWS_H.c.o] 오류 1
make[1]: 디렉터리 '/media/ewjung/f6813a7e-ee48-4924-8e7d-d3641b6cc72d/ew_space/cmake/cmake-3.18.4/CMakeFiles/CMakeTmp' 나감
Makefile:140: 'cmTC_7d1d6/fast' 타겟에 대한 명령이 실패했습니다
make: *** [cmTC_7d1d6/fast] 오류 2


Source:
/* */
#include <sys/types.h>
#include <ctype.h>
#include <dlfcn.h>
#include <errno.h>
#include <fcntl.h>
#include <grp.h>
#include <langinfo.h>
#include <limits.h>
#include <linux/types.h>
#include <linux/fiemap.h>
#include <linux/fs.h>
#include <linux/magic.h>
#include <locale.h>
#include <memory.h>
#include <paths.h>
#include <poll.h>
#include <pthread.h>
#include <pwd.h>
#include <regex.h>
#include <signal.h>
#include <spawn.h>
#include <stdarg.h>
#include <stdlib.h>
#include <string.h>
#include <strings.h>
#include <sys/cdefs.h>
#include <sys/ioctl.h>
#include <sys/param.h>
#include <sys/poll.h>
#include <sys/select.h>
#include <sys/stat.h>
#include <sys/statfs.h>
#include <sys/statvfs.h>
#include <sys/sysmacros.h>
#include <sys/time.h>
#include <sys/utsname.h>
#include <sys/vfs.h>
#include <sys/wait.h>
#include <sys/xattr.h>
#include <time.h>
#include <unistd.h>
#include <utime.h>
#include <wchar.h>
#include <wctype.h>
#include <windows.h>


int main(void){return 0;}

Determining if files sys/types.h;ctype.h;dlfcn.h;errno.h;fcntl.h;grp.h;langinfo.h;limits.h;linux/types.h;linux/fiemap.h;linux/fs.h;linux/magic.h;locale.h;memory.h;paths.h;poll.h;pthread.h;pwd.h;regex.h;signal.h;spawn.h;stdarg.h;stdlib.h;string.h;strings.h;sys/cdefs.h;sys/ioctl.h;sys/param.h;sys/poll.h;sys/select.h;sys/stat.h;sys/statfs.h;sys/statvfs.h;sys/sysmacros.h;sys/time.h;sys/utsname.h;sys/vfs.h;sys/wait.h;sys/xattr.h;time.h;unistd.h;utime.h;wchar.h;wctype.h;wincrypt.h exist failed with the following output:
Change Dir: /home/ewjung/space/cmake/cmake-3.18.4/CMakeFiles/CMakeTmp

Run Build Command(s):/usr/bin/make cmTC_79671/fast && make  -f CMakeFiles/cmTC_79671.dir/build.make CMakeFiles/cmTC_79671.dir/build
make[1]: 디렉터리 '/media/ewjung/f6813a7e-ee48-4924-8e7d-d3641b6cc72d/ew_space/cmake/cmake-3.18.4/CMakeFiles/CMakeTmp' 들어감
Building C object CMakeFiles/cmTC_79671.dir/HAVE_WINCRYPT_H.c.o
/usr/bin/gcc   -w  -std=gnu11 -o CMakeFiles/cmTC_79671.dir/HAVE_WINCRYPT_H.c.o -c /home/ewjung/space/cmake/cmake-3.18.4/CMakeFiles/CheckIncludeFiles/HAVE_WINCRYPT_H.c
/home/ewjung/space/cmake/cmake-3.18.4/CMakeFiles/CheckIncludeFiles/HAVE_WINCRYPT_H.c:46:22: fatal error: wincrypt.h: 그런 파일이나 디렉터리가 없습니다
compilation terminated.
CMakeFiles/cmTC_79671.dir/build.make:84: 'CMakeFiles/cmTC_79671.dir/HAVE_WINCRYPT_H.c.o' 타겟에 대한 명령이 실패했습니다
make[1]: *** [CMakeFiles/cmTC_79671.dir/HAVE_WINCRYPT_H.c.o] 오류 1
make[1]: 디렉터리 '/media/ewjung/f6813a7e-ee48-4924-8e7d-d3641b6cc72d/ew_space/cmake/cmake-3.18.4/CMakeFiles/CMakeTmp' 나감
Makefile:140: 'cmTC_79671/fast' 타겟에 대한 명령이 실패했습니다
make: *** [cmTC_79671/fast] 오류 2


Source:
/* */
#include <sys/types.h>
#include <ctype.h>
#include <dlfcn.h>
#include <errno.h>
#include <fcntl.h>
#include <grp.h>
#include <langinfo.h>
#include <limits.h>
#include <linux/types.h>
#include <linux/fiemap.h>
#include <linux/fs.h>
#include <linux/magic.h>
#include <locale.h>
#include <memory.h>
#include <paths.h>
#include <poll.h>
#include <pthread.h>
#include <pwd.h>
#include <regex.h>
#include <signal.h>
#include <spawn.h>
#include <stdarg.h>
#include <stdlib.h>
#include <string.h>
#include <strings.h>
#include <sys/cdefs.h>
#include <sys/ioctl.h>
#include <sys/param.h>
#include <sys/poll.h>
#include <sys/select.h>
#include <sys/stat.h>
#include <sys/statfs.h>
#include <sys/statvfs.h>
#include <sys/sysmacros.h>
#include <sys/time.h>
#include <sys/utsname.h>
#include <sys/vfs.h>
#include <sys/wait.h>
#include <sys/xattr.h>
#include <time.h>
#include <unistd.h>
#include <utime.h>
#include <wchar.h>
#include <wctype.h>
#include <wincrypt.h>


int main(void){return 0;}

Determining if files sys/types.h;ctype.h;dlfcn.h;errno.h;fcntl.h;grp.h;langinfo.h;limits.h;linux/types.h;linux/fiemap.h;linux/fs.h;linux/magic.h;locale.h;memory.h;paths.h;poll.h;pthread.h;pwd.h;regex.h;signal.h;spawn.h;stdarg.h;stdlib.h;string.h;strings.h;sys/cdefs.h;sys/ioctl.h;sys/param.h;sys/poll.h;sys/select.h;sys/stat.h;sys/statfs.h;sys/statvfs.h;sys/sysmacros.h;sys/time.h;sys/utsname.h;sys/vfs.h;sys/wait.h;sys/xattr.h;time.h;unistd.h;utime.h;wchar.h;wctype.h;winioctl.h exist failed with the following output:
Change Dir: /home/ewjung/space/cmake/cmake-3.18.4/CMakeFiles/CMakeTmp

Run Build Command(s):/usr/bin/make cmTC_17954/fast && make  -f CMakeFiles/cmTC_17954.dir/build.make CMakeFiles/cmTC_17954.dir/build
make[1]: 디렉터리 '/media/ewjung/f6813a7e-ee48-4924-8e7d-d3641b6cc72d/ew_space/cmake/cmake-3.18.4/CMakeFiles/CMakeTmp' 들어감
Building C object CMakeFiles/cmTC_17954.dir/HAVE_WINIOCTL_H.c.o
/usr/bin/gcc   -w  -std=gnu11 -o CMakeFiles/cmTC_17954.dir/HAVE_WINIOCTL_H.c.o -c /home/ewjung/space/cmake/cmake-3.18.4/CMakeFiles/CheckIncludeFiles/HAVE_WINIOCTL_H.c
/home/ewjung/space/cmake/cmake-3.18.4/CMakeFiles/CheckIncludeFiles/HAVE_WINIOCTL_H.c:46:22: fatal error: winioctl.h: 그런 파일이나 디렉터리가 없습니다
compilation terminated.
CMakeFiles/cmTC_17954.dir/build.make:84: 'CMakeFiles/cmTC_17954.dir/HAVE_WINIOCTL_H.c.o' 타겟에 대한 명령이 실패했습니다
make[1]: *** [CMakeFiles/cmTC_17954.dir/HAVE_WINIOCTL_H.c.o] 오류 1
make[1]: 디렉터리 '/media/ewjung/f6813a7e-ee48-4924-8e7d-d3641b6cc72d/ew_space/cmake/cmake-3.18.4/CMakeFiles/CMakeTmp' 나감
Makefile:140: 'cmTC_17954/fast' 타겟에 대한 명령이 실패했습니다
make: *** [cmTC_17954/fast] 오류 2


Source:
/* */
#include <sys/types.h>
#include <ctype.h>
#include <dlfcn.h>
#include <errno.h>
#include <fcntl.h>
#include <grp.h>
#include <langinfo.h>
#include <limits.h>
#include <linux/types.h>
#include <linux/fiemap.h>
#include <linux/fs.h>
#include <linux/magic.h>
#include <locale.h>
#include <memory.h>
#include <paths.h>
#include <poll.h>
#include <pthread.h>
#include <pwd.h>
#include <regex.h>
#include <signal.h>
#include <spawn.h>
#include <stdarg.h>
#include <stdlib.h>
#include <string.h>
#include <strings.h>
#include <sys/cdefs.h>
#include <sys/ioctl.h>
#include <sys/param.h>
#include <sys/poll.h>
#include <sys/select.h>
#include <sys/stat.h>
#include <sys/statfs.h>
#include <sys/statvfs.h>
#include <sys/sysmacros.h>
#include <sys/time.h>
#include <sys/utsname.h>
#include <sys/vfs.h>
#include <sys/wait.h>
#include <sys/xattr.h>
#include <time.h>
#include <unistd.h>
#include <utime.h>
#include <wchar.h>
#include <wctype.h>
#include <winioctl.h>


int main(void){return 0;}

Determining if the function getvfsbyname exists failed with the following output:
Change Dir: /home/ewjung/space/cmake/cmake-3.18.4/CMakeFiles/CMakeTmp

Run Build Command(s):/usr/bin/make cmTC_3e2bc/fast && make  -f CMakeFiles/cmTC_3e2bc.dir/build.make CMakeFiles/cmTC_3e2bc.dir/build
make[1]: 디렉터리 '/media/ewjung/f6813a7e-ee48-4924-8e7d-d3641b6cc72d/ew_space/cmake/cmake-3.18.4/CMakeFiles/CMakeTmp' 들어감
Building C object CMakeFiles/cmTC_3e2bc.dir/CheckFunctionExists.c.o
/usr/bin/gcc   -w -DCHECK_FUNCTION_EXISTS=getvfsbyname  -fno-builtin -std=gnu11 -o CMakeFiles/cmTC_3e2bc.dir/CheckFunctionExists.c.o -c /home/ewjung/space/cmake/cmake-3.18.4/Modules/CheckFunctionExists.c
Linking C executable cmTC_3e2bc
/media/ewjung/f6813a7e-ee48-4924-8e7d-d3641b6cc72d/ew_space/cmake/cmake-3.18.4/Bootstrap.cmk/cmake -E cmake_link_script CMakeFiles/cmTC_3e2bc.dir/link.txt --verbose=1
/usr/bin/gcc  -w -DCHECK_FUNCTION_EXISTS=getvfsbyname  -fno-builtin CMakeFiles/cmTC_3e2bc.dir/CheckFunctionExists.c.o -o cmTC_3e2bc 
CMakeFiles/cmTC_3e2bc.dir/CheckFunctionExists.c.o: In function `main':
CheckFunctionExists.c:(.text+0x10): undefined reference to `getvfsbyname'
collect2: error: ld returned 1 exit status
CMakeFiles/cmTC_3e2bc.dir/build.make:105: 'cmTC_3e2bc' 타겟에 대한 명령이 실패했습니다
make[1]: *** [cmTC_3e2bc] 오류 1
make[1]: 디렉터리 '/media/ewjung/f6813a7e-ee48-4924-8e7d-d3641b6cc72d/ew_space/cmake/cmake-3.18.4/CMakeFiles/CMakeTmp' 나감
Makefile:140: 'cmTC_3e2bc/fast' 타겟에 대한 명령이 실패했습니다
make: *** [cmTC_3e2bc/fast] 오류 2



Determining if the function lchflags exists failed with the following output:
Change Dir: /home/ewjung/space/cmake/cmake-3.18.4/CMakeFiles/CMakeTmp

Run Build Command(s):/usr/bin/make cmTC_86bfc/fast && make  -f CMakeFiles/cmTC_86bfc.dir/build.make CMakeFiles/cmTC_86bfc.dir/build
make[1]: 디렉터리 '/media/ewjung/f6813a7e-ee48-4924-8e7d-d3641b6cc72d/ew_space/cmake/cmake-3.18.4/CMakeFiles/CMakeTmp' 들어감
Building C object CMakeFiles/cmTC_86bfc.dir/CheckFunctionExists.c.o
/usr/bin/gcc   -w -DCHECK_FUNCTION_EXISTS=lchflags  -fno-builtin -std=gnu11 -o CMakeFiles/cmTC_86bfc.dir/CheckFunctionExists.c.o -c /home/ewjung/space/cmake/cmake-3.18.4/Modules/CheckFunctionExists.c
Linking C executable cmTC_86bfc
/media/ewjung/f6813a7e-ee48-4924-8e7d-d3641b6cc72d/ew_space/cmake/cmake-3.18.4/Bootstrap.cmk/cmake -E cmake_link_script CMakeFiles/cmTC_86bfc.dir/link.txt --verbose=1
/usr/bin/gcc  -w -DCHECK_FUNCTION_EXISTS=lchflags  -fno-builtin CMakeFiles/cmTC_86bfc.dir/CheckFunctionExists.c.o -o cmTC_86bfc 
CMakeFiles/cmTC_86bfc.dir/CheckFunctionExists.c.o: In function `main':
CheckFunctionExists.c:(.text+0x10): undefined reference to `lchflags'
collect2: error: ld returned 1 exit status
CMakeFiles/cmTC_86bfc.dir/build.make:105: 'cmTC_86bfc' 타겟에 대한 명령이 실패했습니다
make[1]: *** [cmTC_86bfc] 오류 1
make[1]: 디렉터리 '/media/ewjung/f6813a7e-ee48-4924-8e7d-d3641b6cc72d/ew_space/cmake/cmake-3.18.4/CMakeFiles/CMakeTmp' 나감
Makefile:140: 'cmTC_86bfc/fast' 타겟에 대한 명령이 실패했습니다
make: *** [cmTC_86bfc/fast] 오류 2



Determining if the function readpassphrase exists failed with the following output:
Change Dir: /home/ewjung/space/cmake/cmake-3.18.4/CMakeFiles/CMakeTmp

Run Build Command(s):/usr/bin/make cmTC_0fa54/fast && make  -f CMakeFiles/cmTC_0fa54.dir/build.make CMakeFiles/cmTC_0fa54.dir/build
make[1]: 디렉터리 '/media/ewjung/f6813a7e-ee48-4924-8e7d-d3641b6cc72d/ew_space/cmake/cmake-3.18.4/CMakeFiles/CMakeTmp' 들어감
Building C object CMakeFiles/cmTC_0fa54.dir/CheckFunctionExists.c.o
/usr/bin/gcc   -w -DCHECK_FUNCTION_EXISTS=readpassphrase  -fno-builtin -std=gnu11 -o CMakeFiles/cmTC_0fa54.dir/CheckFunctionExists.c.o -c /home/ewjung/space/cmake/cmake-3.18.4/Modules/CheckFunctionExists.c
Linking C executable cmTC_0fa54
/media/ewjung/f6813a7e-ee48-4924-8e7d-d3641b6cc72d/ew_space/cmake/cmake-3.18.4/Bootstrap.cmk/cmake -E cmake_link_script CMakeFiles/cmTC_0fa54.dir/link.txt --verbose=1
/usr/bin/gcc  -w -DCHECK_FUNCTION_EXISTS=readpassphrase  -fno-builtin CMakeFiles/cmTC_0fa54.dir/CheckFunctionExists.c.o -o cmTC_0fa54 
CMakeFiles/cmTC_0fa54.dir/CheckFunctionExists.c.o: In function `main':
CheckFunctionExists.c:(.text+0x10): undefined reference to `readpassphrase'
collect2: error: ld returned 1 exit status
CMakeFiles/cmTC_0fa54.dir/build.make:105: 'cmTC_0fa54' 타겟에 대한 명령이 실패했습니다
make[1]: *** [cmTC_0fa54] 오류 1
make[1]: 디렉터리 '/media/ewjung/f6813a7e-ee48-4924-8e7d-d3641b6cc72d/ew_space/cmake/cmake-3.18.4/CMakeFiles/CMakeTmp' 나감
Makefile:140: 'cmTC_0fa54/fast' 타겟에 대한 명령이 실패했습니다
make: *** [cmTC_0fa54/fast] 오류 2



Determining if the function strncpy_s exists failed with the following output:
Change Dir: /home/ewjung/space/cmake/cmake-3.18.4/CMakeFiles/CMakeTmp

Run Build Command(s):/usr/bin/make cmTC_f16b3/fast && make  -f CMakeFiles/cmTC_f16b3.dir/build.make CMakeFiles/cmTC_f16b3.dir/build
make[1]: 디렉터리 '/media/ewjung/f6813a7e-ee48-4924-8e7d-d3641b6cc72d/ew_space/cmake/cmake-3.18.4/CMakeFiles/CMakeTmp' 들어감
Building C object CMakeFiles/cmTC_f16b3.dir/CheckFunctionExists.c.o
/usr/bin/gcc   -w -DCHECK_FUNCTION_EXISTS=strncpy_s  -fno-builtin -std=gnu11 -o CMakeFiles/cmTC_f16b3.dir/CheckFunctionExists.c.o -c /home/ewjung/space/cmake/cmake-3.18.4/Modules/CheckFunctionExists.c
Linking C executable cmTC_f16b3
/media/ewjung/f6813a7e-ee48-4924-8e7d-d3641b6cc72d/ew_space/cmake/cmake-3.18.4/Bootstrap.cmk/cmake -E cmake_link_script CMakeFiles/cmTC_f16b3.dir/link.txt --verbose=1
/usr/bin/gcc  -w -DCHECK_FUNCTION_EXISTS=strncpy_s  -fno-builtin CMakeFiles/cmTC_f16b3.dir/CheckFunctionExists.c.o -o cmTC_f16b3 
CMakeFiles/cmTC_f16b3.dir/CheckFunctionExists.c.o: In function `main':
CheckFunctionExists.c:(.text+0x10): undefined reference to `strncpy_s'
collect2: error: ld returned 1 exit status
CMakeFiles/cmTC_f16b3.dir/build.make:105: 'cmTC_f16b3' 타겟에 대한 명령이 실패했습니다
make[1]: *** [cmTC_f16b3] 오류 1
make[1]: 디렉터리 '/media/ewjung/f6813a7e-ee48-4924-8e7d-d3641b6cc72d/ew_space/cmake/cmake-3.18.4/CMakeFiles/CMakeTmp' 나감
Makefile:140: 'cmTC_f16b3/fast' 타겟에 대한 명령이 실패했습니다
make: *** [cmTC_f16b3/fast] 오류 2



Determining if the function _ctime64_s exists failed with the following output:
Change Dir: /home/ewjung/space/cmake/cmake-3.18.4/CMakeFiles/CMakeTmp

Run Build Command(s):/usr/bin/make cmTC_85d2c/fast && make  -f CMakeFiles/cmTC_85d2c.dir/build.make CMakeFiles/cmTC_85d2c.dir/build
make[1]: 디렉터리 '/media/ewjung/f6813a7e-ee48-4924-8e7d-d3641b6cc72d/ew_space/cmake/cmake-3.18.4/CMakeFiles/CMakeTmp' 들어감
Building C object CMakeFiles/cmTC_85d2c.dir/CheckFunctionExists.c.o
/usr/bin/gcc   -w -DCHECK_FUNCTION_EXISTS=_ctime64_s  -fno-builtin -std=gnu11 -o CMakeFiles/cmTC_85d2c.dir/CheckFunctionExists.c.o -c /home/ewjung/space/cmake/cmake-3.18.4/Modules/CheckFunctionExists.c
Linking C executable cmTC_85d2c
/media/ewjung/f6813a7e-ee48-4924-8e7d-d3641b6cc72d/ew_space/cmake/cmake-3.18.4/Bootstrap.cmk/cmake -E cmake_link_script CMakeFiles/cmTC_85d2c.dir/link.txt --verbose=1
/usr/bin/gcc  -w -DCHECK_FUNCTION_EXISTS=_ctime64_s  -fno-builtin CMakeFiles/cmTC_85d2c.dir/CheckFunctionExists.c.o -o cmTC_85d2c 
CMakeFiles/cmTC_85d2c.dir/CheckFunctionExists.c.o: In function `main':
CheckFunctionExists.c:(.text+0x10): undefined reference to `_ctime64_s'
collect2: error: ld returned 1 exit status
CMakeFiles/cmTC_85d2c.dir/build.make:105: 'cmTC_85d2c' 타겟에 대한 명령이 실패했습니다
make[1]: *** [cmTC_85d2c] 오류 1
make[1]: 디렉터리 '/media/ewjung/f6813a7e-ee48-4924-8e7d-d3641b6cc72d/ew_space/cmake/cmake-3.18.4/CMakeFiles/CMakeTmp' 나감
Makefile:140: 'cmTC_85d2c/fast' 타겟에 대한 명령이 실패했습니다
make: *** [cmTC_85d2c/fast] 오류 2



Determining if the function _fseeki64 exists failed with the following output:
Change Dir: /home/ewjung/space/cmake/cmake-3.18.4/CMakeFiles/CMakeTmp

Run Build Command(s):/usr/bin/make cmTC_79083/fast && make  -f CMakeFiles/cmTC_79083.dir/build.make CMakeFiles/cmTC_79083.dir/build
make[1]: 디렉터리 '/media/ewjung/f6813a7e-ee48-4924-8e7d-d3641b6cc72d/ew_space/cmake/cmake-3.18.4/CMakeFiles/CMakeTmp' 들어감
Building C object CMakeFiles/cmTC_79083.dir/CheckFunctionExists.c.o
/usr/bin/gcc   -w -DCHECK_FUNCTION_EXISTS=_fseeki64  -fno-builtin -std=gnu11 -o CMakeFiles/cmTC_79083.dir/CheckFunctionExists.c.o -c /home/ewjung/space/cmake/cmake-3.18.4/Modules/CheckFunctionExists.c
Linking C executable cmTC_79083
/media/ewjung/f6813a7e-ee48-4924-8e7d-d3641b6cc72d/ew_space/cmake/cmake-3.18.4/Bootstrap.cmk/cmake -E cmake_link_script CMakeFiles/cmTC_79083.dir/link.txt --verbose=1
/usr/bin/gcc  -w -DCHECK_FUNCTION_EXISTS=_fseeki64  -fno-builtin CMakeFiles/cmTC_79083.dir/CheckFunctionExists.c.o -o cmTC_79083 
CMakeFiles/cmTC_79083.dir/CheckFunctionExists.c.o: In function `main':
CheckFunctionExists.c:(.text+0x10): undefined reference to `_fseeki64'
collect2: error: ld returned 1 exit status
CMakeFiles/cmTC_79083.dir/build.make:105: 'cmTC_79083' 타겟에 대한 명령이 실패했습니다
make[1]: *** [cmTC_79083] 오류 1
make[1]: 디렉터리 '/media/ewjung/f6813a7e-ee48-4924-8e7d-d3641b6cc72d/ew_space/cmake/cmake-3.18.4/CMakeFiles/CMakeTmp' 나감
Makefile:140: 'cmTC_79083/fast' 타겟에 대한 명령이 실패했습니다
make: *** [cmTC_79083/fast] 오류 2



Determining if the function _get_timezone exists failed with the following output:
Change Dir: /home/ewjung/space/cmake/cmake-3.18.4/CMakeFiles/CMakeTmp

Run Build Command(s):/usr/bin/make cmTC_2d76b/fast && make  -f CMakeFiles/cmTC_2d76b.dir/build.make CMakeFiles/cmTC_2d76b.dir/build
make[1]: 디렉터리 '/media/ewjung/f6813a7e-ee48-4924-8e7d-d3641b6cc72d/ew_space/cmake/cmake-3.18.4/CMakeFiles/CMakeTmp' 들어감
Building C object CMakeFiles/cmTC_2d76b.dir/CheckFunctionExists.c.o
/usr/bin/gcc   -w -DCHECK_FUNCTION_EXISTS=_get_timezone  -fno-builtin -std=gnu11 -o CMakeFiles/cmTC_2d76b.dir/CheckFunctionExists.c.o -c /home/ewjung/space/cmake/cmake-3.18.4/Modules/CheckFunctionExists.c
Linking C executable cmTC_2d76b
/media/ewjung/f6813a7e-ee48-4924-8e7d-d3641b6cc72d/ew_space/cmake/cmake-3.18.4/Bootstrap.cmk/cmake -E cmake_link_script CMakeFiles/cmTC_2d76b.dir/link.txt --verbose=1
/usr/bin/gcc  -w -DCHECK_FUNCTION_EXISTS=_get_timezone  -fno-builtin CMakeFiles/cmTC_2d76b.dir/CheckFunctionExists.c.o -o cmTC_2d76b 
CMakeFiles/cmTC_2d76b.dir/CheckFunctionExists.c.o: In function `main':
CheckFunctionExists.c:(.text+0x10): undefined reference to `_get_timezone'
collect2: error: ld returned 1 exit status
CMakeFiles/cmTC_2d76b.dir/build.make:105: 'cmTC_2d76b' 타겟에 대한 명령이 실패했습니다
make[1]: *** [cmTC_2d76b] 오류 1
make[1]: 디렉터리 '/media/ewjung/f6813a7e-ee48-4924-8e7d-d3641b6cc72d/ew_space/cmake/cmake-3.18.4/CMakeFiles/CMakeTmp' 나감
Makefile:140: 'cmTC_2d76b/fast' 타겟에 대한 명령이 실패했습니다
make: *** [cmTC_2d76b/fast] 오류 2



Determining if the function _gmtime64_s exists failed with the following output:
Change Dir: /home/ewjung/space/cmake/cmake-3.18.4/CMakeFiles/CMakeTmp

Run Build Command(s):/usr/bin/make cmTC_e9b31/fast && make  -f CMakeFiles/cmTC_e9b31.dir/build.make CMakeFiles/cmTC_e9b31.dir/build
make[1]: 디렉터리 '/media/ewjung/f6813a7e-ee48-4924-8e7d-d3641b6cc72d/ew_space/cmake/cmake-3.18.4/CMakeFiles/CMakeTmp' 들어감
Building C object CMakeFiles/cmTC_e9b31.dir/CheckFunctionExists.c.o
/usr/bin/gcc   -w -DCHECK_FUNCTION_EXISTS=_gmtime64_s  -fno-builtin -std=gnu11 -o CMakeFiles/cmTC_e9b31.dir/CheckFunctionExists.c.o -c /home/ewjung/space/cmake/cmake-3.18.4/Modules/CheckFunctionExists.c
Linking C executable cmTC_e9b31
/media/ewjung/f6813a7e-ee48-4924-8e7d-d3641b6cc72d/ew_space/cmake/cmake-3.18.4/Bootstrap.cmk/cmake -E cmake_link_script CMakeFiles/cmTC_e9b31.dir/link.txt --verbose=1
/usr/bin/gcc  -w -DCHECK_FUNCTION_EXISTS=_gmtime64_s  -fno-builtin CMakeFiles/cmTC_e9b31.dir/CheckFunctionExists.c.o -o cmTC_e9b31 
CMakeFiles/cmTC_e9b31.dir/CheckFunctionExists.c.o: In function `main':
CheckFunctionExists.c:(.text+0x10): undefined reference to `_gmtime64_s'
collect2: error: ld returned 1 exit status
CMakeFiles/cmTC_e9b31.dir/build.make:105: 'cmTC_e9b31' 타겟에 대한 명령이 실패했습니다
make[1]: *** [cmTC_e9b31] 오류 1
make[1]: 디렉터리 '/media/ewjung/f6813a7e-ee48-4924-8e7d-d3641b6cc72d/ew_space/cmake/cmake-3.18.4/CMakeFiles/CMakeTmp' 나감
Makefile:140: 'cmTC_e9b31/fast' 타겟에 대한 명령이 실패했습니다
make: *** [cmTC_e9b31/fast] 오류 2



Determining if the function _localtime64_s exists failed with the following output:
Change Dir: /home/ewjung/space/cmake/cmake-3.18.4/CMakeFiles/CMakeTmp

Run Build Command(s):/usr/bin/make cmTC_3cdd6/fast && make  -f CMakeFiles/cmTC_3cdd6.dir/build.make CMakeFiles/cmTC_3cdd6.dir/build
make[1]: 디렉터리 '/media/ewjung/f6813a7e-ee48-4924-8e7d-d3641b6cc72d/ew_space/cmake/cmake-3.18.4/CMakeFiles/CMakeTmp' 들어감
Building C object CMakeFiles/cmTC_3cdd6.dir/CheckFunctionExists.c.o
/usr/bin/gcc   -w -DCHECK_FUNCTION_EXISTS=_localtime64_s  -fno-builtin -std=gnu11 -o CMakeFiles/cmTC_3cdd6.dir/CheckFunctionExists.c.o -c /home/ewjung/space/cmake/cmake-3.18.4/Modules/CheckFunctionExists.c
Linking C executable cmTC_3cdd6
/media/ewjung/f6813a7e-ee48-4924-8e7d-d3641b6cc72d/ew_space/cmake/cmake-3.18.4/Bootstrap.cmk/cmake -E cmake_link_script CMakeFiles/cmTC_3cdd6.dir/link.txt --verbose=1
/usr/bin/gcc  -w -DCHECK_FUNCTION_EXISTS=_localtime64_s  -fno-builtin CMakeFiles/cmTC_3cdd6.dir/CheckFunctionExists.c.o -o cmTC_3cdd6 
CMakeFiles/cmTC_3cdd6.dir/CheckFunctionExists.c.o: In function `main':
CheckFunctionExists.c:(.text+0x10): undefined reference to `_localtime64_s'
collect2: error: ld returned 1 exit status
CMakeFiles/cmTC_3cdd6.dir/build.make:105: 'cmTC_3cdd6' 타겟에 대한 명령이 실패했습니다
make[1]: *** [cmTC_3cdd6] 오류 1
make[1]: 디렉터리 '/media/ewjung/f6813a7e-ee48-4924-8e7d-d3641b6cc72d/ew_space/cmake/cmake-3.18.4/CMakeFiles/CMakeTmp' 나감
Makefile:140: 'cmTC_3cdd6/fast' 타겟에 대한 명령이 실패했습니다
make: *** [cmTC_3cdd6/fast] 오류 2



Determining if the function _mkgmtime64 exists failed with the following output:
Change Dir: /home/ewjung/space/cmake/cmake-3.18.4/CMakeFiles/CMakeTmp

Run Build Command(s):/usr/bin/make cmTC_0fc71/fast && make  -f CMakeFiles/cmTC_0fc71.dir/build.make CMakeFiles/cmTC_0fc71.dir/build
make[1]: 디렉터리 '/media/ewjung/f6813a7e-ee48-4924-8e7d-d3641b6cc72d/ew_space/cmake/cmake-3.18.4/CMakeFiles/CMakeTmp' 들어감
Building C object CMakeFiles/cmTC_0fc71.dir/CheckFunctionExists.c.o
/usr/bin/gcc   -w -DCHECK_FUNCTION_EXISTS=_mkgmtime64  -fno-builtin -std=gnu11 -o CMakeFiles/cmTC_0fc71.dir/CheckFunctionExists.c.o -c /home/ewjung/space/cmake/cmake-3.18.4/Modules/CheckFunctionExists.c
Linking C executable cmTC_0fc71
/media/ewjung/f6813a7e-ee48-4924-8e7d-d3641b6cc72d/ew_space/cmake/cmake-3.18.4/Bootstrap.cmk/cmake -E cmake_link_script CMakeFiles/cmTC_0fc71.dir/link.txt --verbose=1
/usr/bin/gcc  -w -DCHECK_FUNCTION_EXISTS=_mkgmtime64  -fno-builtin CMakeFiles/cmTC_0fc71.dir/CheckFunctionExists.c.o -o cmTC_0fc71 
CMakeFiles/cmTC_0fc71.dir/CheckFunctionExists.c.o: In function `main':
CheckFunctionExists.c:(.text+0x10): undefined reference to `_mkgmtime64'
collect2: error: ld returned 1 exit status
CMakeFiles/cmTC_0fc71.dir/build.make:105: 'cmTC_0fc71' 타겟에 대한 명령이 실패했습니다
make[1]: *** [cmTC_0fc71] 오류 1
make[1]: 디렉터리 '/media/ewjung/f6813a7e-ee48-4924-8e7d-d3641b6cc72d/ew_space/cmake/cmake-3.18.4/CMakeFiles/CMakeTmp' 나감
Makefile:140: 'cmTC_0fc71/fast' 타겟에 대한 명령이 실패했습니다
make: *** [cmTC_0fc71/fast] 오류 2



Determining if the function cygwin_conv_path exists failed with the following output:
Change Dir: /home/ewjung/space/cmake/cmake-3.18.4/CMakeFiles/CMakeTmp

Run Build Command(s):/usr/bin/make cmTC_cf844/fast && make  -f CMakeFiles/cmTC_cf844.dir/build.make CMakeFiles/cmTC_cf844.dir/build
make[1]: 디렉터리 '/media/ewjung/f6813a7e-ee48-4924-8e7d-d3641b6cc72d/ew_space/cmake/cmake-3.18.4/CMakeFiles/CMakeTmp' 들어감
Building C object CMakeFiles/cmTC_cf844.dir/CheckFunctionExists.c.o
/usr/bin/gcc   -w -DCHECK_FUNCTION_EXISTS=cygwin_conv_path  -fno-builtin -std=gnu11 -o CMakeFiles/cmTC_cf844.dir/CheckFunctionExists.c.o -c /home/ewjung/space/cmake/cmake-3.18.4/Modules/CheckFunctionExists.c
Linking C executable cmTC_cf844
/media/ewjung/f6813a7e-ee48-4924-8e7d-d3641b6cc72d/ew_space/cmake/cmake-3.18.4/Bootstrap.cmk/cmake -E cmake_link_script CMakeFiles/cmTC_cf844.dir/link.txt --verbose=1
/usr/bin/gcc  -w -DCHECK_FUNCTION_EXISTS=cygwin_conv_path  -fno-builtin CMakeFiles/cmTC_cf844.dir/CheckFunctionExists.c.o -o cmTC_cf844 
CMakeFiles/cmTC_cf844.dir/CheckFunctionExists.c.o: In function `main':
CheckFunctionExists.c:(.text+0x10): undefined reference to `cygwin_conv_path'
collect2: error: ld returned 1 exit status
CMakeFiles/cmTC_cf844.dir/build.make:105: 'cmTC_cf844' 타겟에 대한 명령이 실패했습니다
make[1]: *** [cmTC_cf844] 오류 1
make[1]: 디렉터리 '/media/ewjung/f6813a7e-ee48-4924-8e7d-d3641b6cc72d/ew_space/cmake/cmake-3.18.4/CMakeFiles/CMakeTmp' 나감
Makefile:140: 'cmTC_cf844/fast' 타겟에 대한 명령이 실패했습니다
make: *** [cmTC_cf844/fast] 오류 2



Performing C SOURCE FILE Test HAVE_STRUCT_VFSCONF failed with the following output:
Change Dir: /home/ewjung/space/cmake/cmake-3.18.4/CMakeFiles/CMakeTmp

Run Build Command(s):/usr/bin/make cmTC_9956f/fast && make  -f CMakeFiles/cmTC_9956f.dir/build.make CMakeFiles/cmTC_9956f.dir/build
make[1]: 디렉터리 '/media/ewjung/f6813a7e-ee48-4924-8e7d-d3641b6cc72d/ew_space/cmake/cmake-3.18.4/CMakeFiles/CMakeTmp' 들어감
Building C object CMakeFiles/cmTC_9956f.dir/src.c.o
/usr/bin/gcc   -w -DHAVE_STRUCT_VFSCONF -std=gnu11 -o CMakeFiles/cmTC_9956f.dir/src.c.o -c /home/ewjung/space/cmake/cmake-3.18.4/CMakeFiles/CMakeTmp/src.c
/home/ewjung/space/cmake/cmake-3.18.4/CMakeFiles/CMakeTmp/src.c: In function ‘main’:
/home/ewjung/space/cmake/cmake-3.18.4/CMakeFiles/CMakeTmp/src.c:3:33: error: storage size of ‘v’ isn’t known
 int main(void) { struct vfsconf v; return sizeof(v);}
                                 ^
CMakeFiles/cmTC_9956f.dir/build.make:84: 'CMakeFiles/cmTC_9956f.dir/src.c.o' 타겟에 대한 명령이 실패했습니다
make[1]: *** [CMakeFiles/cmTC_9956f.dir/src.c.o] 오류 1
make[1]: 디렉터리 '/media/ewjung/f6813a7e-ee48-4924-8e7d-d3641b6cc72d/ew_space/cmake/cmake-3.18.4/CMakeFiles/CMakeTmp' 나감
Makefile:140: 'cmTC_9956f/fast' 타겟에 대한 명령이 실패했습니다
make: *** [cmTC_9956f/fast] 오류 2


Source file was:
#include <sys/types.h>
#include <sys/mount.h>
int main(void) { struct vfsconf v; return sizeof(v);}
Performing C SOURCE FILE Test HAVE_STRUCT_XVFSCONF failed with the following output:
Change Dir: /home/ewjung/space/cmake/cmake-3.18.4/CMakeFiles/CMakeTmp

Run Build Command(s):/usr/bin/make cmTC_a494a/fast && make  -f CMakeFiles/cmTC_a494a.dir/build.make CMakeFiles/cmTC_a494a.dir/build
make[1]: 디렉터리 '/media/ewjung/f6813a7e-ee48-4924-8e7d-d3641b6cc72d/ew_space/cmake/cmake-3.18.4/CMakeFiles/CMakeTmp' 들어감
Building C object CMakeFiles/cmTC_a494a.dir/src.c.o
/usr/bin/gcc   -w -DHAVE_STRUCT_XVFSCONF -std=gnu11 -o CMakeFiles/cmTC_a494a.dir/src.c.o -c /home/ewjung/space/cmake/cmake-3.18.4/CMakeFiles/CMakeTmp/src.c
/home/ewjung/space/cmake/cmake-3.18.4/CMakeFiles/CMakeTmp/src.c: In function ‘main’:
/home/ewjung/space/cmake/cmake-3.18.4/CMakeFiles/CMakeTmp/src.c:3:34: error: storage size of ‘v’ isn’t known
 int main(void) { struct xvfsconf v; return sizeof(v);}
                                  ^
CMakeFiles/cmTC_a494a.dir/build.make:84: 'CMakeFiles/cmTC_a494a.dir/src.c.o' 타겟에 대한 명령이 실패했습니다
make[1]: *** [CMakeFiles/cmTC_a494a.dir/src.c.o] 오류 1
make[1]: 디렉터리 '/media/ewjung/f6813a7e-ee48-4924-8e7d-d3641b6cc72d/ew_space/cmake/cmake-3.18.4/CMakeFiles/CMakeTmp' 나감
Makefile:140: 'cmTC_a494a/fast' 타겟에 대한 명령이 실패했습니다
make: *** [cmTC_a494a/fast] 오류 2


Source file was:
#include <sys/types.h>
#include <sys/mount.h>
int main(void) { struct xvfsconf v; return sizeof(v);}
Performing C SOURCE FILE Test MAJOR_IN_MKDEV failed with the following output:
Change Dir: /home/ewjung/space/cmake/cmake-3.18.4/CMakeFiles/CMakeTmp

Run Build Command(s):/usr/bin/make cmTC_801f9/fast && make  -f CMakeFiles/cmTC_801f9.dir/build.make CMakeFiles/cmTC_801f9.dir/build
make[1]: 디렉터리 '/media/ewjung/f6813a7e-ee48-4924-8e7d-d3641b6cc72d/ew_space/cmake/cmake-3.18.4/CMakeFiles/CMakeTmp' 들어감
Building C object CMakeFiles/cmTC_801f9.dir/src.c.o
/usr/bin/gcc   -w -DMAJOR_IN_MKDEV -std=gnu11 -o CMakeFiles/cmTC_801f9.dir/src.c.o -c /home/ewjung/space/cmake/cmake-3.18.4/CMakeFiles/CMakeTmp/src.c
/home/ewjung/space/cmake/cmake-3.18.4/CMakeFiles/CMakeTmp/src.c:1:23: fatal error: sys/mkdev.h: 그런 파일이나 디렉터리가 없습니다
compilation terminated.
CMakeFiles/cmTC_801f9.dir/build.make:84: 'CMakeFiles/cmTC_801f9.dir/src.c.o' 타겟에 대한 명령이 실패했습니다
make[1]: *** [CMakeFiles/cmTC_801f9.dir/src.c.o] 오류 1
make[1]: 디렉터리 '/media/ewjung/f6813a7e-ee48-4924-8e7d-d3641b6cc72d/ew_space/cmake/cmake-3.18.4/CMakeFiles/CMakeTmp' 나감
Makefile:140: 'cmTC_801f9/fast' 타겟에 대한 명령이 실패했습니다
make: *** [cmTC_801f9/fast] 오류 2


Source file was:
#include <sys/mkdev.h>
int main() { return major(256); }
Performing C SOURCE FILE Test HAVE_LZMA_STREAM_ENCODER_MT failed with the following output:
Change Dir: /home/ewjung/space/cmake/cmake-3.18.4/CMakeFiles/CMakeTmp

Run Build Command(s):/usr/bin/make cmTC_b2227/fast && make  -f CMakeFiles/cmTC_b2227.dir/build.make CMakeFiles/cmTC_b2227.dir/build
make[1]: 디렉터리 '/media/ewjung/f6813a7e-ee48-4924-8e7d-d3641b6cc72d/ew_space/cmake/cmake-3.18.4/CMakeFiles/CMakeTmp' 들어감
Building C object CMakeFiles/cmTC_b2227.dir/src.c.o
/usr/bin/gcc   -w -DHAVE_LZMA_STREAM_ENCODER_MT -std=gnu11 -o CMakeFiles/cmTC_b2227.dir/src.c.o -c /home/ewjung/space/cmake/cmake-3.18.4/CMakeFiles/CMakeTmp/src.c
/home/ewjung/space/cmake/cmake-3.18.4/CMakeFiles/CMakeTmp/src.c:1:18: fatal error: lzma.h: 그런 파일이나 디렉터리가 없습니다
compilation terminated.
CMakeFiles/cmTC_b2227.dir/build.make:84: 'CMakeFiles/cmTC_b2227.dir/src.c.o' 타겟에 대한 명령이 실패했습니다
make[1]: *** [CMakeFiles/cmTC_b2227.dir/src.c.o] 오류 1
make[1]: 디렉터리 '/media/ewjung/f6813a7e-ee48-4924-8e7d-d3641b6cc72d/ew_space/cmake/cmake-3.18.4/CMakeFiles/CMakeTmp' 나감
Makefile:140: 'cmTC_b2227/fast' 타겟에 대한 명령이 실패했습니다
make: *** [cmTC_b2227/fast] 오류 2


Source file was:
#include <lzma.h>
#if LZMA_VERSION < 50020000
#error unsupported
#endif
int main(void){lzma_stream_encoder_mt(0, 0); return 0;}
Determining if the EFTYPE exist failed with the following output:
Change Dir: /home/ewjung/space/cmake/cmake-3.18.4/CMakeFiles/CMakeTmp

Run Build Command(s):/usr/bin/make cmTC_661c4/fast && make  -f CMakeFiles/cmTC_661c4.dir/build.make CMakeFiles/cmTC_661c4.dir/build
make[1]: 디렉터리 '/media/ewjung/f6813a7e-ee48-4924-8e7d-d3641b6cc72d/ew_space/cmake/cmake-3.18.4/CMakeFiles/CMakeTmp' 들어감
Building C object CMakeFiles/cmTC_661c4.dir/CheckSymbolExists.c.o
/usr/bin/gcc   -w  -std=gnu11 -o CMakeFiles/cmTC_661c4.dir/CheckSymbolExists.c.o -c /home/ewjung/space/cmake/cmake-3.18.4/CMakeFiles/CMakeTmp/CheckSymbolExists.c
/home/ewjung/space/cmake/cmake-3.18.4/CMakeFiles/CMakeTmp/CheckSymbolExists.c: In function ‘main’:
/home/ewjung/space/cmake/cmake-3.18.4/CMakeFiles/CMakeTmp/CheckSymbolExists.c:8:19: error: ‘EFTYPE’ undeclared (first use in this function)
   return ((int*)(&EFTYPE))[argc];
                   ^
/home/ewjung/space/cmake/cmake-3.18.4/CMakeFiles/CMakeTmp/CheckSymbolExists.c:8:19: note: each undeclared identifier is reported only once for each function it appears in
CMakeFiles/cmTC_661c4.dir/build.make:84: 'CMakeFiles/cmTC_661c4.dir/CheckSymbolExists.c.o' 타겟에 대한 명령이 실패했습니다
make[1]: *** [CMakeFiles/cmTC_661c4.dir/CheckSymbolExists.c.o] 오류 1
make[1]: 디렉터리 '/media/ewjung/f6813a7e-ee48-4924-8e7d-d3641b6cc72d/ew_space/cmake/cmake-3.18.4/CMakeFiles/CMakeTmp' 나감
Makefile:140: 'cmTC_661c4/fast' 타겟에 대한 명령이 실패했습니다
make: *** [cmTC_661c4/fast] 오류 2


File /home/ewjung/space/cmake/cmake-3.18.4/CMakeFiles/CMakeTmp/CheckSymbolExists.c:
/* */
#include <errno.h>

int main(int argc, char** argv)
{
  (void)argv;
#ifndef EFTYPE
  return ((int*)(&EFTYPE))[argc];
#else
  (void)argc;
  return 0;
#endif
}
Determining if the D_MD_ORDER exist failed with the following output:
Change Dir: /home/ewjung/space/cmake/cmake-3.18.4/CMakeFiles/CMakeTmp

Run Build Command(s):/usr/bin/make cmTC_b3c84/fast && make  -f CMakeFiles/cmTC_b3c84.dir/build.make CMakeFiles/cmTC_b3c84.dir/build
make[1]: 디렉터리 '/media/ewjung/f6813a7e-ee48-4924-8e7d-d3641b6cc72d/ew_space/cmake/cmake-3.18.4/CMakeFiles/CMakeTmp' 들어감
Building C object CMakeFiles/cmTC_b3c84.dir/CheckSymbolExists.c.o
/usr/bin/gcc   -w  -std=gnu11 -o CMakeFiles/cmTC_b3c84.dir/CheckSymbolExists.c.o -c /home/ewjung/space/cmake/cmake-3.18.4/CMakeFiles/CMakeTmp/CheckSymbolExists.c
/home/ewjung/space/cmake/cmake-3.18.4/CMakeFiles/CMakeTmp/CheckSymbolExists.c: In function ‘main’:
/home/ewjung/space/cmake/cmake-3.18.4/CMakeFiles/CMakeTmp/CheckSymbolExists.c:8:19: error: ‘D_MD_ORDER’ undeclared (first use in this function)
   return ((int*)(&D_MD_ORDER))[argc];
                   ^
/home/ewjung/space/cmake/cmake-3.18.4/CMakeFiles/CMakeTmp/CheckSymbolExists.c:8:19: note: each undeclared identifier is reported only once for each function it appears in
CMakeFiles/cmTC_b3c84.dir/build.make:84: 'CMakeFiles/cmTC_b3c84.dir/CheckSymbolExists.c.o' 타겟에 대한 명령이 실패했습니다
make[1]: *** [CMakeFiles/cmTC_b3c84.dir/CheckSymbolExists.c.o] 오류 1
make[1]: 디렉터리 '/media/ewjung/f6813a7e-ee48-4924-8e7d-d3641b6cc72d/ew_space/cmake/cmake-3.18.4/CMakeFiles/CMakeTmp' 나감
Makefile:140: 'cmTC_b3c84/fast' 타겟에 대한 명령이 실패했습니다
make: *** [cmTC_b3c84/fast] 오류 2


File /home/ewjung/space/cmake/cmake-3.18.4/CMakeFiles/CMakeTmp/CheckSymbolExists.c:
/* */
#include <langinfo.h>

int main(int argc, char** argv)
{
  (void)argv;
#ifndef D_MD_ORDER
  return ((int*)(&D_MD_ORDER))[argc];
#else
  (void)argc;
  return 0;
#endif
}
Performing C SOURCE FILE Test HAVE_STRUCT_TM___TM_GMTOFF failed with the following output:
Change Dir: /home/ewjung/space/cmake/cmake-3.18.4/CMakeFiles/CMakeTmp

Run Build Command(s):/usr/bin/make cmTC_b9e53/fast && make  -f CMakeFiles/cmTC_b9e53.dir/build.make CMakeFiles/cmTC_b9e53.dir/build
make[1]: 디렉터리 '/media/ewjung/f6813a7e-ee48-4924-8e7d-d3641b6cc72d/ew_space/cmake/cmake-3.18.4/CMakeFiles/CMakeTmp' 들어감
Building C object CMakeFiles/cmTC_b9e53.dir/src.c.o
/usr/bin/gcc   -w -DHAVE_STRUCT_TM___TM_GMTOFF -std=gnu11 -o CMakeFiles/cmTC_b9e53.dir/src.c.o -c /home/ewjung/space/cmake/cmake-3.18.4/CMakeFiles/CMakeTmp/src.c
/home/ewjung/space/cmake/cmake-3.18.4/CMakeFiles/CMakeTmp/src.c: In function ‘main’:
/home/ewjung/space/cmake/cmake-3.18.4/CMakeFiles/CMakeTmp/src.c:6:32: error: ‘struct tm’ has no member named ‘__tm_gmtoff’
   (void)sizeof(((struct tm *)0)->__tm_gmtoff);
                                ^
CMakeFiles/cmTC_b9e53.dir/build.make:84: 'CMakeFiles/cmTC_b9e53.dir/src.c.o' 타겟에 대한 명령이 실패했습니다
make[1]: *** [CMakeFiles/cmTC_b9e53.dir/src.c.o] 오류 1
make[1]: 디렉터리 '/media/ewjung/f6813a7e-ee48-4924-8e7d-d3641b6cc72d/ew_space/cmake/cmake-3.18.4/CMakeFiles/CMakeTmp' 나감
Makefile:140: 'cmTC_b9e53/fast' 타겟에 대한 명령이 실패했습니다
make: *** [cmTC_b9e53/fast] 오류 2


Source file was:

#include <time.h>

int main()
{
  (void)sizeof(((struct tm *)0)->__tm_gmtoff);
  return 0;
}

Performing C SOURCE FILE Test HAVE_STRUCT_STATFS_F_NAMEMAX failed with the following output:
Change Dir: /home/ewjung/space/cmake/cmake-3.18.4/CMakeFiles/CMakeTmp

Run Build Command(s):/usr/bin/make cmTC_f9f85/fast && make  -f CMakeFiles/cmTC_f9f85.dir/build.make CMakeFiles/cmTC_f9f85.dir/build
make[1]: 디렉터리 '/media/ewjung/f6813a7e-ee48-4924-8e7d-d3641b6cc72d/ew_space/cmake/cmake-3.18.4/CMakeFiles/CMakeTmp' 들어감
Building C object CMakeFiles/cmTC_f9f85.dir/src.c.o
/usr/bin/gcc   -w -DHAVE_STRUCT_STATFS_F_NAMEMAX -std=gnu11 -o CMakeFiles/cmTC_f9f85.dir/src.c.o -c /home/ewjung/space/cmake/cmake-3.18.4/CMakeFiles/CMakeTmp/src.c
/home/ewjung/space/cmake/cmake-3.18.4/CMakeFiles/CMakeTmp/src.c: In function ‘main’:
/home/ewjung/space/cmake/cmake-3.18.4/CMakeFiles/CMakeTmp/src.c:7:36: error: dereferencing pointer to incomplete type ‘struct statfs’
   (void)sizeof(((struct statfs *)0)->f_namemax);
                                    ^
CMakeFiles/cmTC_f9f85.dir/build.make:84: 'CMakeFiles/cmTC_f9f85.dir/src.c.o' 타겟에 대한 명령이 실패했습니다
make[1]: *** [CMakeFiles/cmTC_f9f85.dir/src.c.o] 오류 1
make[1]: 디렉터리 '/media/ewjung/f6813a7e-ee48-4924-8e7d-d3641b6cc72d/ew_space/cmake/cmake-3.18.4/CMakeFiles/CMakeTmp' 나감
Makefile:140: 'cmTC_f9f85/fast' 타겟에 대한 명령이 실패했습니다
make: *** [cmTC_f9f85/fast] 오류 2


Source file was:

#include <sys/param.h>
#include <sys/mount.h>

int main()
{
  (void)sizeof(((struct statfs *)0)->f_namemax);
  return 0;
}

Performing C SOURCE FILE Test HAVE_STRUCT_STAT_ST_BIRTHTIME failed with the following output:
Change Dir: /home/ewjung/space/cmake/cmake-3.18.4/CMakeFiles/CMakeTmp

Run Build Command(s):/usr/bin/make cmTC_c21d6/fast && make  -f CMakeFiles/cmTC_c21d6.dir/build.make CMakeFiles/cmTC_c21d6.dir/build
make[1]: 디렉터리 '/media/ewjung/f6813a7e-ee48-4924-8e7d-d3641b6cc72d/ew_space/cmake/cmake-3.18.4/CMakeFiles/CMakeTmp' 들어감
Building C object CMakeFiles/cmTC_c21d6.dir/src.c.o
/usr/bin/gcc   -w -DHAVE_STRUCT_STAT_ST_BIRTHTIME -std=gnu11 -o CMakeFiles/cmTC_c21d6.dir/src.c.o -c /home/ewjung/space/cmake/cmake-3.18.4/CMakeFiles/CMakeTmp/src.c
/home/ewjung/space/cmake/cmake-3.18.4/CMakeFiles/CMakeTmp/src.c: In function ‘main’:
/home/ewjung/space/cmake/cmake-3.18.4/CMakeFiles/CMakeTmp/src.c:7:34: error: ‘struct stat’ has no member named ‘st_birthtime’
   (void)sizeof(((struct stat *)0)->st_birthtime);
                                  ^
CMakeFiles/cmTC_c21d6.dir/build.make:84: 'CMakeFiles/cmTC_c21d6.dir/src.c.o' 타겟에 대한 명령이 실패했습니다
make[1]: *** [CMakeFiles/cmTC_c21d6.dir/src.c.o] 오류 1
make[1]: 디렉터리 '/media/ewjung/f6813a7e-ee48-4924-8e7d-d3641b6cc72d/ew_space/cmake/cmake-3.18.4/CMakeFiles/CMakeTmp' 나감
Makefile:140: 'cmTC_c21d6/fast' 타겟에 대한 명령이 실패했습니다
make: *** [cmTC_c21d6/fast] 오류 2


Source file was:

#include <sys/types.h>
#include <sys/stat.h>

int main()
{
  (void)sizeof(((struct stat *)0)->st_birthtime);
  return 0;
}

Performing C SOURCE FILE Test HAVE_STRUCT_STAT_ST_BIRTHTIMESPEC_TV_NSEC failed with the following output:
Change Dir: /home/ewjung/space/cmake/cmake-3.18.4/CMakeFiles/CMakeTmp

Run Build Command(s):/usr/bin/make cmTC_d5a56/fast && make  -f CMakeFiles/cmTC_d5a56.dir/build.make CMakeFiles/cmTC_d5a56.dir/build
make[1]: 디렉터리 '/media/ewjung/f6813a7e-ee48-4924-8e7d-d3641b6cc72d/ew_space/cmake/cmake-3.18.4/CMakeFiles/CMakeTmp' 들어감
Building C object CMakeFiles/cmTC_d5a56.dir/src.c.o
/usr/bin/gcc   -w -DHAVE_STRUCT_STAT_ST_BIRTHTIMESPEC_TV_NSEC -std=gnu11 -o CMakeFiles/cmTC_d5a56.dir/src.c.o -c /home/ewjung/space/cmake/cmake-3.18.4/CMakeFiles/CMakeTmp/src.c
/home/ewjung/space/cmake/cmake-3.18.4/CMakeFiles/CMakeTmp/src.c: In function ‘main’:
/home/ewjung/space/cmake/cmake-3.18.4/CMakeFiles/CMakeTmp/src.c:7:34: error: ‘struct stat’ has no member named ‘st_birthtimespec’
   (void)sizeof(((struct stat *)0)->st_birthtimespec.tv_nsec);
                                  ^
CMakeFiles/cmTC_d5a56.dir/build.make:84: 'CMakeFiles/cmTC_d5a56.dir/src.c.o' 타겟에 대한 명령이 실패했습니다
make[1]: *** [CMakeFiles/cmTC_d5a56.dir/src.c.o] 오류 1
make[1]: 디렉터리 '/media/ewjung/f6813a7e-ee48-4924-8e7d-d3641b6cc72d/ew_space/cmake/cmake-3.18.4/CMakeFiles/CMakeTmp' 나감
Makefile:140: 'cmTC_d5a56/fast' 타겟에 대한 명령이 실패했습니다
make: *** [cmTC_d5a56/fast] 오류 2


Source file was:

#include <sys/types.h>
#include <sys/stat.h>

int main()
{
  (void)sizeof(((struct stat *)0)->st_birthtimespec.tv_nsec);
  return 0;
}

Performing C SOURCE FILE Test HAVE_STRUCT_STAT_ST_MTIMESPEC_TV_NSEC failed with the following output:
Change Dir: /home/ewjung/space/cmake/cmake-3.18.4/CMakeFiles/CMakeTmp

Run Build Command(s):/usr/bin/make cmTC_e6a84/fast && make  -f CMakeFiles/cmTC_e6a84.dir/build.make CMakeFiles/cmTC_e6a84.dir/build
make[1]: 디렉터리 '/media/ewjung/f6813a7e-ee48-4924-8e7d-d3641b6cc72d/ew_space/cmake/cmake-3.18.4/CMakeFiles/CMakeTmp' 들어감
Building C object CMakeFiles/cmTC_e6a84.dir/src.c.o
/usr/bin/gcc   -w -DHAVE_STRUCT_STAT_ST_MTIMESPEC_TV_NSEC -std=gnu11 -o CMakeFiles/cmTC_e6a84.dir/src.c.o -c /home/ewjung/space/cmake/cmake-3.18.4/CMakeFiles/CMakeTmp/src.c
/home/ewjung/space/cmake/cmake-3.18.4/CMakeFiles/CMakeTmp/src.c: In function ‘main’:
/home/ewjung/space/cmake/cmake-3.18.4/CMakeFiles/CMakeTmp/src.c:7:34: error: ‘struct stat’ has no member named ‘st_mtimespec’
   (void)sizeof(((struct stat *)0)->st_mtimespec.tv_nsec);
                                  ^
CMakeFiles/cmTC_e6a84.dir/build.make:84: 'CMakeFiles/cmTC_e6a84.dir/src.c.o' 타겟에 대한 명령이 실패했습니다
make[1]: *** [CMakeFiles/cmTC_e6a84.dir/src.c.o] 오류 1
make[1]: 디렉터리 '/media/ewjung/f6813a7e-ee48-4924-8e7d-d3641b6cc72d/ew_space/cmake/cmake-3.18.4/CMakeFiles/CMakeTmp' 나감
Makefile:140: 'cmTC_e6a84/fast' 타겟에 대한 명령이 실패했습니다
make: *** [cmTC_e6a84/fast] 오류 2


Source file was:

#include <sys/types.h>
#include <sys/stat.h>

int main()
{
  (void)sizeof(((struct stat *)0)->st_mtimespec.tv_nsec);
  return 0;
}

Performing C SOURCE FILE Test HAVE_STRUCT_STAT_ST_MTIME_N failed with the following output:
Change Dir: /home/ewjung/space/cmake/cmake-3.18.4/CMakeFiles/CMakeTmp

Run Build Command(s):/usr/bin/make cmTC_93e02/fast && make  -f CMakeFiles/cmTC_93e02.dir/build.make CMakeFiles/cmTC_93e02.dir/build
make[1]: 디렉터리 '/media/ewjung/f6813a7e-ee48-4924-8e7d-d3641b6cc72d/ew_space/cmake/cmake-3.18.4/CMakeFiles/CMakeTmp' 들어감
Building C object CMakeFiles/cmTC_93e02.dir/src.c.o
/usr/bin/gcc   -w -DHAVE_STRUCT_STAT_ST_MTIME_N -std=gnu11 -o CMakeFiles/cmTC_93e02.dir/src.c.o -c /home/ewjung/space/cmake/cmake-3.18.4/CMakeFiles/CMakeTmp/src.c
/home/ewjung/space/cmake/cmake-3.18.4/CMakeFiles/CMakeTmp/src.c: In function ‘main’:
/home/ewjung/space/cmake/cmake-3.18.4/CMakeFiles/CMakeTmp/src.c:7:34: error: ‘struct stat’ has no member named ‘st_mtime_n’
   (void)sizeof(((struct stat *)0)->st_mtime_n);
                                  ^
CMakeFiles/cmTC_93e02.dir/build.make:84: 'CMakeFiles/cmTC_93e02.dir/src.c.o' 타겟에 대한 명령이 실패했습니다
make[1]: *** [CMakeFiles/cmTC_93e02.dir/src.c.o] 오류 1
make[1]: 디렉터리 '/media/ewjung/f6813a7e-ee48-4924-8e7d-d3641b6cc72d/ew_space/cmake/cmake-3.18.4/CMakeFiles/CMakeTmp' 나감
Makefile:140: 'cmTC_93e02/fast' 타겟에 대한 명령이 실패했습니다
make: *** [cmTC_93e02/fast] 오류 2


Source file was:

#include <sys/types.h>
#include <sys/stat.h>

int main()
{
  (void)sizeof(((struct stat *)0)->st_mtime_n);
  return 0;
}

Performing C SOURCE FILE Test HAVE_STRUCT_STAT_ST_UMTIME failed with the following output:
Change Dir: /home/ewjung/space/cmake/cmake-3.18.4/CMakeFiles/CMakeTmp

Run Build Command(s):/usr/bin/make cmTC_59169/fast && make  -f CMakeFiles/cmTC_59169.dir/build.make CMakeFiles/cmTC_59169.dir/build
make[1]: 디렉터리 '/media/ewjung/f6813a7e-ee48-4924-8e7d-d3641b6cc72d/ew_space/cmake/cmake-3.18.4/CMakeFiles/CMakeTmp' 들어감
Building C object CMakeFiles/cmTC_59169.dir/src.c.o
/usr/bin/gcc   -w -DHAVE_STRUCT_STAT_ST_UMTIME -std=gnu11 -o CMakeFiles/cmTC_59169.dir/src.c.o -c /home/ewjung/space/cmake/cmake-3.18.4/CMakeFiles/CMakeTmp/src.c
/home/ewjung/space/cmake/cmake-3.18.4/CMakeFiles/CMakeTmp/src.c: In function ‘main’:
/home/ewjung/space/cmake/cmake-3.18.4/CMakeFiles/CMakeTmp/src.c:7:34: error: ‘struct stat’ has no member named ‘st_umtime’
   (void)sizeof(((struct stat *)0)->st_umtime);
                                  ^
CMakeFiles/cmTC_59169.dir/build.make:84: 'CMakeFiles/cmTC_59169.dir/src.c.o' 타겟에 대한 명령이 실패했습니다
make[1]: *** [CMakeFiles/cmTC_59169.dir/src.c.o] 오류 1
make[1]: 디렉터리 '/media/ewjung/f6813a7e-ee48-4924-8e7d-d3641b6cc72d/ew_space/cmake/cmake-3.18.4/CMakeFiles/CMakeTmp' 나감
Makefile:140: 'cmTC_59169/fast' 타겟에 대한 명령이 실패했습니다
make: *** [cmTC_59169/fast] 오류 2


Source file was:

#include <sys/types.h>
#include <sys/stat.h>

int main()
{
  (void)sizeof(((struct stat *)0)->st_umtime);
  return 0;
}

Performing C SOURCE FILE Test HAVE_STRUCT_STAT_ST_MTIME_USEC failed with the following output:
Change Dir: /home/ewjung/space/cmake/cmake-3.18.4/CMakeFiles/CMakeTmp

Run Build Command(s):/usr/bin/make cmTC_19576/fast && make  -f CMakeFiles/cmTC_19576.dir/build.make CMakeFiles/cmTC_19576.dir/build
make[1]: 디렉터리 '/media/ewjung/f6813a7e-ee48-4924-8e7d-d3641b6cc72d/ew_space/cmake/cmake-3.18.4/CMakeFiles/CMakeTmp' 들어감
Building C object CMakeFiles/cmTC_19576.dir/src.c.o
/usr/bin/gcc   -w -DHAVE_STRUCT_STAT_ST_MTIME_USEC -std=gnu11 -o CMakeFiles/cmTC_19576.dir/src.c.o -c /home/ewjung/space/cmake/cmake-3.18.4/CMakeFiles/CMakeTmp/src.c
/home/ewjung/space/cmake/cmake-3.18.4/CMakeFiles/CMakeTmp/src.c: In function ‘main’:
/home/ewjung/space/cmake/cmake-3.18.4/CMakeFiles/CMakeTmp/src.c:7:34: error: ‘struct stat’ has no member named ‘st_mtime_usec’
   (void)sizeof(((struct stat *)0)->st_mtime_usec);
                                  ^
CMakeFiles/cmTC_19576.dir/build.make:84: 'CMakeFiles/cmTC_19576.dir/src.c.o' 타겟에 대한 명령이 실패했습니다
make[1]: *** [CMakeFiles/cmTC_19576.dir/src.c.o] 오류 1
make[1]: 디렉터리 '/media/ewjung/f6813a7e-ee48-4924-8e7d-d3641b6cc72d/ew_space/cmake/cmake-3.18.4/CMakeFiles/CMakeTmp' 나감
Makefile:140: 'cmTC_19576/fast' 타겟에 대한 명령이 실패했습니다
make: *** [cmTC_19576/fast] 오류 2


Source file was:

#include <sys/types.h>
#include <sys/stat.h>

int main()
{
  (void)sizeof(((struct stat *)0)->st_mtime_usec);
  return 0;
}

Performing C SOURCE FILE Test HAVE_STRUCT_STAT_ST_FLAGS failed with the following output:
Change Dir: /home/ewjung/space/cmake/cmake-3.18.4/CMakeFiles/CMakeTmp

Run Build Command(s):/usr/bin/make cmTC_bf754/fast && make  -f CMakeFiles/cmTC_bf754.dir/build.make CMakeFiles/cmTC_bf754.dir/build
make[1]: 디렉터리 '/media/ewjung/f6813a7e-ee48-4924-8e7d-d3641b6cc72d/ew_space/cmake/cmake-3.18.4/CMakeFiles/CMakeTmp' 들어감
Building C object CMakeFiles/cmTC_bf754.dir/src.c.o
/usr/bin/gcc   -w -DHAVE_STRUCT_STAT_ST_FLAGS -std=gnu11 -o CMakeFiles/cmTC_bf754.dir/src.c.o -c /home/ewjung/space/cmake/cmake-3.18.4/CMakeFiles/CMakeTmp/src.c
/home/ewjung/space/cmake/cmake-3.18.4/CMakeFiles/CMakeTmp/src.c: In function ‘main’:
/home/ewjung/space/cmake/cmake-3.18.4/CMakeFiles/CMakeTmp/src.c:7:34: error: ‘struct stat’ has no member named ‘st_flags’
   (void)sizeof(((struct stat *)0)->st_flags);
                                  ^
CMakeFiles/cmTC_bf754.dir/build.make:84: 'CMakeFiles/cmTC_bf754.dir/src.c.o' 타겟에 대한 명령이 실패했습니다
make[1]: *** [CMakeFiles/cmTC_bf754.dir/src.c.o] 오류 1
make[1]: 디렉터리 '/media/ewjung/f6813a7e-ee48-4924-8e7d-d3641b6cc72d/ew_space/cmake/cmake-3.18.4/CMakeFiles/CMakeTmp' 나감
Makefile:140: 'cmTC_bf754/fast' 타겟에 대한 명령이 실패했습니다
make: *** [cmTC_bf754/fast] 오류 2


Source file was:

#include <sys/types.h>
#include <sys/stat.h>

int main()
{
  (void)sizeof(((struct stat *)0)->st_flags);
  return 0;
}

Performing C SOURCE FILE Test HAVE_STRUCT_STATVFS_F_IOSIZE failed with the following output:
Change Dir: /home/ewjung/space/cmake/cmake-3.18.4/CMakeFiles/CMakeTmp

Run Build Command(s):/usr/bin/make cmTC_67639/fast && make  -f CMakeFiles/cmTC_67639.dir/build.make CMakeFiles/cmTC_67639.dir/build
make[1]: 디렉터리 '/media/ewjung/f6813a7e-ee48-4924-8e7d-d3641b6cc72d/ew_space/cmake/cmake-3.18.4/CMakeFiles/CMakeTmp' 들어감
Building C object CMakeFiles/cmTC_67639.dir/src.c.o
/usr/bin/gcc   -w -DHAVE_STRUCT_STATVFS_F_IOSIZE -std=gnu11 -o CMakeFiles/cmTC_67639.dir/src.c.o -c /home/ewjung/space/cmake/cmake-3.18.4/CMakeFiles/CMakeTmp/src.c
/home/ewjung/space/cmake/cmake-3.18.4/CMakeFiles/CMakeTmp/src.c: In function ‘main’:
/home/ewjung/space/cmake/cmake-3.18.4/CMakeFiles/CMakeTmp/src.c:7:37: error: ‘struct statvfs’ has no member named ‘f_iosize’
   (void)sizeof(((struct statvfs *)0)->f_iosize);
                                     ^
CMakeFiles/cmTC_67639.dir/build.make:84: 'CMakeFiles/cmTC_67639.dir/src.c.o' 타겟에 대한 명령이 실패했습니다
make[1]: *** [CMakeFiles/cmTC_67639.dir/src.c.o] 오류 1
make[1]: 디렉터리 '/media/ewjung/f6813a7e-ee48-4924-8e7d-d3641b6cc72d/ew_space/cmake/cmake-3.18.4/CMakeFiles/CMakeTmp' 나감
Makefile:140: 'cmTC_67639/fast' 타겟에 대한 명령이 실패했습니다
make: *** [cmTC_67639/fast] 오류 2


Source file was:

#include <sys/types.h>
#include <sys/statvfs.h>

int main()
{
  (void)sizeof(((struct statvfs *)0)->f_iosize);
  return 0;
}

Looking for a Fortran compiler failed with the following output:
-- The Fortran compiler identification is unknown
CMake Error at CMakeLists.txt:2 (project):
  No CMAKE_Fortran_COMPILER could be found.

  Tell CMake where to find the compiler by setting either the environment
  variable "FC" or the CMake cache entry CMAKE_Fortran_COMPILER to the full
  path to the compiler, or to the compiler name if it is in the PATH.


-- Configuring incomplete, errors occurred!
See also "/media/ewjung/f6813a7e-ee48-4924-8e7d-d3641b6cc72d/ew_space/cmake/cmake-3.18.4/Tests/CMakeFiles/CheckFortran/CMakeFiles/CMakeOutput.log".
See also "/media/ewjung/f6813a7e-ee48-4924-8e7d-d3641b6cc72d/ew_space/cmake/cmake-3.18.4/Tests/CMakeFiles/CheckFortran/CMakeFiles/CMakeError.log".

